#
# A fatal error has been detected by the Java Runtime Environment:
#
#  Internal Error (jvmciRuntime.cpp:1609), pid=5725, tid=5739
#  fatal error: Fatal exception in JVMCI: Error calling jdk.vm.ci.services.Services.serializeSavedProperties
#
# JRE version: OpenJDK Runtime Environment GraalVM CE 22.3.0 (17.0.5+8) (build 17.0.5+8-jvmci-22.3-b08)
# Java VM: OpenJDK 64-Bit Server VM GraalVM CE 22.3.0 (17.0.5+8-jvmci-22.3-b08, mixed mode, sharing, tiered, jvmci, jvmci compiler, compressed oops, compressed class ptrs, parallel gc, linux-amd64)
# Problematic frame:
# V  [libjvm.so+0x972714]  JVMCIRuntime::fatal_exception(JVMCIEnv*, char const*)+0x74
#
# Core dump will be written. Default location: Core dumps may be processed with "/usr/share/apport/apport -p%p -s%s -c%c -d%d -P%P -u%u -g%g -- %E" (or dumping to /home/runner/javaEstudando/core.5725)
#
# If you would like to submit a bug report, please visit:
#   https://github.com/oracle/graal/issues
#

---------------  S U M M A R Y ------------

Command Line: -XX:ThreadPriorityPolicy=1 -XX:+UnlockExperimentalVMOptions -XX:+EnableJVMCIProduct -XX:JVMCIThreadsPerNativeLibraryRuntime=1 -XX:-UnlockExperimentalVMOptions -Declipse.application=org.eclipse.jdt.ls.core.id1 -Dosgi.bundles.defaultStartLevel=4 -Declipse.product=org.eclipse.jdt.ls.core.product -Dlog.level=ALL -Xverify:none -XX:+UseParallelGC -XX:GCTimeRatio=4 -XX:AdaptiveSizePolicyWeight=90 -Dsun.zip.disableMemoryMapping=true -Xmx512m -Xms100m /nix/store/m6gcpi1ii6rghy04cjwjddcavv7i90df-jdt-language-server-1.9.0/share/java/plugins/org.eclipse.equinox.launcher_1.6.400.v20210924-0641.jar --add-modules=ALL-SYSTEM --add-opens java.base/java.util=ALL-UNNAMED --add-opens java.base/java.lang=ALL-UNNAMED -configuration /home/runner/.cache/jdt-language-server/config -data /home/runner/.cache/jdt-language-server/data/home/runner/javaEstudando

Host: AMD EPYC 7B12, 8 cores, 1G, Ubuntu 20.04.2 LTS
Time: Sat May 13 19:43:20 2023 UTC elapsed time: 1310.160035 seconds (0d 0h 21m 50s)

---------------  T H R E A D  ---------------

Current thread (0x00007eff040b2210):  JavaThread "JVMCI-native CompilerThread0" daemon [_thread_in_vm, id=5739, stack(0x00007eff08448000,0x00007eff08648000)]


Current CompileTask:
JVMCI-native:1310160 6925       4       java.util.AbstractCollection::isEmpty (13 bytes)

Stack: [0x00007eff08448000,0x00007eff08648000],  sp=0x00007eff08646380,  free space=2040k
Native frames: (J=compiled Java code, j=interpreted, Vv=VM code, C=native code)
V  [libjvm.so+0x972714]  JVMCIRuntime::fatal_exception(JVMCIEnv*, char const*)+0x74
V  [libjvm.so+0x93e2fe]  JVMCIEnv::copy_saved_properties()+0x14e
V  [libjvm.so+0x9732a9]  JVMCIRuntime::initialize(JVMCIEnv*)+0xb19
V  [libjvm.so+0x9738a2]  JVMCIRuntime::get_HotSpotJVMCIRuntime(JVMCIEnv*)+0x12
V  [libjvm.so+0x9749f2]  JVMCIRuntime::compile_method(JVMCIEnv*, JVMCICompiler*, methodHandle const&, int)+0xd2
V  [libjvm.so+0x5b0d20]  CompileBroker::invoke_compiler_on_method(CompileTask*)+0x1470
V  [libjvm.so+0x5b12e8]  CompileBroker::compiler_thread_loop()+0x528
V  [libjvm.so+0xd82460]  JavaThread::thread_main_inner()+0xd0
V  [libjvm.so+0xd85a40]  Thread::call_run()+0xc0
V  [libjvm.so+0xbdb1e1]  thread_native_entry(Thread*)+0xe1

Register to memory mapping:

RAX=0x00007eff0b556000 points into unknown readable memory: 0x0000000000000058 | 58 00 00 00 00 00 00 00
RBX=0x00007eff0c651398: <offset 0x0000000000ef5398> in /nix/store/gpxl5qgg8kicmcvivwmybwjlpf7wh20l-graalvm17-ce-22.3.0/lib/server/libjvm.so at 0x00007eff0b75c000
RCX=0x00007eff0c6091e8: <offset 0x0000000000ead1e8> in /nix/store/gpxl5qgg8kicmcvivwmybwjlpf7wh20l-graalvm17-ce-22.3.0/lib/server/libjvm.so at 0x00007eff0b75c000
RDX=0x0000000000000649 is an unknown value
RSP=0x00007eff08646380 is pointing into the stack for thread: 0x00007eff040b2210
RBP=0x00007eff086463a0 is pointing into the stack for thread: 0x00007eff040b2210
RSI=0x00007eff0c651c48: <offset 0x0000000000ef5c48> in /nix/store/gpxl5qgg8kicmcvivwmybwjlpf7wh20l-graalvm17-ce-22.3.0/lib/server/libjvm.so at 0x00007eff0b75c000
RDI=0x00000000e0000000 is an oop: [Ljava.util.HashMap$Node; 
{0x00000000e0000000} - klass: 'java/util/HashMap$Node'[]
 - length: 2
R8 =0x00007eff0c651398: <offset 0x0000000000ef5398> in /nix/store/gpxl5qgg8kicmcvivwmybwjlpf7wh20l-graalvm17-ce-22.3.0/lib/server/libjvm.so at 0x00007eff0b75c000
R9 =0x0000000000000003 is an unknown value
R10=0x00007eff0c9a2da0: <offset 0x0000000001246da0> in /nix/store/gpxl5qgg8kicmcvivwmybwjlpf7wh20l-graalvm17-ce-22.3.0/lib/server/libjvm.so at 0x00007eff0b75c000
R11=0x000000080044f048 is pointing into metadata
R12=0x0 is NULL
R13=0x00007eff040b2210 is a thread
R14=0x00007eff04000b80 points into unknown readable memory: 0x00007eff0c882a38 | 38 2a 88 0c ff 7e 00 00
R15=0x00007eff0c990e40: <offset 0x0000000001234e40> in /nix/store/gpxl5qgg8kicmcvivwmybwjlpf7wh20l-graalvm17-ce-22.3.0/lib/server/libjvm.so at 0x00007eff0b75c000


Registers:
RAX=0x00007eff0b556000, RBX=0x00007eff0c651398, RCX=0x00007eff0c6091e8, RDX=0x0000000000000649
RSP=0x00007eff08646380, RBP=0x00007eff086463a0, RSI=0x00007eff0c651c48, RDI=0x00000000e0000000
R8 =0x00007eff0c651398, R9 =0x0000000000000003, R10=0x00007eff0c9a2da0, R11=0x000000080044f048
R12=0x0000000000000000, R13=0x00007eff040b2210, R14=0x00007eff04000b80, R15=0x00007eff0c990e40
RIP=0x00007eff0c0ce714, EFLAGS=0x0000000000010206, CSGSFS=0x002b000000000033, ERR=0x0000000000000006
  TRAPNO=0x000000000000000e

Top of Stack: (sp=0x00007eff08646380)
0x00007eff08646380:   00007eff08646940 00007eff040b2210
0x00007eff08646390:   00007eff09ee78c8 0000000800c415a8
0x00007eff086463a0:   00007eff08646500 00007eff0c09a2fe
0x00007eff086463b0:   00007eff086463e0 00007eff08646440 

Instructions: (pc=0x00007eff0c0ce714)
0x00007eff0c0ce614:   30 e8 f6 cf e8 ff 4c 89 e7 e8 2e 48 d1 ff 84 db
0x00007eff0c0ce624:   75 2a 4d 85 ed 74 04 4d 8b 6d 00 48 83 c4 08 44
0x00007eff0c0ce634:   89 f9 4c 89 f2 4c 89 ee 5b 4c 89 e7 41 5c 41 5d
0x00007eff0c0ce644:   41 5e 41 5f 5d e9 e2 47 d1 ff 66 90 48 83 c4 08
0x00007eff0c0ce654:   5b 41 5c 41 5d 41 5e 41 5f 5d c3 90 31 d2 be 08
0x00007eff0c0ce664:   00 00 00 4c 89 ff e8 b1 78 a3 ff 49 89 c5 e9 37
0x00007eff0c0ce674:   ff ff ff 66 0f 1f 84 00 00 00 00 00 48 8b 7a 08
0x00007eff0c0ce684:   e9 6d ff ff ff 0f 1f 80 00 00 00 00 e8 5b 48 0a
0x00007eff0c0ce694:   00 84 c0 75 89 e9 6a ff ff ff 66 90 55 48 89 e5
0x00007eff0c0ce6a4:   41 56 41 55 41 54 49 89 fc 53 48 89 f3 66 48 8d
0x00007eff0c0ce6b4:   3d 27 5e 85 00 66 66 48 e8 df 43 8d ff 4c 8b 28
0x00007eff0c0ce6c4:   8b 05 be 72 8a 00 85 c0 75 14 ba 01 00 00 00 48
0x00007eff0c0ce6d4:   8d 0d ae 72 8a 00 f0 0f b1 11 85 c0 74 4e be c8
0x00007eff0c0ce6e4:   00 00 00 4c 89 ef e8 01 0b 41 00 48 8d 05 12 ac
0x00007eff0c0ce6f4:   85 00 49 89 d8 48 8d 0d e8 aa 53 00 ba 49 06 00
0x00007eff0c0ce704:   00 48 8d 35 3c 35 58 00 bf 00 00 00 e0 48 8b 00
0x00007eff0c0ce714:   c6 00 58 31 c0 e8 e2 91 c6 ff 5b 41 5c 41 5d 41
0x00007eff0c0ce724:   5e 5d e9 55 34 26 00 0f 1f 44 00 00 48 8d 05 81
0x00007eff0c0ce734:   a3 8b 00 48 89 df 4c 8b 30 e8 9e 43 8d ff 48 89
0x00007eff0c0ce744:   de 48 89 c2 49 8b 06 4c 89 f7 ff 50 08 4c 89 f7
0x00007eff0c0ce754:   e8 a7 5c 27 00 4d 85 e4 74 12 be 01 00 00 00 4c
0x00007eff0c0ce764:   89 e7 e8 35 43 fc ff eb 82 0f 1f 00 be 01 00 00
0x00007eff0c0ce774:   00 4c 89 ef e8 d3 fd ff ff e9 6d ff ff ff 66 66
0x00007eff0c0ce784:   2e 0f 1f 84 00 00 00 00 00 0f 1f 00 55 48 89 e5
0x00007eff0c0ce794:   41 57 41 56 41 55 41 54 53 48 81 ec 08 02 00 00
0x00007eff0c0ce7a4:   64 48 8b 04 25 28 00 00 00 48 89 45 c8 8b 07 83
0x00007eff0c0ce7b4:   f8 02 0f 84 11 04 00 00 4c 8b 6f 18 49 89 ff 49
0x00007eff0c0ce7c4:   89 f4 4d 85 ed 74 14 4c 89 ef e8 5d 57 22 00 41
0x00007eff0c0ce7d4:   8b 07 83 f8 02 0f 84 19 04 00 00 48 8d 1d 9a 06
0x00007eff0c0ce7e4:   8a 00 4c 8d 35 0b 3c 58 00 eb 38 90 48 85 d2 7f
0x00007eff0c0ce7f4:   0d 48 8d 05 b4 c0 85 00 48 83 38 00 7e 0e 41 8b
0x00007eff0c0ce804:   77 2c 4c 89 f7 31 c0 e8 a0 b2 f7 ff 49 8b 7f 18 


Stack slot to memory mapping:
stack at sp + 0 slots: 0x00007eff08646940 is pointing into the stack for thread: 0x00007eff040b2210
stack at sp + 1 slots: 0x00007eff040b2210 is a thread
stack at sp + 2 slots: 0x00007eff09ee78c8 points into unknown readable memory: 0x6573001880c9ffff | ff ff c9 80 18 00 73 65
stack at sp + 3 slots: 0x0000000800c415a8 is a pointer to class: 
jdk.vm.ci.services.Services {0x0000000800c415a8}
 - instance size:     2
 - klass size:        65
 - access:            public final synchronized 
 - state:             fully_initialized
 - name:              'jdk/vm/ci/services/Services'
 - super:             'java/lang/Object'
 - sub:               
 - arrays:            NULL
 - methods:           Array<T>(0x00007eff0903ee90)
 - method ordering:   Array<T>(0x0000000800928960)
 - default_methods:   Array<T>(0x0000000000000000)
 - local interfaces:  Array<T>(0x00000008005ce810)
 - trans. interfaces: Array<T>(0x00000008005ce810)
 - constants:         constant pool [427] {0x00007eff0903dbb8} for 'jdk/vm/ci/services/Services' cache=0x00007eff090402b0
 - class loader data:  loader data: 0x00007eff040283f0 of 'bootstrap'
 - source file:       'Services.java'
 - class annotations:       Array<T>(0x0000000000000000)
 - class type annotations:  Array<T>(0x0000000000000000)
 - field annotations:       Array<T>(0x0000000000000000)
 - field type annotations:  Array<T>(0x0000000000000000)
 - inner classes:     Array<T>(0x00007eff09040280)
 - nest members:     Array<T>(0x00007eff090402a0)
 - permitted subclasses:     Array<T>(0x00000008005ce7a0)
 - java mirror:       a 'java/lang/Class'{0x00000000e02ad750} = 'jdk/vm/ci/services/Services'
 - vtable length      5  (start addr: 0x0000000800c41778)
 - itable length      2 (start addr: 0x0000000800c417a0)
 - ---- static fields (3 words):
 - public static final 'IS_BUILDING_NATIVE_IMAGE' 'Z' @128 
 - public static final 'IS_IN_NATIVE_IMAGE' 'Z' @129 
 - private static volatile 'savedProperties' 'Ljava/util/Map;' @112 
 - static final 'JVMCI_ENABLED' 'Z' @130 
 - private static final 'servicesCache' 'Ljava/util/Map;' @116 
 - private static final 'MAX_UNICODE_IN_UTF8_LENGTH' 'I' @120 
 - private static final 'MAX_UTF8_PROPERTY_STRING_LENGTH' 'I' @124 
 - ---- non-static fields (0 words):
 - non-static oop maps: 
stack at sp + 4 slots: 0x00007eff08646500 is pointing into the stack for thread: 0x00007eff040b2210
stack at sp + 5 slots: 0x00007eff0c09a2fe: <offset 0x000000000093e2fe> in /nix/store/gpxl5qgg8kicmcvivwmybwjlpf7wh20l-graalvm17-ce-22.3.0/lib/server/libjvm.so at 0x00007eff0b75c000
stack at sp + 6 slots: 0x00007eff086463e0 is pointing into the stack for thread: 0x00007eff040b2210
stack at sp + 7 slots: 0x00007eff08646440 is pointing into the stack for thread: 0x00007eff040b2210


---------------  P R O C E S S  ---------------

Threads class SMR info:
_java_thread_list=0x00007efe8c13d3f0, length=23, elements={
0x00007eff04026690, 0x00007eff040a64d0, 0x00007eff040a7910, 0x00007eff040ae080,
0x00007eff040af430, 0x00007eff040b0820, 0x00007eff040b2210, 0x00007eff040b3720,
0x00007eff040b4b70, 0x00007eff040e7b00, 0x00007eff0412fbf0, 0x00007eff043344c0,
0x00007eff0437c4e0, 0x00007eff0437f230, 0x00007efe9c02bde0, 0x00007efe9c405750,
0x00007efe9c487000, 0x00007efe8c000ff0, 0x00007efe9c625580, 0x00007efe9c64ede0,
0x00007eff0435d070, 0x00007eff04409f90, 0x00007efe88008360
}

Java Threads: ( => current thread )
  0x00007eff04026690 JavaThread "main" [_thread_blocked, id=5731, stack(0x00007eff0b577000,0x00007eff0b677000)]
  0x00007eff040a64d0 JavaThread "Reference Handler" daemon [_thread_blocked, id=5734, stack(0x00007eff08d2e000,0x00007eff08e2e000)]
  0x00007eff040a7910 JavaThread "Finalizer" daemon [_thread_blocked, id=5735, stack(0x00007eff08c2e000,0x00007eff08d2e000)]
  0x00007eff040ae080 JavaThread "Signal Dispatcher" daemon [_thread_blocked, id=5736, stack(0x00007eff08848000,0x00007eff08948000)]
  0x00007eff040af430 JavaThread "Service Thread" daemon [_thread_blocked, id=5737, stack(0x00007eff08748000,0x00007eff08848000)]
  0x00007eff040b0820 JavaThread "Monitor Deflation Thread" daemon [_thread_blocked, id=5738, stack(0x00007eff08648000,0x00007eff08748000)]
=>0x00007eff040b2210 JavaThread "JVMCI-native CompilerThread0" daemon [_thread_in_vm, id=5739, stack(0x00007eff08448000,0x00007eff08648000)]
  0x00007eff040b3720 JavaThread "C1 CompilerThread0" daemon [_thread_blocked, id=5740, stack(0x00007eff08248000,0x00007eff08448000)]
  0x00007eff040b4b70 JavaThread "Sweeper thread" daemon [_thread_blocked, id=5741, stack(0x00007eff08148000,0x00007eff08248000)]
  0x00007eff040e7b00 JavaThread "Common-Cleaner" daemon [_thread_blocked, id=5742, stack(0x00007eff08048000,0x00007eff08148000)]
  0x00007eff0412fbf0 JavaThread "Notification Thread" daemon [_thread_blocked, id=5743, stack(0x00007efeeb3b3000,0x00007efeeb4b3000)]
  0x00007eff043344c0 JavaThread "Active Thread: Equinox Container: 030cb999-46dd-4a4f-8736-207aec54bf2d" [_thread_blocked, id=5756, stack(0x00007efeeb1b1000,0x00007efeeb2b1000)]
  0x00007eff0437c4e0 JavaThread "Framework Event Dispatcher: Equinox Container: 030cb999-46dd-4a4f-8736-207aec54bf2d" daemon [_thread_blocked, id=5765, stack(0x00007efee8d00000,0x00007efee8e00000)]
  0x00007eff0437f230 JavaThread "Start Level: Equinox Container: 030cb999-46dd-4a4f-8736-207aec54bf2d" daemon [_thread_blocked, id=5766, stack(0x00007efee8b00000,0x00007efee8c00000)]
  0x00007efe9c02bde0 JavaThread "SCR Component Actor" daemon [_thread_blocked, id=5767, stack(0x00007efee8900000,0x00007efee8a00000)]
  0x00007efe9c405750 JavaThread "Worker-JM" [_thread_blocked, id=5776, stack(0x00007efee8500000,0x00007efee8600000)]
  0x00007efe9c487000 JavaThread "Worker-0: Java indexing... " [_thread_blocked, id=5782, stack(0x00007efee8300000,0x00007efee8400000)]
  0x00007efe8c000ff0 JavaThread "Worker-2: Compacting resource model" [_thread_blocked, id=5791, stack(0x00007efeb2d00000,0x00007efeb2e00000)]
  0x00007efe9c625580 JavaThread "Java indexing" daemon [_thread_blocked, id=5796, stack(0x00007efeb2b00000,0x00007efeb2c00000)]
  0x00007efe9c64ede0 JavaThread "Bundle File Closer" daemon [_thread_blocked, id=5797, stack(0x00007efeb2900000,0x00007efeb2a00000)]
  0x00007eff0435d070 JavaThread "pool-3-thread-1" [_thread_blocked, id=5806, stack(0x00007efeb2700000,0x00007efeb2800000)]
  0x00007eff04409f90 JavaThread "pool-2-thread-1" [_thread_in_native, id=5807, stack(0x00007efeb2500000,0x00007efeb2600000)]
  0x00007efe88008360 JavaThread "Worker-3: Periodic workspace save." [_thread_blocked, id=5811, stack(0x00007efee8700000,0x00007efee8800000)]

Other Threads:
  0x00007eff040a1c10 VMThread "VM Thread" [stack: 0x00007eff08e30000,0x00007eff08f30000] [id=5733] _threads_hazard_ptr=0x00007efe8c13d3f0
  0x00007eff04131590 WatcherThread [stack: 0x00007efeeb2b3000,0x00007efeeb3b3000] [id=5744]
  0x00007eff0403df30 GCTaskThread "GC Thread#0" [stack: 0x00007eff0b13a000,0x00007eff0b23a000] [id=5732]

Threads with active compile tasks:
JVMCI-native CompilerThread0  1310305 6925       4       java.util.AbstractCollection::isEmpty (13 bytes)

VM state: synchronizing (normal execution)

VM Mutex/Monitor currently owned by a thread:  ([mutex/lock_event])
[0x00007eff04023840] Threads_lock - owner thread: 0x00007eff040a1c10
[0x00007eff04023ff0] Heap_lock - owner thread: 0x00007efe9c487000

OutOfMemory and StackOverflow Exception counts:
OutOfMemoryError java_heap_errors=1
LinkageErrors=53

Heap address: 0x00000000e0000000, size: 512 MB, Compressed Oops mode: 32-bit

CDS archive(s) mapped at: [0x0000000800000000-0x0000000800bc8000-0x0000000800bc8000), size 12353536, SharedBaseAddress: 0x0000000800000000, ArchiveRelocationMode: 0.
Compressed class space mapped at: 0x0000000800c00000-0x0000000840c00000, reserved size: 1073741824
Narrow klass base: 0x0000000800000000, Narrow klass shift: 0, Narrow klass range: 0x100000000

GC Precious Log:
 CPUs: 8 total, 1 available
 Memory: 1024M
 Large Page Support: Disabled
 NUMA Support: Disabled
 Compressed Oops: Enabled (32-bit)
 Alignments: Space 512K, Generation 512K, Heap 2M
 Heap Min Capacity: 100M
 Heap Initial Capacity: 100M
 Heap Max Capacity: 512M
 Pre-touch: Disabled
 Parallel Workers: 1

Heap:
 PSYoungGen      total 46080K, used 33280K [0x00000000f5580000, 0x00000000f9000000, 0x0000000100000000)
  eden space 33280K, 100% used [0x00000000f5580000,0x00000000f7600000,0x00000000f7600000)
  from space 12800K, 0% used [0x00000000f7a00000,0x00000000f7a00000,0x00000000f8680000)
  to   space 7168K, 0% used [0x00000000f8900000,0x00000000f8900000,0x00000000f9000000)
 ParOldGen       total 349696K, used 349695K [0x00000000e0000000, 0x00000000f5580000, 0x00000000f5580000)
  object space 349696K, 99% used [0x00000000e0000000,0x00000000f557fff8,0x00000000f5580000)
 Metaspace       used 50364K, committed 51456K, reserved 1097728K
  class space    used 5010K, committed 5440K, reserved 1048576K

Card table byte_map: [0x00007eff0b23a000,0x00007eff0b33b000] _byte_map_base: 0x00007eff0ab3a000

Marking Bits: (ParMarkBitMap*) 0x00007eff0c98a4c0
 Begin Bits: [0x00007eff0a08d000, 0x00007eff0a88d000)
 End Bits:   [0x00007eff0a88d000, 0x00007eff0b08d000)

Polling page: 0x00007eff0b554000

Metaspace:

Usage:
  Non-class:     44.29 MB used.
      Class:      4.89 MB used.
       Both:     49.18 MB used.

Virtual space:
  Non-class space:       48.00 MB reserved,      44.94 MB ( 94%) committed,  6 nodes.
      Class space:        1.00 GB reserved,       5.31 MB ( <1%) committed,  1 nodes.
             Both:        1.05 GB reserved,      50.25 MB (  5%) committed. 

Chunk freelists:
   Non-Class:  2.36 MB
       Class:  2.77 MB
        Both:  5.13 MB

MaxMetaspaceSize: unlimited
CompressedClassSpaceSize: 1.00 GB
Initial GC threshold: 21.00 MB
Current GC threshold: 83.56 MB
CDS: on
MetaspaceReclaimPolicy: balanced
 - commit_granule_bytes: 65536.
 - commit_granule_words: 8192.
 - virtual_space_node_default_size: 1048576.
 - enlarge_chunks_in_place: 1.
 - new_chunks_are_fully_committed: 0.
 - uncommit_free_chunks: 1.
 - use_allocation_guard: 0.
 - handle_deallocations: 1.


Internal statistics:

num_allocs_failed_limit: 6.
num_arena_births: 438.
num_arena_deaths: 132.
num_vsnodes_births: 7.
num_vsnodes_deaths: 0.
num_space_committed: 803.
num_space_uncommitted: 0.
num_chunks_returned_to_freelist: 184.
num_chunks_taken_from_freelist: 2604.
num_chunk_merges: 79.
num_chunk_splits: 1647.
num_chunks_enlarged: 989.
num_purges: 14.
num_inconsistent_stats: 0.

CodeHeap 'non-profiled nmethods': size=120036Kb used=2470Kb max_used=2470Kb free=117565Kb
 bounds [0x00007efef2f7a000, 0x00007efef31ea000, 0x00007efefa4b3000]
CodeHeap 'profiled nmethods': size=120032Kb used=12297Kb max_used=12379Kb free=107734Kb
 bounds [0x00007efeeba42000, 0x00007efeec732000, 0x00007efef2f7a000]
CodeHeap 'non-nmethods': size=5692Kb used=1345Kb max_used=1362Kb free=4347Kb
 bounds [0x00007efeeb4b3000, 0x00007efeeb723000, 0x00007efeeba42000]
 total_blobs=6282 nmethods=5607 adapters=578
 compilation: enabled
              stopped_count=0, restarted_count=0
 full_count=0

JVMCI Events (20 events):
Event: 921.043 Thread 0x00007eff040b2210 destroyed JavaVM[5]@0x00007efeb1f9e340 for JVMCI runtime 0
Event: 921.043 Thread 0x00007eff040b2210 compacted oop handles in JVMCI runtime 0 from 42 to 42
Event: 921.043 Thread 0x00007eff040b2210 releasing handles for JVMCI runtime 0: oop handles=42, metadata handles={total=86, live=75, blocks=44}
Event: 921.043 Thread 0x00007eff040b2210 detached from JVMCI runtime 0
Event: 937.752 Thread 0x00007eff040b2210 attached to JVMCI runtime 0
Event: 937.754 Thread 0x00007eff040b2210 created JavaVM[6]@0x00007efeb1f9e340 for JVMCI runtime 0
Event: 937.754 Thread 0x00007eff040b2210 initializing JVMCI runtime 0
Event: 937.754 Thread 0x00007eff040b2210 done waiting for JavaVM references initialization in JVMCI runtime 0
Event: 991.029 Thread 0x00007eff040b2210 initialized JVMCI runtime 0
Event: 1016.724 Thread 0x00007eff040b2210 detaching from JVMCI runtime 0: releasing idle compiler thread (0 other threads still attached)
Event: 1016.724 Thread 0x00007eff040b2210 shutting down HotSpotJVMCIRuntime for JVMCI runtime 0
Event: 1016.724 Thread 0x00007eff040b2210 shut down JVMCI runtime 0
Event: 1016.727 Thread 0x00007eff040b2210 destroyed JavaVM[6]@0x00007efeb1f9e340 for JVMCI runtime 0
Event: 1016.727 Thread 0x00007eff040b2210 compacted oop handles in JVMCI runtime 0 from 48 to 48
Event: 1016.727 Thread 0x00007eff040b2210 releasing handles for JVMCI runtime 0: oop handles=48, metadata handles={total=96, live=89, blocks=44}
Event: 1016.727 Thread 0x00007eff040b2210 detached from JVMCI runtime 0
Event: 1289.529 Thread 0x00007eff040b2210 attached to JVMCI runtime 0
Event: 1289.531 Thread 0x00007eff040b2210 created JavaVM[7]@0x00007efeb1f9e340 for JVMCI runtime 0
Event: 1291.012 Thread 0x00007eff040b2210 initializing JVMCI runtime 0
Event: 1291.012 Thread 0x00007eff040b2210 done waiting for JavaVM references initialization in JVMCI runtime 0

Compilation events (20 events):
Event: 1031.528 Thread 0x00007eff040b3720 nmethod 6910 0x00007efeec3c7910 code [0x00007efeec3c7ae0, 0x00007efeec3c7f80]
Event: 1079.455 Thread 0x00007eff040b3720 6912       1       org.eclipse.jdt.internal.compiler.util.HashtableOfObjectToInt::size (5 bytes)
Event: 1081.109 Thread 0x00007eff040b3720 nmethod 6912 0x00007efef31e2e90 code [0x00007efef31e3020, 0x00007efef31e30f0]
Event: 1092.944 Thread 0x00007eff040b3720 6913       3       java.text.MessageFormat::subformat (542 bytes)
Event: 1094.621 Thread 0x00007eff040b3720 nmethod 6913 0x00007efeec1b7910 code [0x00007efeec1b7f60, 0x00007efeec1bddc0]
Event: 1135.263 Thread 0x00007eff040b3720 6914       3       org.eclipse.jdt.internal.compiler.util.HashtableOfObjectToInt::get (59 bytes)
Event: 1135.264 Thread 0x00007eff040b3720 nmethod 6914 0x00007efeec255190 code [0x00007efeec255380, 0x00007efeec255af0]
Event: 1141.542 Thread 0x00007eff040b3720 6915       3       org.eclipse.jdt.internal.core.JavaModelManager$VariablesAndContainersSaveHelper::saveInt (9 bytes)
Event: 1141.542 Thread 0x00007eff040b3720 nmethod 6915 0x00007efeec170110 code [0x00007efeec1702c0, 0x00007efeec170400]
Event: 1168.738 Thread 0x00007eff040b3720 6917       3       java.util.LinkedList::get (14 bytes)
Event: 1168.738 Thread 0x00007eff040b3720 nmethod 6917 0x00007efeec3def90 code [0x00007efeec3df180, 0x00007efeec3df580]
Event: 1190.427 Thread 0x00007eff040b3720 6918       3       java.util.concurrent.ThreadPoolExecutor::workerCountOf (5 bytes)
Event: 1190.428 Thread 0x00007eff040b3720 nmethod 6918 0x00007efeebb2bf10 code [0x00007efeebb2c0a0, 0x00007efeebb2c190]
Event: 1227.915 Thread 0x00007eff040b3720 6919       1       java.util.concurrent.ThreadPoolExecutor::getQueue (5 bytes)
Event: 1230.127 Thread 0x00007eff040b3720 nmethod 6919 0x00007efef31e3490 code [0x00007efef31e3620, 0x00007efef31e36f0]
Event: 1236.453 Thread 0x00007eff040b3720 6920   !   3       java.lang.invoke.InnerClassLambdaMetafactory::generateInnerClass (618 bytes)
Event: 1252.740 Thread 0x00007eff040b3720 nmethod 6920 0x00007efeebadd910 code [0x00007efeebadde00, 0x00007efeebae1500]
Event: 1252.740 Thread 0x00007eff040b3720 6923       3       java.lang.invoke.InnerClassLambdaMetafactory::getReturnOpcode (20 bytes)
Event: 1252.740 Thread 0x00007eff040b3720 nmethod 6923 0x00007efeebeea190 code [0x00007efeebeea340, 0x00007efeebeea4c0]
Event: 1289.529 Thread 0x00007eff040b2210 6925       4       java.util.AbstractCollection::isEmpty (13 bytes)

GC Heap History (20 events):
Event: 1296.348 GC heap before
{Heap before GC invocations=827 (full 730):
 PSYoungGen      total 46080K, used 33280K [0x00000000f5580000, 0x00000000f9000000, 0x0000000100000000)
  eden space 33280K, 100% used [0x00000000f5580000,0x00000000f7600000,0x00000000f7600000)
  from space 12800K, 0% used [0x00000000f7a00000,0x00000000f7a00000,0x00000000f8680000)
  to   space 7168K, 0% used [0x00000000f8900000,0x00000000f8900000,0x00000000f9000000)
 ParOldGen       total 349696K, used 349687K [0x00000000e0000000, 0x00000000f5580000, 0x00000000f5580000)
  object space 349696K, 99% used [0x00000000e0000000,0x00000000f557dcf8,0x00000000f5580000)
 Metaspace       used 50363K, committed 51456K, reserved 1097728K
  class space    used 5010K, committed 5440K, reserved 1048576K
}
Event: 1297.638 GC heap after
{Heap after GC invocations=827 (full 730):
 PSYoungGen      total 40448K, used 33279K [0x00000000f5580000, 0x00000000f9000000, 0x0000000100000000)
  eden space 33280K, 99% used [0x00000000f5580000,0x00000000f75ffff0,0x00000000f7600000)
  from space 7168K, 0% used [0x00000000f8900000,0x00000000f8900000,0x00000000f9000000)
  to   space 12800K, 0% used [0x00000000f7a00000,0x00000000f7a00000,0x00000000f8680000)
 ParOldGen       total 349696K, used 349687K [0x00000000e0000000, 0x00000000f5580000, 0x00000000f5580000)
  object space 349696K, 99% used [0x00000000e0000000,0x00000000f557dcf8,0x00000000f5580000)
 Metaspace       used 50363K, committed 51456K, reserved 1097728K
  class space    used 5010K, committed 5440K, reserved 1048576K
}
Event: 1297.639 GC heap before
{Heap before GC invocations=828 (full 731):
 PSYoungGen      total 40448K, used 33280K [0x00000000f5580000, 0x00000000f9000000, 0x0000000100000000)
  eden space 33280K, 100% used [0x00000000f5580000,0x00000000f7600000,0x00000000f7600000)
  from space 7168K, 0% used [0x00000000f8900000,0x00000000f8900000,0x00000000f9000000)
  to   space 12800K, 0% used [0x00000000f7a00000,0x00000000f7a00000,0x00000000f8680000)
 ParOldGen       total 349696K, used 349689K [0x00000000e0000000, 0x00000000f5580000, 0x00000000f5580000)
  object space 349696K, 99% used [0x00000000e0000000,0x00000000f557e678,0x00000000f5580000)
 Metaspace       used 50364K, committed 51456K, reserved 1097728K
  class space    used 5010K, committed 5440K, reserved 1048576K
}
Event: 1298.740 GC heap after
{Heap after GC invocations=828 (full 731):
 PSYoungGen      total 46080K, used 33279K [0x00000000f5580000, 0x00000000f9000000, 0x0000000100000000)
  eden space 33280K, 99% used [0x00000000f5580000,0x00000000f75ffee0,0x00000000f7600000)
  from space 12800K, 0% used [0x00000000f7a00000,0x00000000f7a00000,0x00000000f8680000)
  to   space 7168K, 0% used [0x00000000f8900000,0x00000000f8900000,0x00000000f9000000)
 ParOldGen       total 349696K, used 349688K [0x00000000e0000000, 0x00000000f5580000, 0x00000000f5580000)
  object space 349696K, 99% used [0x00000000e0000000,0x00000000f557e2a8,0x00000000f5580000)
 Metaspace       used 50364K, committed 51456K, reserved 1097728K
  class space    used 5010K, committed 5440K, reserved 1048576K
}
Event: 1298.741 GC heap before
{Heap before GC invocations=829 (full 732):
 PSYoungGen      total 46080K, used 33279K [0x00000000f5580000, 0x00000000f9000000, 0x0000000100000000)
  eden space 33280K, 99% used [0x00000000f5580000,0x00000000f75ffff0,0x00000000f7600000)
  from space 12800K, 0% used [0x00000000f7a00000,0x00000000f7a00000,0x00000000f8680000)
  to   space 7168K, 0% used [0x00000000f8900000,0x00000000f8900000,0x00000000f9000000)
 ParOldGen       total 349696K, used 349688K [0x00000000e0000000, 0x00000000f5580000, 0x00000000f5580000)
  object space 349696K, 99% used [0x00000000e0000000,0x00000000f557e2a8,0x00000000f5580000)
 Metaspace       used 50364K, committed 51456K, reserved 1097728K
  class space    used 5010K, committed 5440K, reserved 1048576K
}
Event: 1300.109 GC heap after
{Heap after GC invocations=829 (full 732):
 PSYoungGen      total 40448K, used 33279K [0x00000000f5580000, 0x00000000f9000000, 0x0000000100000000)
  eden space 33280K, 99% used [0x00000000f5580000,0x00000000f75fff60,0x00000000f7600000)
  from space 7168K, 0% used [0x00000000f8900000,0x00000000f8900000,0x00000000f9000000)
  to   space 12800K, 0% used [0x00000000f7a00000,0x00000000f7a00000,0x00000000f8680000)
 ParOldGen       total 349696K, used 349688K [0x00000000e0000000, 0x00000000f5580000, 0x00000000f5580000)
  object space 349696K, 99% used [0x00000000e0000000,0x00000000f557e288,0x00000000f5580000)
 Metaspace       used 50364K, committed 51456K, reserved 1097728K
  class space    used 5010K, committed 5440K, reserved 1048576K
}
Event: 1300.109 GC heap before
{Heap before GC invocations=830 (full 733):
 PSYoungGen      total 40448K, used 33280K [0x00000000f5580000, 0x00000000f9000000, 0x0000000100000000)
  eden space 33280K, 100% used [0x00000000f5580000,0x00000000f7600000,0x00000000f7600000)
  from space 7168K, 0% used [0x00000000f8900000,0x00000000f8900000,0x00000000f9000000)
  to   space 12800K, 0% used [0x00000000f7a00000,0x00000000f7a00000,0x00000000f8680000)
 ParOldGen       total 349696K, used 349688K [0x00000000e0000000, 0x00000000f5580000, 0x00000000f5580000)
  object space 349696K, 99% used [0x00000000e0000000,0x00000000f557e288,0x00000000f5580000)
 Metaspace       used 50364K, committed 51456K, reserved 1097728K
  class space    used 5010K, committed 5440K, reserved 1048576K
}
Event: 1301.344 GC heap after
{Heap after GC invocations=830 (full 733):
 PSYoungGen      total 46080K, used 33279K [0x00000000f5580000, 0x00000000f9000000, 0x0000000100000000)
  eden space 33280K, 99% used [0x00000000f5580000,0x00000000f75fffb0,0x00000000f7600000)
  from space 12800K, 0% used [0x00000000f7a00000,0x00000000f7a00000,0x00000000f8680000)
  to   space 7168K, 0% used [0x00000000f8900000,0x00000000f8900000,0x00000000f9000000)
 ParOldGen       total 349696K, used 349688K [0x00000000e0000000, 0x00000000f5580000, 0x00000000f5580000)
  object space 349696K, 99% used [0x00000000e0000000,0x00000000f557e288,0x00000000f5580000)
 Metaspace       used 50364K, committed 51456K, reserved 1097728K
  class space    used 5010K, committed 5440K, reserved 1048576K
}
Event: 1301.344 GC heap before
{Heap before GC invocations=831 (full 734):
 PSYoungGen      total 46080K, used 33280K [0x00000000f5580000, 0x00000000f9000000, 0x0000000100000000)
  eden space 33280K, 100% used [0x00000000f5580000,0x00000000f7600000,0x00000000f7600000)
  from space 12800K, 0% used [0x00000000f7a00000,0x00000000f7a00000,0x00000000f8680000)
  to   space 7168K, 0% used [0x00000000f8900000,0x00000000f8900000,0x00000000f9000000)
 ParOldGen       total 349696K, used 349693K [0x00000000e0000000, 0x00000000f5580000, 0x00000000f5580000)
  object space 349696K, 99% used [0x00000000e0000000,0x00000000f557f6a8,0x00000000f5580000)
 Metaspace       used 50364K, committed 51456K, reserved 1097728K
  class space    used 5010K, committed 5440K, reserved 1048576K
}
Event: 1302.926 GC heap after
{Heap after GC invocations=831 (full 734):
 PSYoungGen      total 40448K, used 33279K [0x00000000f5580000, 0x00000000f9000000, 0x0000000100000000)
  eden space 33280K, 99% used [0x00000000f5580000,0x00000000f75ffef8,0x00000000f7600000)
  from space 7168K, 0% used [0x00000000f8900000,0x00000000f8900000,0x00000000f9000000)
  to   space 12800K, 0% used [0x00000000f7a00000,0x00000000f7a00000,0x00000000f8680000)
 ParOldGen       total 349696K, used 349691K [0x00000000e0000000, 0x00000000f5580000, 0x00000000f5580000)
  object space 349696K, 99% used [0x00000000e0000000,0x00000000f557ed60,0x00000000f5580000)
 Metaspace       used 50364K, committed 51456K, reserved 1097728K
  class space    used 5010K, committed 5440K, reserved 1048576K
}
Event: 1302.927 GC heap before
{Heap before GC invocations=832 (full 735):
 PSYoungGen      total 40448K, used 33280K [0x00000000f5580000, 0x00000000f9000000, 0x0000000100000000)
  eden space 33280K, 100% used [0x00000000f5580000,0x00000000f7600000,0x00000000f7600000)
  from space 7168K, 0% used [0x00000000f8900000,0x00000000f8900000,0x00000000f9000000)
  to   space 12800K, 0% used [0x00000000f7a00000,0x00000000f7a00000,0x00000000f8680000)
 ParOldGen       total 349696K, used 349694K [0x00000000e0000000, 0x00000000f5580000, 0x00000000f5580000)
  object space 349696K, 99% used [0x00000000e0000000,0x00000000f557f950,0x00000000f5580000)
 Metaspace       used 50364K, committed 51456K, reserved 1097728K
  class space    used 5010K, committed 5440K, reserved 1048576K
}
Event: 1304.420 GC heap after
{Heap after GC invocations=832 (full 735):
 PSYoungGen      total 46080K, used 33279K [0x00000000f5580000, 0x00000000f9000000, 0x0000000100000000)
  eden space 33280K, 99% used [0x00000000f5580000,0x00000000f75fffc8,0x00000000f7600000)
  from space 12800K, 0% used [0x00000000f7a00000,0x00000000f7a00000,0x00000000f8680000)
  to   space 7168K, 0% used [0x00000000f8900000,0x00000000f8900000,0x00000000f9000000)
 ParOldGen       total 349696K, used 349694K [0x00000000e0000000, 0x00000000f5580000, 0x00000000f5580000)
  object space 349696K, 99% used [0x00000000e0000000,0x00000000f557f908,0x00000000f5580000)
 Metaspace       used 50364K, committed 51456K, reserved 1097728K
  class space    used 5010K, committed 5440K, reserved 1048576K
}
Event: 1304.421 GC heap before
{Heap before GC invocations=833 (full 736):
 PSYoungGen      total 46080K, used 33279K [0x00000000f5580000, 0x00000000f9000000, 0x0000000100000000)
  eden space 33280K, 99% used [0x00000000f5580000,0x00000000f75ffff8,0x00000000f7600000)
  from space 12800K, 0% used [0x00000000f7a00000,0x00000000f7a00000,0x00000000f8680000)
  to   space 7168K, 0% used [0x00000000f8900000,0x00000000f8900000,0x00000000f9000000)
 ParOldGen       total 349696K, used 349695K [0x00000000e0000000, 0x00000000f5580000, 0x00000000f5580000)
  object space 349696K, 99% used [0x00000000e0000000,0x00000000f557ff90,0x00000000f5580000)
 Metaspace       used 50364K, committed 51456K, reserved 1097728K
  class space    used 5010K, committed 5440K, reserved 1048576K
}
Event: 1305.852 GC heap after
{Heap after GC invocations=833 (full 736):
 PSYoungGen      total 40448K, used 33279K [0x00000000f5580000, 0x00000000f9000000, 0x0000000100000000)
  eden space 33280K, 99% used [0x00000000f5580000,0x00000000f75fffc8,0x00000000f7600000)
  from space 7168K, 0% used [0x00000000f8900000,0x00000000f8900000,0x00000000f9000000)
  to   space 12800K, 0% used [0x00000000f7a00000,0x00000000f7a00000,0x00000000f8680000)
 ParOldGen       total 349696K, used 349695K [0x00000000e0000000, 0x00000000f5580000, 0x00000000f5580000)
  object space 349696K, 99% used [0x00000000e0000000,0x00000000f557fcb0,0x00000000f5580000)
 Metaspace       used 50364K, committed 51456K, reserved 1097728K
  class space    used 5010K, committed 5440K, reserved 1048576K
}
Event: 1305.852 GC heap before
{Heap before GC invocations=834 (full 737):
 PSYoungGen      total 40448K, used 33280K [0x00000000f5580000, 0x00000000f9000000, 0x0000000100000000)
  eden space 33280K, 100% used [0x00000000f5580000,0x00000000f7600000,0x00000000f7600000)
  from space 7168K, 0% used [0x00000000f8900000,0x00000000f8900000,0x00000000f9000000)
  to   space 12800K, 0% used [0x00000000f7a00000,0x00000000f7a00000,0x00000000f8680000)
 ParOldGen       total 349696K, used 349696K [0x00000000e0000000, 0x00000000f5580000, 0x00000000f5580000)
  object space 349696K, 100% used [0x00000000e0000000,0x00000000f5580000,0x00000000f5580000)
 Metaspace       used 50364K, committed 51456K, reserved 1097728K
  class space    used 5010K, committed 5440K, reserved 1048576K
}
Event: 1307.341 GC heap after
{Heap after GC invocations=834 (full 737):
 PSYoungGen      total 46080K, used 33279K [0x00000000f5580000, 0x00000000f9000000, 0x0000000100000000)
  eden space 33280K, 99% used [0x00000000f5580000,0x00000000f75fffe0,0x00000000f7600000)
  from space 12800K, 0% used [0x00000000f7a00000,0x00000000f7a00000,0x00000000f8680000)
  to   space 7168K, 0% used [0x00000000f8900000,0x00000000f8900000,0x00000000f9000000)
 ParOldGen       total 349696K, used 349695K [0x00000000e0000000, 0x00000000f5580000, 0x00000000f5580000)
  object space 349696K, 99% used [0x00000000e0000000,0x00000000f557fd20,0x00000000f5580000)
 Metaspace       used 50364K, committed 51456K, reserved 1097728K
  class space    used 5010K, committed 5440K, reserved 1048576K
}
Event: 1307.341 GC heap before
{Heap before GC invocations=835 (full 738):
 PSYoungGen      total 46080K, used 33280K [0x00000000f5580000, 0x00000000f9000000, 0x0000000100000000)
  eden space 33280K, 100% used [0x00000000f5580000,0x00000000f7600000,0x00000000f7600000)
  from space 12800K, 0% used [0x00000000f7a00000,0x00000000f7a00000,0x00000000f8680000)
  to   space 7168K, 0% used [0x00000000f8900000,0x00000000f8900000,0x00000000f9000000)
 ParOldGen       total 349696K, used 349695K [0x00000000e0000000, 0x00000000f5580000, 0x00000000f5580000)
  object space 349696K, 99% used [0x00000000e0000000,0x00000000f557fd20,0x00000000f5580000)
 Metaspace       used 50364K, committed 51456K, reserved 1097728K
  class space    used 5010K, committed 5440K, reserved 1048576K
}
Event: 1308.829 GC heap after
{Heap after GC invocations=835 (full 738):
 PSYoungGen      total 40448K, used 33279K [0x00000000f5580000, 0x00000000f9000000, 0x0000000100000000)
  eden space 33280K, 99% used [0x00000000f5580000,0x00000000f75fffc0,0x00000000f7600000)
  from space 7168K, 0% used [0x00000000f8900000,0x00000000f8900000,0x00000000f9000000)
  to   space 12800K, 0% used [0x00000000f7a00000,0x00000000f7a00000,0x00000000f8680000)
 ParOldGen       total 349696K, used 349695K [0x00000000e0000000, 0x00000000f5580000, 0x00000000f5580000)
  object space 349696K, 99% used [0x00000000e0000000,0x00000000f557fd20,0x00000000f5580000)
 Metaspace       used 50364K, committed 51456K, reserved 1097728K
  class space    used 5010K, committed 5440K, reserved 1048576K
}
Event: 1308.829 GC heap before
{Heap before GC invocations=836 (full 739):
 PSYoungGen      total 40448K, used 33279K [0x00000000f5580000, 0x00000000f9000000, 0x0000000100000000)
  eden space 33280K, 99% used [0x00000000f5580000,0x00000000f75fffc0,0x00000000f7600000)
  from space 7168K, 0% used [0x00000000f8900000,0x00000000f8900000,0x00000000f9000000)
  to   space 12800K, 0% used [0x00000000f7a00000,0x00000000f7a00000,0x00000000f8680000)
 ParOldGen       total 349696K, used 349695K [0x00000000e0000000, 0x00000000f5580000, 0x00000000f5580000)
  object space 349696K, 99% used [0x00000000e0000000,0x00000000f557fd20,0x00000000f5580000)
 Metaspace       used 50364K, committed 51456K, reserved 1097728K
  class space    used 5010K, committed 5440K, reserved 1048576K
}
Event: 1310.152 GC heap after
{Heap after GC invocations=836 (full 739):
 PSYoungGen      total 46080K, used 33279K [0x00000000f5580000, 0x00000000f9000000, 0x0000000100000000)
  eden space 33280K, 99% used [0x00000000f5580000,0x00000000f75fffc0,0x00000000f7600000)
  from space 12800K, 0% used [0x00000000f7a00000,0x00000000f7a00000,0x00000000f8680000)
  to   space 7168K, 0% used [0x00000000f8900000,0x00000000f8900000,0x00000000f9000000)
 ParOldGen       total 349696K, used 349695K [0x00000000e0000000, 0x00000000f5580000, 0x00000000f5580000)
  object space 349696K, 99% used [0x00000000e0000000,0x00000000f557fc28,0x00000000f5580000)
 Metaspace       used 50364K, committed 51456K, reserved 1097728K
  class space    used 5010K, committed 5440K, reserved 1048576K
}

Dll operation events (8 events):
Event: 0.002 Loaded shared library /nix/store/gpxl5qgg8kicmcvivwmybwjlpf7wh20l-graalvm17-ce-22.3.0/lib/libjava.so
Event: 0.007 Loaded shared library /nix/store/gpxl5qgg8kicmcvivwmybwjlpf7wh20l-graalvm17-ce-22.3.0/lib/libjsvml.so
Event: 0.133 Loaded shared library /nix/store/gpxl5qgg8kicmcvivwmybwjlpf7wh20l-graalvm17-ce-22.3.0/lib/libjvmcicompiler.so
Event: 0.135 Loaded shared library /nix/store/gpxl5qgg8kicmcvivwmybwjlpf7wh20l-graalvm17-ce-22.3.0/lib/libnio.so
Event: 0.209 Loaded shared library /nix/store/gpxl5qgg8kicmcvivwmybwjlpf7wh20l-graalvm17-ce-22.3.0/lib/libzip.so
Event: 0.616 Loaded shared library /nix/store/gpxl5qgg8kicmcvivwmybwjlpf7wh20l-graalvm17-ce-22.3.0/lib/libjimage.so
Event: 2.317 Loaded shared library /nix/store/gpxl5qgg8kicmcvivwmybwjlpf7wh20l-graalvm17-ce-22.3.0/lib/libnet.so
Event: 3.615 Loaded shared library /home/runner/.cache/jdt-language-server/config/org.eclipse.equinox.launcher/org.eclipse.equinox.launcher.gtk.linux.x86_64_1.2.400.v20211117-0650/eclipse_11600.so

Deoptimization events (20 events):
Event: 57.308 Thread 0x00007efe9c625580 DEOPT PACKING pc=0x00007efeec190df5 sp=0x00007efeb2bfe530
Event: 57.308 Thread 0x00007efe9c625580 DEOPT UNPACKING pc=0x00007efeeb505325 sp=0x00007efeb2bfda20 mode 0
Event: 57.312 Thread 0x00007efe9c625580 DEOPT PACKING pc=0x00007efeec190df5 sp=0x00007efeb2bfe530
Event: 57.312 Thread 0x00007efe9c625580 DEOPT UNPACKING pc=0x00007efeeb505325 sp=0x00007efeb2bfda20 mode 0
Event: 57.316 Thread 0x00007efe9c625580 DEOPT PACKING pc=0x00007efeec190df5 sp=0x00007efeb2bfe530
Event: 57.316 Thread 0x00007efe9c625580 DEOPT UNPACKING pc=0x00007efeeb505325 sp=0x00007efeb2bfda20 mode 0
Event: 57.318 Thread 0x00007efe9c625580 DEOPT PACKING pc=0x00007efeec190df5 sp=0x00007efeb2bfe530
Event: 57.318 Thread 0x00007efe9c625580 DEOPT UNPACKING pc=0x00007efeeb505325 sp=0x00007efeb2bfda20 mode 0
Event: 57.319 Thread 0x00007efe9c625580 DEOPT PACKING pc=0x00007efeec190df5 sp=0x00007efeb2bfe530
Event: 57.319 Thread 0x00007efe9c625580 DEOPT UNPACKING pc=0x00007efeeb505325 sp=0x00007efeb2bfda20 mode 0
Event: 57.321 Thread 0x00007efe9c625580 DEOPT PACKING pc=0x00007efeec190df5 sp=0x00007efeb2bfe530
Event: 57.321 Thread 0x00007efe9c625580 DEOPT UNPACKING pc=0x00007efeeb505325 sp=0x00007efeb2bfda20 mode 0
Event: 57.322 Thread 0x00007efe9c625580 DEOPT PACKING pc=0x00007efeec190df5 sp=0x00007efeb2bfe530
Event: 57.322 Thread 0x00007efe9c625580 DEOPT UNPACKING pc=0x00007efeeb505325 sp=0x00007efeb2bfda20 mode 0
Event: 57.325 Thread 0x00007efe9c625580 DEOPT PACKING pc=0x00007efeec190df5 sp=0x00007efeb2bfe530
Event: 57.325 Thread 0x00007efe9c625580 DEOPT UNPACKING pc=0x00007efeeb505325 sp=0x00007efeb2bfda20 mode 0
Event: 57.410 Thread 0x00007efe9c625580 DEOPT PACKING pc=0x00007efeec190df5 sp=0x00007efeb2bfe530
Event: 57.411 Thread 0x00007efe9c625580 DEOPT UNPACKING pc=0x00007efeeb505325 sp=0x00007efeb2bfda20 mode 0
Event: 57.413 Thread 0x00007efe9c625580 DEOPT PACKING pc=0x00007efeec190df5 sp=0x00007efeb2bfe530
Event: 57.413 Thread 0x00007efe9c625580 DEOPT UNPACKING pc=0x00007efeeb505325 sp=0x00007efeb2bfda20 mode 0

Classes unloaded (20 events):
Event: 147.955 Thread 0x00007eff040a1c10 Unloading class 0x0000000800cb2800 'java/lang/invoke/LambdaForm$MH+0x0000000800cb2800'
Event: 147.955 Thread 0x00007eff040a1c10 Unloading class 0x0000000800cb2000 'java/lang/invoke/LambdaForm$MH+0x0000000800cb2000'
Event: 147.955 Thread 0x00007eff040a1c10 Unloading class 0x0000000800cb1c00 'java/lang/invoke/LambdaForm$MH+0x0000000800cb1c00'
Event: 147.955 Thread 0x00007eff040a1c10 Unloading class 0x0000000800cb1800 'java/lang/invoke/LambdaForm$MH+0x0000000800cb1800'
Event: 147.955 Thread 0x00007eff040a1c10 Unloading class 0x0000000800cb1000 'java/lang/invoke/LambdaForm$MH+0x0000000800cb1000'
Event: 147.955 Thread 0x00007eff040a1c10 Unloading class 0x0000000800cb0c00 'java/lang/invoke/LambdaForm$MH+0x0000000800cb0c00'
Event: 147.955 Thread 0x00007eff040a1c10 Unloading class 0x0000000800cb0800 'java/lang/invoke/LambdaForm$MH+0x0000000800cb0800'
Event: 148.005 Thread 0x00007eff040a1c10 Unloading class 0x0000000800cb0000 'java/lang/invoke/LambdaForm$MH+0x0000000800cb0000'
Event: 159.021 Thread 0x00007eff040a1c10 Unloading class 0x0000000800ff4400 'jdk/internal/reflect/GeneratedSerializationConstructorAccessor33'
Event: 159.021 Thread 0x00007eff040a1c10 Unloading class 0x0000000800ff4000 'jdk/internal/reflect/GeneratedSerializationConstructorAccessor32'
Event: 159.021 Thread 0x00007eff040a1c10 Unloading class 0x0000000800fef400 'jdk/internal/reflect/GeneratedSerializationConstructorAccessor31'
Event: 159.021 Thread 0x00007eff040a1c10 Unloading class 0x0000000800fef000 'jdk/internal/reflect/GeneratedSerializationConstructorAccessor30'
Event: 162.705 Thread 0x00007eff040a1c10 Unloading class 0x0000000800ff4800 'jdk/internal/reflect/GeneratedConstructorAccessor14'
Event: 164.614 Thread 0x00007eff040a1c10 Unloading class 0x0000000800e05c00 'jdk/internal/reflect/GeneratedMethodAccessor8'
Event: 168.228 Thread 0x00007eff040a1c10 Unloading class 0x00000008010dc400 'jdk/internal/reflect/GeneratedMethodAccessor12'
Event: 168.228 Thread 0x00007eff040a1c10 Unloading class 0x00000008010dc000 'jdk/internal/reflect/GeneratedMethodAccessor11'
Event: 168.228 Thread 0x00007eff040a1c10 Unloading class 0x0000000801094400 'jdk/internal/reflect/GeneratedMethodAccessor10'
Event: 168.228 Thread 0x00007eff040a1c10 Unloading class 0x0000000801094000 'jdk/internal/reflect/GeneratedMethodAccessor9'
Event: 170.718 Thread 0x00007eff040a1c10 Unloading class 0x0000000801134000 'jdk/internal/reflect/GeneratedConstructorAccessor24'
Event: 170.718 Thread 0x00007eff040a1c10 Unloading class 0x0000000800e04c00 'jdk/internal/reflect/GeneratedMethodAccessor7'

Classes redefined (0 events):
No events

Internal exceptions (20 events):
Event: 23.092 Thread 0x00007efe8c000ff0 Exception <a 'java/lang/NoSuchMethodError'{0x00000000f56c4958}: 'java.lang.Object java.lang.invoke.DirectMethodHandle$Holder.invokeSpecial(java.lang.Object, java.lang.Object, java.lang.Object, java.lang.Object, long)'> (0x00000000f56c4958) 
thrown [src/hotspot/share/interpreter/linkResolver.cpp, line 758]
Event: 23.095 Thread 0x00007efe8c000ff0 Exception <a 'java/lang/NoSuchMethodError'{0x00000000f56c8280}: 'java.lang.Object java.lang.invoke.Invokers$Holder.linkToTargetMethod(java.lang.Object, java.lang.Object, long, java.lang.Object)'> (0x00000000f56c8280) 
thrown [src/hotspot/share/interpreter/linkResolver.cpp, line 758]
Event: 23.155 Thread 0x00007efe8c000ff0 Exception <a 'java/lang/NoSuchMethodError'{0x00000000f5769028}: 'java.lang.Object java.lang.invoke.DirectMethodHandle$Holder.newInvokeSpecial(java.lang.Object, java.lang.Object, int, java.lang.Object, java.lang.Object)'> (0x00000000f5769028) 
thrown [src/hotspot/share/interpreter/linkResolver.cpp, line 758]
Event: 23.155 Thread 0x00007efe8c000ff0 Exception <a 'java/lang/NoSuchMethodError'{0x00000000f576d268}: 'java.lang.Object java.lang.invoke.DirectMethodHandle$Holder.invokeSpecial(java.lang.Object, java.lang.Object, java.lang.Object, int, java.lang.Object, java.lang.Object)'> (0x00000000f576d268) 
thrown [src/hotspot/share/interpreter/linkResolver.cpp, line 758]
Event: 23.425 Thread 0x00007efe7016fe30 Implicit null exception at 0x00007efef30dca22 to 0x00007efef30dcdb2
Event: 24.122 Thread 0x00007efe7016fe30 Implicit null exception at 0x00007efef3086069 to 0x00007efef308621b
Event: 24.553 Thread 0x00007efe8c000ff0 Implicit null exception at 0x00007efef30f296e to 0x00007efef30f300b
Event: 24.818 Thread 0x00007efe8c000ff0 Exception <a 'java/lang/NoSuchMethodError'{0x00000000f67dbb00}: 'java.lang.Object java.lang.invoke.DirectMethodHandle$Holder.newInvokeSpecial(java.lang.Object, java.lang.Object, java.lang.Object, java.lang.Object, int)'> (0x00000000f67dbb00) 
thrown [src/hotspot/share/interpreter/linkResolver.cpp, line 758]
Event: 24.823 Thread 0x00007efe8c000ff0 Exception <a 'java/lang/NoSuchMethodError'{0x00000000f67dfe38}: 'java.lang.Object java.lang.invoke.DirectMethodHandle$Holder.invokeSpecial(java.lang.Object, java.lang.Object, java.lang.Object, java.lang.Object, java.lang.Object, int)'> (0x00000000f67dfe38) 
thrown [src/hotspot/share/interpreter/linkResolver.cpp, line 758]
Event: 24.823 Thread 0x00007efe8c000ff0 Exception <a 'java/lang/NoSuchMethodError'{0x00000000f67e3b20}: 'java.lang.Object java.lang.invoke.Invokers$Holder.linkToTargetMethod(java.lang.Object, java.lang.Object, java.lang.Object, int, java.lang.Object)'> (0x00000000f67e3b20) 
thrown [src/hotspot/share/interpreter/linkResolver.cpp, line 758]
Event: 24.923 Thread 0x00007efe8c000ff0 Implicit null exception at 0x00007efef3023f54 to 0x00007efef3023f74
Event: 25.640 Thread 0x00007efe8c000ff0 Exception <a 'java/io/FileNotFoundException'{0x00000000f5a568b8}> (0x00000000f5a568b8) 
thrown [src/hotspot/share/prims/jni.cpp, line 516]
Event: 25.641 Thread 0x00007efe8c000ff0 Exception <a 'java/io/FileNotFoundException'{0x00000000f5a57b18}> (0x00000000f5a57b18) 
thrown [src/hotspot/share/prims/jni.cpp, line 516]
Event: 26.517 Thread 0x00007efe7016fe30 Exception <a 'java/io/FileNotFoundException'{0x00000000f623fc90}> (0x00000000f623fc90) 
thrown [src/hotspot/share/prims/jni.cpp, line 516]
Event: 27.732 Thread 0x00007efe7016fe30 Exception <a 'java/lang/NoSuchMethodError'{0x00000000f56341f0}: 'java.lang.Object java.lang.invoke.DirectMethodHandle$Holder.newInvokeSpecial(java.lang.Object, java.lang.Object, int, java.lang.Object, java.lang.Object, java.lang.Object, java.lang.Object)'> (0x00000000f56341f0) 
thrown [src/hotspot/share/interpreter/linkResolver.cpp, line 758]
Event: 28.119 Thread 0x00007efe7016fe30 Exception <a 'java/lang/NoSuchMethodError'{0x00000000f5aa0548}: 'void java.lang.invoke.DirectMethodHandle$Holder.invokeSpecial(java.lang.Object, java.lang.Object, int)'> (0x00000000f5aa0548) 
thrown [src/hotspot/share/interpreter/linkResolver.cpp, line 758]
Event: 28.923 Thread 0x00007efe7016fe30 Exception <a 'java/lang/NoSuchMethodError'{0x00000000f6524558}: 'int java.lang.invoke.DirectMethodHandle$Holder.invokeSpecial(java.lang.Object, java.lang.Object, java.lang.Object)'> (0x00000000f6524558) 
thrown [src/hotspot/share/interpreter/linkResolver.cpp, line 758]
Event: 29.418 Thread 0x00007efe9c625580 Implicit null exception at 0x00007efef2fff230 to 0x00007efef2fff2d7
Event: 30.016 Thread 0x00007efe7016fe30 Exception <a 'java/lang/NoSuchMethodError'{0x00000000f699b698}: 'int java.lang.invoke.DirectMethodHandle$Holder.invokeSpecialIFC(java.lang.Object, java.lang.Object, java.lang.Object, java.lang.Object)'> (0x00000000f699b698) 
thrown [src/hotspot/share/interpreter/linkResolver.cpp, line 758]
Event: 1310.152 Thread 0x00007eff040b2210 Exception <a 'java/lang/OutOfMemoryError'{0x00000000e00d0bb8}> (0x00000000e00d0bb8) 
thrown [src/hotspot/share/gc/shared/memAllocator.cpp, line 136]

VM Operations (20 events):
Event: 1296.348 Executing VM operation: ParallelGCFailedAllocation done
Event: 1296.348 Executing VM operation: ParallelGCFailedAllocation
Event: 1297.638 Executing VM operation: ParallelGCFailedAllocation done
Event: 1297.638 Executing VM operation: ParallelGCFailedAllocation
Event: 1298.740 Executing VM operation: ParallelGCFailedAllocation done
Event: 1298.741 Executing VM operation: ParallelGCFailedAllocation
Event: 1300.109 Executing VM operation: ParallelGCFailedAllocation done
Event: 1300.109 Executing VM operation: ParallelGCFailedAllocation
Event: 1301.344 Executing VM operation: ParallelGCFailedAllocation done
Event: 1301.344 Executing VM operation: ParallelGCFailedAllocation
Event: 1302.927 Executing VM operation: ParallelGCFailedAllocation done
Event: 1302.927 Executing VM operation: ParallelGCFailedAllocation
Event: 1304.420 Executing VM operation: ParallelGCFailedAllocation done
Event: 1304.420 Executing VM operation: ParallelGCFailedAllocation
Event: 1305.852 Executing VM operation: ParallelGCFailedAllocation done
Event: 1305.852 Executing VM operation: ParallelGCFailedAllocation
Event: 1307.341 Executing VM operation: ParallelGCFailedAllocation done
Event: 1307.341 Executing VM operation: ParallelGCFailedAllocation
Event: 1310.152 Executing VM operation: ParallelGCFailedAllocation done
Event: 1310.153 Executing VM operation: ParallelGCFailedAllocation

Events (20 events):
Event: 28.662 Thread 0x00007eff040b4b70 flushing nmethod 0x00007efeec622d90
Event: 28.662 Thread 0x00007eff040b4b70 flushing nmethod 0x00007efeec623290
Event: 28.662 Thread 0x00007eff040b4b70 flushing nmethod 0x00007efeec624110
Event: 28.662 Thread 0x00007eff040b4b70 flushing nmethod 0x00007efeec625110
Event: 28.662 Thread 0x00007eff040b4b70 flushing nmethod 0x00007efeec626710
Event: 28.662 Thread 0x00007eff040b4b70 flushing nmethod 0x00007efeec62b510
Event: 28.662 Thread 0x00007eff040b4b70 flushing nmethod 0x00007efeec638390
Event: 28.662 Thread 0x00007eff040b4b70 flushing nmethod 0x00007efeec63c490
Event: 28.662 Thread 0x00007eff040b4b70 flushing nmethod 0x00007efeec650f10
Event: 28.845 loading class java/util/AbstractList$SubList
Event: 28.845 loading class java/util/AbstractList$SubList done
Event: 30.112 Thread 0x00007efe7016fe30 Thread exited: 0x00007efe7016fe30
Event: 44.524 Thread 0x00007eff040b4b70 flushing nmethod 0x00007efeec624990
Event: 44.524 Thread 0x00007eff040b4b70 flushing nmethod 0x00007efeec631890
Event: 61.907 Thread 0x00007eff0425fc60 Thread exited: 0x00007eff0425fc60
Event: 90.942 Thread 0x00007efe880010d0 Thread exited: 0x00007efe880010d0
Event: 1259.646 loading class java/util/concurrent/ForkJoinTask$AdaptedCallable
Event: 1267.733 loading class java/util/concurrent/ForkJoinTask$AdaptedCallable done
Event: 1288.120 loading class java/util/concurrent/ForkJoinPool$DefaultForkJoinWorkerThreadFactory$1
Event: 1289.529 loading class java/util/concurrent/ForkJoinPool$DefaultForkJoinWorkerThreadFactory$1 done


Dynamic libraries:
e0000000-f5580000 rw-p 00000000 00:00 0 
f5580000-f9000000 rw-p 00000000 00:00 0 
f9000000-100000000 ---p 00000000 00:00 0 
800000000-800449000 rw-p 00001000 00:1251 4611686019135357769            /nix/store/gpxl5qgg8kicmcvivwmybwjlpf7wh20l-graalvm17-ce-22.3.0/lib/server/classes.jsa
800449000-800bc8000 r--p 0044a000 00:1251 4611686019135357769            /nix/store/gpxl5qgg8kicmcvivwmybwjlpf7wh20l-graalvm17-ce-22.3.0/lib/server/classes.jsa
800bc8000-800c00000 ---p 00000000 00:00 0 
800c00000-800c20000 rw-p 00000000 00:00 0 
800c20000-800c40000 rw-p 00000000 00:00 0 
800c40000-800cc0000 rw-p 00000000 00:00 0 
800cc0000-800d00000 rw-p 00000000 00:00 0 
800d00000-800dc0000 rw-p 00000000 00:00 0 
800dc0000-800e00000 rw-p 00000000 00:00 0 
800e00000-801150000 rw-p 00000000 00:00 0 
801150000-840c00000 ---p 00000000 00:00 0 
562e8ce9f000-562e8cea0000 r-xp 00000000 00:1251 4611686019099417844      /nix/store/gpxl5qgg8kicmcvivwmybwjlpf7wh20l-graalvm17-ce-22.3.0/bin/.java-wrapped
562e8cea1000-562e8cea2000 r--p 00001000 00:1251 4611686019099417844      /nix/store/gpxl5qgg8kicmcvivwmybwjlpf7wh20l-graalvm17-ce-22.3.0/bin/.java-wrapped
562e8cea2000-562e8cea3000 rw-p 00002000 00:1251 4611686019099417844      /nix/store/gpxl5qgg8kicmcvivwmybwjlpf7wh20l-graalvm17-ce-22.3.0/bin/.java-wrapped
562e8cea3000-562e8cea4000 rw-p 00004000 00:1251 4611686019099417844      /nix/store/gpxl5qgg8kicmcvivwmybwjlpf7wh20l-graalvm17-ce-22.3.0/bin/.java-wrapped
562e8cea4000-562e8cea5000 rw-p 00005000 00:1251 4611686019099417844      /nix/store/gpxl5qgg8kicmcvivwmybwjlpf7wh20l-graalvm17-ce-22.3.0/bin/.java-wrapped
562e8dc92000-562e8dcda000 rw-p 00000000 00:00 0                          [heap]
7efe664b3000-7efe70000000 r--s 00000000 00:1251 4611686019135192581      /nix/store/gpxl5qgg8kicmcvivwmybwjlpf7wh20l-graalvm17-ce-22.3.0/lib/modules
7efe70000000-7efe70185000 rw-p 00000000 00:00 0 
7efe70185000-7efe74000000 ---p 00000000 00:00 0 
7efe74000000-7efe742fb000 rw-p 00000000 00:00 0 
7efe742fb000-7efe78000000 ---p 00000000 00:00 0 
7efe78000000-7efe78021000 rw-p 00000000 00:00 0 
7efe78021000-7efe7c000000 ---p 00000000 00:00 0 
7efe7c000000-7efe7c021000 rw-p 00000000 00:00 0 
7efe7c021000-7efe80000000 ---p 00000000 00:00 0 
7efe80000000-7efe80134000 rw-p 00000000 00:00 0 
7efe80134000-7efe84000000 ---p 00000000 00:00 0 
7efe84000000-7efe84033000 rw-p 00000000 00:00 0 
7efe84033000-7efe88000000 ---p 00000000 00:00 0 
7efe88000000-7efe88248000 rw-p 00000000 00:00 0 
7efe88248000-7efe8c000000 ---p 00000000 00:00 0 
7efe8c000000-7efe8c307000 rw-p 00000000 00:00 0 
7efe8c307000-7efe90000000 ---p 00000000 00:00 0 
7efe90000000-7efe90021000 rw-p 00000000 00:00 0 
7efe90021000-7efe94000000 ---p 00000000 00:00 0 
7efe94000000-7efe9405e000 rw-p 00000000 00:00 0 
7efe9405e000-7efe98000000 ---p 00000000 00:00 0 
7efe98400000-7efe98820000 rw-p 00000000 00:00 0 
7efe98820000-7efe98900000 ---p 00000000 00:00 0 
7efe98900000-7efe989d0000 rw-p 00000000 00:00 0 
7efe989d0000-7efe98c00000 ---p 00000000 00:00 0 
7efe98c00000-7efe98ec0000 rw-p 00000000 00:00 0 
7efe98ec0000-7efe99000000 rw-p 00000000 00:00 0 
7efe99000000-7efe99400000 rw-p 00000000 00:00 0 
7efe99c00000-7efe99d00000 rw-p 00000000 00:00 0 
7efe99d00000-7efe99e00000 rw-p 00000000 00:00 0 
7efe99e00000-7efe9a400000 rw-p 00000000 00:00 0 
7efe9a800000-7efe9a900000 rw-p 00000000 00:00 0 
7efe9a900000-7efe9aa00000 rw-p 00000000 00:00 0 
7efe9aa00000-7efe9ae00000 rw-p 00000000 00:00 0 
7efe9ae00000-7efe9b000000 rw-p 00000000 00:00 0 
7efe9b800000-7efe9b900000 rw-p 00000000 00:00 0 
7efe9b900000-7efe9ba00000 rw-p 00000000 00:00 0 
7efe9ba00000-7efe9bf60000 rw-p 00000000 00:00 0 
7efe9bf60000-7efe9bf80000 rw-p 00000000 00:00 0 
7efe9bf80000-7efe9c000000 rw-p 00000000 00:00 0 
7efe9c000000-7efe9c8d7000 rw-p 00000000 00:00 0 
7efe9c8d7000-7efea0000000 ---p 00000000 00:00 0 
7efea0000000-7efea0021000 rw-p 00000000 00:00 0 
7efea0021000-7efea4000000 ---p 00000000 00:00 0 
7efea4000000-7efea4021000 rw-p 00000000 00:00 0 
7efea4021000-7efea8000000 ---p 00000000 00:00 0 
7efea8000000-7efea8021000 rw-p 00000000 00:00 0 
7efea8021000-7efeac000000 ---p 00000000 00:00 0 
7efeac000000-7efeac021000 rw-p 00000000 00:00 0 
7efeac021000-7efeb0000000 ---p 00000000 00:00 0 
7efeb0200000-7efeb0210000 r-xp 00000000 00:124c 356                      /home/runner/.cache/jdt-language-server/config/org.eclipse.equinox.launcher/org.eclipse.equinox.launcher.gtk.linux.x86_64_1.2.400.v20211117-0650/eclipse_11600.so
7efeb0210000-7efeb040f000 ---p 00010000 00:124c 356                      /home/runner/.cache/jdt-language-server/config/org.eclipse.equinox.launcher/org.eclipse.equinox.launcher.gtk.linux.x86_64_1.2.400.v20211117-0650/eclipse_11600.so
7efeb040f000-7efeb0410000 r--p 0000f000 00:124c 356                      /home/runner/.cache/jdt-language-server/config/org.eclipse.equinox.launcher/org.eclipse.equinox.launcher.gtk.linux.x86_64_1.2.400.v20211117-0650/eclipse_11600.so
7efeb0410000-7efeb0411000 rw-p 00010000 00:124c 356                      /home/runner/.cache/jdt-language-server/config/org.eclipse.equinox.launcher/org.eclipse.equinox.launcher.gtk.linux.x86_64_1.2.400.v20211117-0650/eclipse_11600.so
7efeb1300000-7efeb1400000 ---p 00000000 00:00 0 
7efeb1400000-7efeb19af000 r--p 01122000 00:1251 4611686019135190040      /nix/store/gpxl5qgg8kicmcvivwmybwjlpf7wh20l-graalvm17-ce-22.3.0/lib/libjvmcicompiler.so
7efeb19af000-7efeb1b00000 r--p 00000000 00:00 0 
7efeb1b00000-7efeb1b3d000 rw-p 00000000 00:00 0 
7efeb1b3d000-7efeb205d000 rw-p 0185f000 00:1251 4611686019135190040      /nix/store/gpxl5qgg8kicmcvivwmybwjlpf7wh20l-graalvm17-ce-22.3.0/lib/libjvmcicompiler.so
7efeb205d000-7efeb2444000 r--p 01d7f000 00:1251 4611686019135190040      /nix/store/gpxl5qgg8kicmcvivwmybwjlpf7wh20l-graalvm17-ce-22.3.0/lib/libjvmcicompiler.so
7efeb2500000-7efeb2504000 ---p 00000000 00:00 0 
7efeb2504000-7efeb2600000 rw-p 00000000 00:00 0 
7efeb2700000-7efeb2704000 ---p 00000000 00:00 0 
7efeb2704000-7efeb2800000 rw-p 00000000 00:00 0 
7efeb2900000-7efeb2904000 ---p 00000000 00:00 0 
7efeb2904000-7efeb2a00000 rw-p 00000000 00:00 0 
7efeb2b00000-7efeb2b04000 ---p 00000000 00:00 0 
7efeb2b04000-7efeb2c00000 rw-p 00000000 00:00 0 
7efeb2d00000-7efeb2d04000 ---p 00000000 00:00 0 
7efeb2d04000-7efeb2e00000 rw-p 00000000 00:00 0 
7efeb3a68000-7efeb3f00000 rw-p 00000000 00:00 0 
7efeb4000000-7efeb4021000 rw-p 00000000 00:00 0 
7efeb4021000-7efeb8000000 ---p 00000000 00:00 0 
7efeb8000000-7efeb8021000 rw-p 00000000 00:00 0 
7efeb8021000-7efebc000000 ---p 00000000 00:00 0 
7efebc000000-7efebc091000 rw-p 00000000 00:00 0 
7efebc091000-7efec0000000 ---p 00000000 00:00 0 
7efec0000000-7efec0021000 rw-p 00000000 00:00 0 
7efec0021000-7efec4000000 ---p 00000000 00:00 0 
7efec4000000-7efec40d3000 rw-p 00000000 00:00 0 
7efec40d3000-7efec8000000 ---p 00000000 00:00 0 
7efec8000000-7efec8940000 rw-p 00000000 00:00 0 
7efec8940000-7efecc000000 ---p 00000000 00:00 0 
7efecc000000-7efecc021000 rw-p 00000000 00:00 0 
7efecc021000-7efed0000000 ---p 00000000 00:00 0 
7efed0000000-7efed0021000 rw-p 00000000 00:00 0 
7efed0021000-7efed4000000 ---p 00000000 00:00 0 
7efed4000000-7efed4021000 rw-p 00000000 00:00 0 
7efed4021000-7efed8000000 ---p 00000000 00:00 0 
7efed8000000-7efed8021000 rw-p 00000000 00:00 0 
7efed8021000-7efedc000000 ---p 00000000 00:00 0 
7efedc000000-7efedc021000 rw-p 00000000 00:00 0 
7efedc021000-7efee0000000 ---p 00000000 00:00 0 
7efee0000000-7efee0021000 rw-p 00000000 00:00 0 
7efee0021000-7efee4000000 ---p 00000000 00:00 0 
7efee4000000-7efee4051000 rw-p 00000000 00:00 0 
7efee4051000-7efee8000000 ---p 00000000 00:00 0 
7efee8100000-7efee8104000 ---p 00000000 00:00 0 
7efee8104000-7efee8200000 rw-p 00000000 00:00 0 
7efee8300000-7efee8304000 ---p 00000000 00:00 0 
7efee8304000-7efee8400000 rw-p 00000000 00:00 0 
7efee8500000-7efee8504000 ---p 00000000 00:00 0 
7efee8504000-7efee8600000 rw-p 00000000 00:00 0 
7efee8700000-7efee8704000 ---p 00000000 00:00 0 
7efee8704000-7efee8800000 rw-p 00000000 00:00 0 
7efee8800000-7efee8804000 ---p 00000000 00:00 0 
7efee8804000-7efee8900000 rw-p 00000000 00:00 0 
7efee8900000-7efee8904000 ---p 00000000 00:00 0 
7efee8904000-7efee8a00000 rw-p 00000000 00:00 0 
7efee8b00000-7efee8b04000 ---p 00000000 00:00 0 
7efee8b04000-7efee8c00000 rw-p 00000000 00:00 0 
7efee8d00000-7efee8d04000 ---p 00000000 00:00 0 
7efee8d04000-7efee8e00000 rw-p 00000000 00:00 0 
7efee8e00000-7efeeaf6a000 r-xp 00000000 00:1251 4611686019135190040      /nix/store/gpxl5qgg8kicmcvivwmybwjlpf7wh20l-graalvm17-ce-22.3.0/lib/libjvmcicompiler.so
7efeeaf6a000-7efeeb169000 ---p 0216a000 00:1251 4611686019135190040      /nix/store/gpxl5qgg8kicmcvivwmybwjlpf7wh20l-graalvm17-ce-22.3.0/lib/libjvmcicompiler.so
7efeeb169000-7efeeb16a000 r--p 02169000 00:1251 4611686019135190040      /nix/store/gpxl5qgg8kicmcvivwmybwjlpf7wh20l-graalvm17-ce-22.3.0/lib/libjvmcicompiler.so
7efeeb16a000-7efeeb16c000 rw-p 0216a000 00:1251 4611686019135190040      /nix/store/gpxl5qgg8kicmcvivwmybwjlpf7wh20l-graalvm17-ce-22.3.0/lib/libjvmcicompiler.so
7efeeb16c000-7efeeb16d000 rw-p 00000000 00:00 0 
7efeeb16d000-7efeeb172000 rw-p 023c3000 00:1251 4611686019135190040      /nix/store/gpxl5qgg8kicmcvivwmybwjlpf7wh20l-graalvm17-ce-22.3.0/lib/libjvmcicompiler.so
7efeeb1b1000-7efeeb1b5000 ---p 00000000 00:00 0 
7efeeb1b5000-7efeeb2b1000 rw-p 00000000 00:00 0 
7efeeb2b1000-7efeeb2b2000 ---p 00000000 00:00 0 
7efeeb2b2000-7efeeb3b3000 rw-p 00000000 00:00 0 
7efeeb3b3000-7efeeb3b7000 ---p 00000000 00:00 0 
7efeeb3b7000-7efeeb4b3000 rw-p 00000000 00:00 0 
7efeeb4b3000-7efeeb723000 rwxp 00000000 00:00 0 
7efeeb723000-7efeeba42000 ---p 00000000 00:00 0 
7efeeba42000-7efeec732000 rwxp 00000000 00:00 0 
7efeec732000-7efef2f7a000 ---p 00000000 00:00 0 
7efef2f7a000-7efef31ea000 rwxp 00000000 00:00 0 
7efef31ea000-7efefa4b3000 ---p 00000000 00:00 0 
7efefa4b3000-7eff04000000 r--s 00000000 00:1251 4611686019135192581      /nix/store/gpxl5qgg8kicmcvivwmybwjlpf7wh20l-graalvm17-ce-22.3.0/lib/modules
7eff04000000-7eff0440f000 rw-p 00000000 00:00 0 
7eff0440f000-7eff08000000 ---p 00000000 00:00 0 
7eff08026000-7eff0802a000 ---p 00000000 00:00 0 
7eff0802a000-7eff08048000 rw-p 00000000 00:00 0 
7eff08048000-7eff0804c000 ---p 00000000 00:00 0 
7eff0804c000-7eff08148000 rw-p 00000000 00:00 0 
7eff08148000-7eff0814c000 ---p 00000000 00:00 0 
7eff0814c000-7eff08248000 rw-p 00000000 00:00 0 
7eff08248000-7eff0824c000 ---p 00000000 00:00 0 
7eff0824c000-7eff08448000 rw-p 00000000 00:00 0 
7eff08448000-7eff0844c000 ---p 00000000 00:00 0 
7eff0844c000-7eff08648000 rw-p 00000000 00:00 0 
7eff08648000-7eff0864c000 ---p 00000000 00:00 0 
7eff0864c000-7eff08748000 rw-p 00000000 00:00 0 
7eff08748000-7eff0874c000 ---p 00000000 00:00 0 
7eff0874c000-7eff08848000 rw-p 00000000 00:00 0 
7eff08848000-7eff0884c000 ---p 00000000 00:00 0 
7eff0884c000-7eff08948000 rw-p 00000000 00:00 0 
7eff08948000-7eff08c2e000 r--p 00000000 00:f6a 28444448                  /usr/lib/locale/locale-archive
7eff08c2e000-7eff08c32000 ---p 00000000 00:00 0 
7eff08c32000-7eff08d2e000 rw-p 00000000 00:00 0 
7eff08d2e000-7eff08d32000 ---p 00000000 00:00 0 
7eff08d32000-7eff08e2e000 rw-p 00000000 00:00 0 
7eff08e2e000-7eff08e2f000 ---p 00000000 00:00 0 
7eff08e2f000-7eff08f30000 rw-p 00000000 00:00 0 
7eff08f30000-7eff08ffe000 r-xp 00000000 00:1251 4611686019135190036      /nix/store/gpxl5qgg8kicmcvivwmybwjlpf7wh20l-graalvm17-ce-22.3.0/lib/libjsvml.so
7eff08ffe000-7eff08fff000 r--p 000cd000 00:1251 4611686019135190036      /nix/store/gpxl5qgg8kicmcvivwmybwjlpf7wh20l-graalvm17-ce-22.3.0/lib/libjsvml.so
7eff08fff000-7eff09000000 rw-p 000ce000 00:1251 4611686019135190036      /nix/store/gpxl5qgg8kicmcvivwmybwjlpf7wh20l-graalvm17-ce-22.3.0/lib/libjsvml.so
7eff09000000-7eff09400000 rw-p 00000000 00:00 0 
7eff09400000-7eff09700000 rw-p 00000000 00:00 0 
7eff09700000-7eff09800000 rw-p 00000000 00:00 0 
7eff0981f000-7eff09826000 r-xp 00000000 00:1251 4611686019135192580      /nix/store/gpxl5qgg8kicmcvivwmybwjlpf7wh20l-graalvm17-ce-22.3.0/lib/libzip.so
7eff09826000-7eff09827000 ---p 00007000 00:1251 4611686019135192580      /nix/store/gpxl5qgg8kicmcvivwmybwjlpf7wh20l-graalvm17-ce-22.3.0/lib/libzip.so
7eff09827000-7eff09828000 r--p 00007000 00:1251 4611686019135192580      /nix/store/gpxl5qgg8kicmcvivwmybwjlpf7wh20l-graalvm17-ce-22.3.0/lib/libzip.so
7eff09828000-7eff09829000 rw-p 00008000 00:1251 4611686019135192580      /nix/store/gpxl5qgg8kicmcvivwmybwjlpf7wh20l-graalvm17-ce-22.3.0/lib/libzip.so
7eff09829000-7eff0982b000 rw-p 0000b000 00:1251 4611686019135192580      /nix/store/gpxl5qgg8kicmcvivwmybwjlpf7wh20l-graalvm17-ce-22.3.0/lib/libzip.so
7eff0982b000-7eff09840000 r-xp 00000000 00:1251 4611686019135192570      /nix/store/gpxl5qgg8kicmcvivwmybwjlpf7wh20l-graalvm17-ce-22.3.0/lib/libnet.so
7eff09840000-7eff09841000 ---p 00015000 00:1251 4611686019135192570      /nix/store/gpxl5qgg8kicmcvivwmybwjlpf7wh20l-graalvm17-ce-22.3.0/lib/libnet.so
7eff09841000-7eff09842000 r--p 00015000 00:1251 4611686019135192570      /nix/store/gpxl5qgg8kicmcvivwmybwjlpf7wh20l-graalvm17-ce-22.3.0/lib/libnet.so
7eff09842000-7eff09843000 rw-p 00016000 00:1251 4611686019135192570      /nix/store/gpxl5qgg8kicmcvivwmybwjlpf7wh20l-graalvm17-ce-22.3.0/lib/libnet.so
7eff09843000-7eff09846000 rw-p 0001b000 00:1251 4611686019135192570      /nix/store/gpxl5qgg8kicmcvivwmybwjlpf7wh20l-graalvm17-ce-22.3.0/lib/libnet.so
7eff09846000-7eff09859000 r-xp 00000000 00:1251 4611686019135192571      /nix/store/gpxl5qgg8kicmcvivwmybwjlpf7wh20l-graalvm17-ce-22.3.0/lib/libnio.so
7eff09859000-7eff0985a000 r--p 00012000 00:1251 4611686019135192571      /nix/store/gpxl5qgg8kicmcvivwmybwjlpf7wh20l-graalvm17-ce-22.3.0/lib/libnio.so
7eff0985a000-7eff0985b000 rw-p 00013000 00:1251 4611686019135192571      /nix/store/gpxl5qgg8kicmcvivwmybwjlpf7wh20l-graalvm17-ce-22.3.0/lib/libnio.so
7eff0985b000-7eff09860000 rw-p 00019000 00:1251 4611686019135192571      /nix/store/gpxl5qgg8kicmcvivwmybwjlpf7wh20l-graalvm17-ce-22.3.0/lib/libnio.so
7eff09860000-7eff0b138000 rw-p 00000000 00:00 0 
7eff0b138000-7eff0b139000 ---p 00000000 00:00 0 
7eff0b139000-7eff0b2e4000 rw-p 00000000 00:00 0 
7eff0b2e4000-7eff0b302000 rw-p 00000000 00:00 0 
7eff0b302000-7eff0b33a000 ---p 00000000 00:00 0 
7eff0b33a000-7eff0b340000 rw-p 00000000 00:00 0 
7eff0b340000-7eff0b426000 ---p 00000000 00:00 0 
7eff0b426000-7eff0b440000 rw-p 00000000 00:00 0 
7eff0b440000-7eff0b511000 ---p 00000000 00:00 0 
7eff0b511000-7eff0b516000 rw-p 00000000 00:00 0 
7eff0b516000-7eff0b51d000 ---p 00000000 00:00 0 
7eff0b51d000-7eff0b541000 r-xp 00000000 00:1251 4611686019135190028      /nix/store/gpxl5qgg8kicmcvivwmybwjlpf7wh20l-graalvm17-ce-22.3.0/lib/libjava.so
7eff0b541000-7eff0b542000 ---p 00024000 00:1251 4611686019135190028      /nix/store/gpxl5qgg8kicmcvivwmybwjlpf7wh20l-graalvm17-ce-22.3.0/lib/libjava.so
7eff0b542000-7eff0b543000 r--p 00024000 00:1251 4611686019135190028      /nix/store/gpxl5qgg8kicmcvivwmybwjlpf7wh20l-graalvm17-ce-22.3.0/lib/libjava.so
7eff0b543000-7eff0b544000 rw-p 00025000 00:1251 4611686019135190028      /nix/store/gpxl5qgg8kicmcvivwmybwjlpf7wh20l-graalvm17-ce-22.3.0/lib/libjava.so
7eff0b544000-7eff0b545000 rw-p 00000000 00:00 0 
7eff0b545000-7eff0b54c000 rw-p 0002f000 00:1251 4611686019135190028      /nix/store/gpxl5qgg8kicmcvivwmybwjlpf7wh20l-graalvm17-ce-22.3.0/lib/libjava.so
7eff0b54c000-7eff0b554000 rw-s 00000000 00:566 645                       /tmp/hsperfdata_runner/5725
7eff0b554000-7eff0b555000 ---p 00000000 00:00 0 
7eff0b555000-7eff0b556000 r--p 00000000 00:00 0 
7eff0b556000-7eff0b557000 rwxp 00000000 00:00 0 
7eff0b557000-7eff0b572000 r-xp 00000000 00:1251 4611686019135190032      /nix/store/gpxl5qgg8kicmcvivwmybwjlpf7wh20l-graalvm17-ce-22.3.0/lib/libjimage.so
7eff0b572000-7eff0b573000 ---p 0001b000 00:1251 4611686019135190032      /nix/store/gpxl5qgg8kicmcvivwmybwjlpf7wh20l-graalvm17-ce-22.3.0/lib/libjimage.so
7eff0b573000-7eff0b575000 r--p 0001b000 00:1251 4611686019135190032      /nix/store/gpxl5qgg8kicmcvivwmybwjlpf7wh20l-graalvm17-ce-22.3.0/lib/libjimage.so
7eff0b575000-7eff0b576000 rw-p 0001d000 00:1251 4611686019135190032      /nix/store/gpxl5qgg8kicmcvivwmybwjlpf7wh20l-graalvm17-ce-22.3.0/lib/libjimage.so
7eff0b576000-7eff0b577000 rw-p 00024000 00:1251 4611686019135190032      /nix/store/gpxl5qgg8kicmcvivwmybwjlpf7wh20l-graalvm17-ce-22.3.0/lib/libjimage.so
7eff0b577000-7eff0b57b000 ---p 00000000 00:00 0 
7eff0b57b000-7eff0b677000 rw-p 00000000 00:00 0 
7eff0b677000-7eff0b685000 r--p 00000000 00:1251 4611686019027979927      /nix/store/4nlgxhb09sdr51nc9hdm8az5b08vzkgx-glibc-2.35-163/lib/libm.so.6
7eff0b685000-7eff0b6f8000 r-xp 0000e000 00:1251 4611686019027979927      /nix/store/4nlgxhb09sdr51nc9hdm8az5b08vzkgx-glibc-2.35-163/lib/libm.so.6
7eff0b6f8000-7eff0b755000 r--p 00081000 00:1251 4611686019027979927      /nix/store/4nlgxhb09sdr51nc9hdm8az5b08vzkgx-glibc-2.35-163/lib/libm.so.6
7eff0b755000-7eff0b756000 r--p 000dd000 00:1251 4611686019027979927      /nix/store/4nlgxhb09sdr51nc9hdm8az5b08vzkgx-glibc-2.35-163/lib/libm.so.6
7eff0b756000-7eff0b757000 rw-p 000de000 00:1251 4611686019027979927      /nix/store/4nlgxhb09sdr51nc9hdm8az5b08vzkgx-glibc-2.35-163/lib/libm.so.6
7eff0b757000-7eff0b758000 r--p 00000000 00:1251 4611686019027979946      /nix/store/4nlgxhb09sdr51nc9hdm8az5b08vzkgx-glibc-2.35-163/lib/librt.so.1
7eff0b758000-7eff0b759000 r-xp 00001000 00:1251 4611686019027979946      /nix/store/4nlgxhb09sdr51nc9hdm8az5b08vzkgx-glibc-2.35-163/lib/librt.so.1
7eff0b759000-7eff0b75a000 r--p 00002000 00:1251 4611686019027979946      /nix/store/4nlgxhb09sdr51nc9hdm8az5b08vzkgx-glibc-2.35-163/lib/librt.so.1
7eff0b75a000-7eff0b75b000 r--p 00002000 00:1251 4611686019027979946      /nix/store/4nlgxhb09sdr51nc9hdm8az5b08vzkgx-glibc-2.35-163/lib/librt.so.1
7eff0b75b000-7eff0b75c000 rw-p 00003000 00:1251 4611686019027979946      /nix/store/4nlgxhb09sdr51nc9hdm8az5b08vzkgx-glibc-2.35-163/lib/librt.so.1
7eff0b75c000-7eff0c86f000 r-xp 00000000 00:1251 4611686019135360866      /nix/store/gpxl5qgg8kicmcvivwmybwjlpf7wh20l-graalvm17-ce-22.3.0/lib/server/libjvm.so
7eff0c86f000-7eff0c870000 ---p 01113000 00:1251 4611686019135360866      /nix/store/gpxl5qgg8kicmcvivwmybwjlpf7wh20l-graalvm17-ce-22.3.0/lib/server/libjvm.so
7eff0c870000-7eff0c925000 r--p 01113000 00:1251 4611686019135360866      /nix/store/gpxl5qgg8kicmcvivwmybwjlpf7wh20l-graalvm17-ce-22.3.0/lib/server/libjvm.so
7eff0c925000-7eff0c959000 rw-p 011c8000 00:1251 4611686019135360866      /nix/store/gpxl5qgg8kicmcvivwmybwjlpf7wh20l-graalvm17-ce-22.3.0/lib/server/libjvm.so
7eff0c959000-7eff0c9b5000 rw-p 00000000 00:00 0 
7eff0c9b5000-7eff0c9dd000 r--p 00000000 00:1251 4611686019027979918      /nix/store/4nlgxhb09sdr51nc9hdm8az5b08vzkgx-glibc-2.35-163/lib/libc.so.6
7eff0c9dd000-7eff0cb53000 r-xp 00028000 00:1251 4611686019027979918      /nix/store/4nlgxhb09sdr51nc9hdm8az5b08vzkgx-glibc-2.35-163/lib/libc.so.6
7eff0cb53000-7eff0cbab000 r--p 0019e000 00:1251 4611686019027979918      /nix/store/4nlgxhb09sdr51nc9hdm8az5b08vzkgx-glibc-2.35-163/lib/libc.so.6
7eff0cbab000-7eff0cbaf000 r--p 001f6000 00:1251 4611686019027979918      /nix/store/4nlgxhb09sdr51nc9hdm8az5b08vzkgx-glibc-2.35-163/lib/libc.so.6
7eff0cbaf000-7eff0cbb1000 rw-p 001fa000 00:1251 4611686019027979918      /nix/store/4nlgxhb09sdr51nc9hdm8az5b08vzkgx-glibc-2.35-163/lib/libc.so.6
7eff0cbb1000-7eff0cbc0000 rw-p 00000000 00:00 0 
7eff0cbc0000-7eff0cbc1000 r--p 00000000 00:1251 4611686019027979923      /nix/store/4nlgxhb09sdr51nc9hdm8az5b08vzkgx-glibc-2.35-163/lib/libdl.so.2
7eff0cbc1000-7eff0cbc2000 r-xp 00001000 00:1251 4611686019027979923      /nix/store/4nlgxhb09sdr51nc9hdm8az5b08vzkgx-glibc-2.35-163/lib/libdl.so.2
7eff0cbc2000-7eff0cbc3000 r--p 00002000 00:1251 4611686019027979923      /nix/store/4nlgxhb09sdr51nc9hdm8az5b08vzkgx-glibc-2.35-163/lib/libdl.so.2
7eff0cbc3000-7eff0cbc4000 r--p 00002000 00:1251 4611686019027979923      /nix/store/4nlgxhb09sdr51nc9hdm8az5b08vzkgx-glibc-2.35-163/lib/libdl.so.2
7eff0cbc4000-7eff0cbc5000 rw-p 00003000 00:1251 4611686019027979923      /nix/store/4nlgxhb09sdr51nc9hdm8az5b08vzkgx-glibc-2.35-163/lib/libdl.so.2
7eff0cbc5000-7eff0cbc6000 r--p 00000000 00:1251 4611686019027979942      /nix/store/4nlgxhb09sdr51nc9hdm8az5b08vzkgx-glibc-2.35-163/lib/libpthread.so.0
7eff0cbc6000-7eff0cbc7000 r-xp 00001000 00:1251 4611686019027979942      /nix/store/4nlgxhb09sdr51nc9hdm8az5b08vzkgx-glibc-2.35-163/lib/libpthread.so.0
7eff0cbc7000-7eff0cbc8000 r--p 00002000 00:1251 4611686019027979942      /nix/store/4nlgxhb09sdr51nc9hdm8az5b08vzkgx-glibc-2.35-163/lib/libpthread.so.0
7eff0cbc8000-7eff0cbc9000 r--p 00002000 00:1251 4611686019027979942      /nix/store/4nlgxhb09sdr51nc9hdm8az5b08vzkgx-glibc-2.35-163/lib/libpthread.so.0
7eff0cbc9000-7eff0cbca000 rw-p 00003000 00:1251 4611686019027979942      /nix/store/4nlgxhb09sdr51nc9hdm8az5b08vzkgx-glibc-2.35-163/lib/libpthread.so.0
7eff0cbca000-7eff0cbd8000 r-xp 00000000 00:1251 4611686019135190033      /nix/store/gpxl5qgg8kicmcvivwmybwjlpf7wh20l-graalvm17-ce-22.3.0/lib/libjli.so
7eff0cbd8000-7eff0cbd9000 ---p 0000e000 00:1251 4611686019135190033      /nix/store/gpxl5qgg8kicmcvivwmybwjlpf7wh20l-graalvm17-ce-22.3.0/lib/libjli.so
7eff0cbd9000-7eff0cbda000 r--p 0000e000 00:1251 4611686019135190033      /nix/store/gpxl5qgg8kicmcvivwmybwjlpf7wh20l-graalvm17-ce-22.3.0/lib/libjli.so
7eff0cbda000-7eff0cbdb000 rw-p 0000f000 00:1251 4611686019135190033      /nix/store/gpxl5qgg8kicmcvivwmybwjlpf7wh20l-graalvm17-ce-22.3.0/lib/libjli.so
7eff0cbdb000-7eff0cbdc000 rw-p 00012000 00:1251 4611686019135190033      /nix/store/gpxl5qgg8kicmcvivwmybwjlpf7wh20l-graalvm17-ce-22.3.0/lib/libjli.so
7eff0cbdc000-7eff0cbdf000 r--p 00000000 00:1251 4611686019106210071      /nix/store/026hln0aq1hyshaxsdvhg0kmcm6yf45r-zlib-1.2.13/lib/libz.so.1.2.13
7eff0cbdf000-7eff0cbf1000 r-xp 00003000 00:1251 4611686019106210071      /nix/store/026hln0aq1hyshaxsdvhg0kmcm6yf45r-zlib-1.2.13/lib/libz.so.1.2.13
7eff0cbf1000-7eff0cbf8000 r--p 00015000 00:1251 4611686019106210071      /nix/store/026hln0aq1hyshaxsdvhg0kmcm6yf45r-zlib-1.2.13/lib/libz.so.1.2.13
7eff0cbf8000-7eff0cbf9000 r--p 0001b000 00:1251 4611686019106210071      /nix/store/026hln0aq1hyshaxsdvhg0kmcm6yf45r-zlib-1.2.13/lib/libz.so.1.2.13
7eff0cbf9000-7eff0cbfa000 rw-p 0001c000 00:1251 4611686019106210071      /nix/store/026hln0aq1hyshaxsdvhg0kmcm6yf45r-zlib-1.2.13/lib/libz.so.1.2.13
7eff0cbfa000-7eff0cbfc000 rw-p 00000000 00:00 0 
7eff0cbfc000-7eff0cbfe000 r--p 00000000 00:1251 4611686019027979912      /nix/store/4nlgxhb09sdr51nc9hdm8az5b08vzkgx-glibc-2.35-163/lib/ld-linux-x86-64.so.2
7eff0cbfe000-7eff0cc25000 r-xp 00002000 00:1251 4611686019027979912      /nix/store/4nlgxhb09sdr51nc9hdm8az5b08vzkgx-glibc-2.35-163/lib/ld-linux-x86-64.so.2
7eff0cc25000-7eff0cc31000 r--p 00029000 00:1251 4611686019027979912      /nix/store/4nlgxhb09sdr51nc9hdm8az5b08vzkgx-glibc-2.35-163/lib/ld-linux-x86-64.so.2
7eff0cc31000-7eff0cc33000 r--p 00034000 00:1251 4611686019027979912      /nix/store/4nlgxhb09sdr51nc9hdm8az5b08vzkgx-glibc-2.35-163/lib/ld-linux-x86-64.so.2
7eff0cc33000-7eff0cc35000 rw-p 00036000 00:1251 4611686019027979912      /nix/store/4nlgxhb09sdr51nc9hdm8az5b08vzkgx-glibc-2.35-163/lib/ld-linux-x86-64.so.2
7ffef1fa6000-7ffef1fcb000 rw-p 00000000 00:00 0                          [stack]
7ffef1fd7000-7ffef1fdb000 r--p 00000000 00:00 0                          [vvar]
7ffef1fdb000-7ffef1fdd000 r-xp 00000000 00:00 0                          [vdso]
ffffffffff600000-ffffffffff601000 --xp 00000000 00:00 0                  [vsyscall]


VM Arguments:
jvm_args: -XX:ThreadPriorityPolicy=1 -XX:+UnlockExperimentalVMOptions -XX:+EnableJVMCIProduct -XX:JVMCIThreadsPerNativeLibraryRuntime=1 -XX:-UnlockExperimentalVMOptions -Declipse.application=org.eclipse.jdt.ls.core.id1 -Dosgi.bundles.defaultStartLevel=4 -Declipse.product=org.eclipse.jdt.ls.core.product -Dlog.level=ALL -Xverify:none -XX:+UseParallelGC -XX:GCTimeRatio=4 -XX:AdaptiveSizePolicyWeight=90 -Dsun.zip.disableMemoryMapping=true -Xmx512m -Xms100m 
java_command: /nix/store/m6gcpi1ii6rghy04cjwjddcavv7i90df-jdt-language-server-1.9.0/share/java/plugins/org.eclipse.equinox.launcher_1.6.400.v20210924-0641.jar --add-modules=ALL-SYSTEM --add-opens java.base/java.util=ALL-UNNAMED --add-opens java.base/java.lang=ALL-UNNAMED -configuration /home/runner/.cache/jdt-language-server/config -data /home/runner/.cache/jdt-language-server/data/home/runner/javaEstudando
java_class_path (initial): /nix/store/m6gcpi1ii6rghy04cjwjddcavv7i90df-jdt-language-server-1.9.0/share/java/plugins/org.eclipse.equinox.launcher_1.6.400.v20210924-0641.jar
Launcher Type: SUN_STANDARD

[Global flags]
    uintx AdaptiveSizePolicyWeight                 = 90                                        {product} {command line}
     intx CICompilerCount                          = 2                                         {product} {ergonomic}
     bool EnableJVMCIProduct                       = true                                {JVMCI product} {jimage}
    uintx GCTimeRatio                              = 4                                         {product} {command line}
   size_t InitialHeapSize                          = 104857600                                 {product} {command line}
     uint JVMCIThreadsPerNativeLibraryRuntime      = 1                                   {JVMCI product} {jimage}
   size_t MaxHeapSize                              = 536870912                                 {product} {command line}
   size_t MaxNewSize                               = 178782208                                 {product} {ergonomic}
   size_t MinHeapDeltaBytes                        = 524288                                    {product} {ergonomic}
   size_t MinHeapSize                              = 104857600                                 {product} {command line}
   size_t NewSize                                  = 34603008                                  {product} {ergonomic}
    uintx NonNMethodCodeHeapSize                   = 5826188                                {pd product} {ergonomic}
    uintx NonProfiledCodeHeapSize                  = 122916026                              {pd product} {ergonomic}
   size_t OldSize                                  = 70254592                                  {product} {ergonomic}
    uintx ProfiledCodeHeapSize                     = 122916026                              {pd product} {ergonomic}
    uintx ReservedCodeCacheSize                    = 251658240                              {pd product} {ergonomic}
     bool SegmentedCodeCache                       = true                                      {product} {ergonomic}
   size_t SoftMaxHeapSize                          = 536870912                              {manageable} {ergonomic}
     intx ThreadPriorityPolicy                     = 1                                         {product} {jimage}
     bool UseCompressedClassPointers               = true                           {product lp64_product} {ergonomic}
     bool UseCompressedOops                        = true                           {product lp64_product} {ergonomic}
     bool UseParallelGC                            = true                                      {product} {command line}

Logging:
Log output configuration:
 #0: stdout all=warning uptime,level,tags
 #1: stderr all=off uptime,level,tags

Environment Variables:
JAVA_HOME=/nix/store/gpxl5qgg8kicmcvivwmybwjlpf7wh20l-graalvm17-ce-22.3.0
PATH=/nix/store/1d6ian3r8kdzspw8hacjhl3xkp40g1lj-binutils-wrapper-2.39/bin:/nix/store/dq0xwmsk1g0i2ayg6pb7y87na2knzylh-gcc-wrapper-11.3.0/bin:/nix/store/bap4d0lpcrhpwmpb8ayjcgkmvfj62lnq-bash-interactive-5.1-p16/bin:/nix/store/pr5n59mb4jzmfx6kanwxly0l07p861fg-patchelf-0.15.0/bin:/nix/store/1gf2flfqnpqbr1b4p4qz2f72y42bs56r-gcc-11.3.0/bin:/nix/store/57xv61c5zi8pphjbcwxxjlgc34p61ic9-glibc-2.35-163-bin/bin:/nix/store/a7gvj343m05j2s32xcnwr35v31ynlypr-coreutils-9.1/bin:/nix/store/039g378vc3pc3dvi9dzdlrd0i4q93qwf-binutils-2.39/bin:/nix/store/gpxl5qgg8kicmcvivwmybwjlpf7wh20l-graalvm17-ce-22.3.0/bin:/nix/store/6z9ag3ihc8mq2hzsw48lhbznvzny65nz-apache-maven-3.8.6/bin:/nix/store/m6gcpi1ii6rghy04cjwjddcavv7i90df-jdt-language-server-1.9.0/bin:/nix/store/84xs5alhs01zrbr4ywm05kxbjbp5590l-java-debug/bin:/nix/store/mydc6f4k2z73xlcz7ilif3v2lcaiqvza-findutils-4.9.0/bin:/nix/store/j9p3g8472iijd50vhdprx0nmk2fqn5gv-diffutils-3.8/bin:/nix/store/89zs7rms6x00xfq4dq6m7mjnhkr8a6r4-gnused-4.8/bin:/nix/store/86bp03jkmsl6f92w0yzg4s59g5mhxwmy-gnugrep-3.7/bin:/nix/store/hwcdqw4jrjnd37wxqgsd47hd0j8bnj09-gawk-5.1.1/bin:/nix/store/cfbhw8r8ags41vwqaz47r583d0p4h4a1-gnutar-1.34/bin:/nix/store/p3m1ndl1lapwrlh698bnb5lvvxh67378-gzip-1.12/bin:/nix/store/a8mhcagrsly7c7mpjrpsnaahk4aax056-bzip2-1.0.8-bin/bin:/nix/store/mblgz65m3zv9x548a3d5m96fj2pbwr09-gnumake-4.3/bin:/nix/store/dsd5gz46hdbdk2rfdimqddhq6m8m8fqs-bash-5.1-p16/bin:/nix/store/v7ljksji50mg3w61dykaa3n3y79n6nil-patch-2.7.6/bin:/nix/store/zlcnmqq14jz5x9439jf937mvayyl63da-xz-5.2.7-bin/bin:/nix/store/y6aj732zm9m87c82fpvf103a1xb22blp-file-5.43/bin:/nix/store/i4kzir3m7mrisxmf5xvlnkw01x4qaqr4-prybar-elisp-0.0.0-e0d9a52/bin:/nix/store/lwwivxf6h7x3cvxp9zv8sj0mv7dak99r-prybar-lua-0.0.0-e0d9a52/bin:/nix/store/gxj28g1cg4hq3qanmjv07156h800qr58-prybar-python3-0.0.0-e0d9a52/bin:/nix/store/hshkjnxrgidigf8x75vg6lqng2xlx9i3-prybar-sqlite-0.0.0-e0d9a52/bin:/nix/store/c4w01bpjgyy5ixmwdk8m1pw87zq4sl26-prybar-tcl-0.0.0-e0d9a52/bin:/nix/store/hpbvrlwd5viqmvcaisb3x0118i913a9n-st
LD_LIBRARY_PATH=/nix/store/a4pff549sk2idnkpzk5nsfps3mdkdnvm-cups-2.4.2-lib/lib:/nix/store/72mqxxhh3cy5yifh92wh2yb8cl2hikyy-cairo-1.16.0/lib:/nix/store/2k366jrbsra97gjfxwvrhvixjfxdach5-glib-2.74.1/lib:/nix/store/2j2znigd8ak37rlwh9khz0ry3clqlw1l-gtk+3-3.24.34/lib:/nix/store/hisqvx32cd57apbpcsnkpx6k3549wql1-libglvnd-1.4.0/lib:/nix/store/p36pgcv991mq5srvg765b78yqpxvk3qs-mesa-21.3.3-drivers/lib:/nix/store/mav4251if1ahjq5vkpwycyyvnmy459c4-pulseaudio-14.2/lib
DISPLAY=:0
LANG=en_US.UTF-8

Signal Handlers:
   SIGSEGV: crash_handler in libjvm.so, mask=11100100010111111101111111111110, flags=SA_RESTART|SA_SIGINFO
    SIGBUS: crash_handler in libjvm.so, mask=11100100010111111101111111111110, flags=SA_RESTART|SA_SIGINFO
    SIGFPE: crash_handler in libjvm.so, mask=11100100010111111101111111111110, flags=SA_RESTART|SA_SIGINFO
   SIGPIPE: IsolateEnterStub_IgnoreSIGPIPEStartupHook_noopSignalHandler_8f19bff2f35b5f630d83b364d6b2339320d4ec70_216e8361c6bc87a8f89f58cc10d3b2fd4415bf87 in libjvmcicompiler.so, mask=00000000000000000000000000000000, flags=SA_RESTART
  *** Handler was modified!
  *** Expected: javaSignalHandler in libjvm.so, mask=11100100110111111111111111111110, flags=SA_RESTART|SA_SIGINFO
   SIGXFSZ: javaSignalHandler in libjvm.so, mask=11100100010111111101111111111110, flags=SA_RESTART|SA_SIGINFO
    SIGILL: crash_handler in libjvm.so, mask=11100100010111111101111111111110, flags=SA_RESTART|SA_SIGINFO
   SIGUSR2: SR_handler in libjvm.so, mask=00000000000000000000000000000000, flags=SA_RESTART|SA_SIGINFO
    SIGHUP: UserHandler in libjvm.so, mask=11100100010111111101111111111110, flags=SA_RESTART|SA_SIGINFO
    SIGINT: UserHandler in libjvm.so, mask=11100100010111111101111111111110, flags=SA_RESTART|SA_SIGINFO
   SIGTERM: UserHandler in libjvm.so, mask=11100100010111111101111111111110, flags=SA_RESTART|SA_SIGINFO
   SIGQUIT: UserHandler in libjvm.so, mask=11100100010111111101111111111110, flags=SA_RESTART|SA_SIGINFO
  *** Handler was modified!
  *** Expected: javaSignalHandler in libjvm.so, mask=11100100110111111111111111111110, flags=SA_RESTART|SA_SIGINFO
   SIGTRAP: crash_handler in libjvm.so, mask=11100100010111111101111111111110, flags=SA_RESTART|SA_SIGINFO


---------------  S Y S T E M  ---------------

OS:
DISTRIB_ID=Ubuntu
DISTRIB_RELEASE=20.04
DISTRIB_CODENAME=focal
DISTRIB_DESCRIPTION="Ubuntu 20.04.2 LTS"
uname: Linux 5.19.0-1022-gcp #24~22.04.1-Ubuntu SMP Sun Apr 23 09:51:08 UTC 2023 x86_64
OS uptime: 0 days 13:27 hours
libc: glibc 2.35 NPTL 2.35 
rlimit (soft/hard): STACK 8192k/infinity , CORE infinity/infinity , NPROC infinity/infinity , NOFILE 5242/5242 , AS infinity/infinity , CPU infinity/infinity , DATA infinity/infinity , FSIZE infinity/infinity , MEMLOCK 8192k/8192k
load average: 7.83 9.89 11.08

/proc/meminfo:
MemTotal:       65852256 kB
MemFree:         8086000 kB
MemAvailable:   38090232 kB
Buffers:         3209804 kB
Cached:         25001332 kB
SwapCached:            0 kB
Active:         13096100 kB
Inactive:       40033460 kB
Active(anon):      18012 kB
Inactive(anon): 24631040 kB
Active(file):   13078088 kB
Inactive(file): 15402420 kB
Unevictable:       55576 kB
Mlocked:           55576 kB
SwapTotal:             0 kB
SwapFree:              0 kB
Zswap:                 0 kB
Zswapped:              0 kB
Dirty:              3424 kB
Writeback:             0 kB
AnonPages:      23627488 kB
Mapped:          2206644 kB
Shmem:             48072 kB
KReclaimable:    2250324 kB
Slab:            3478988 kB
SReclaimable:    2250324 kB
SUnreclaim:      1228664 kB
KernelStack:      453104 kB
PageTables:       214664 kB
NFS_Unstable:          0 kB
Bounce:                0 kB
WritebackTmp:          0 kB
CommitLimit:    32926128 kB
Committed_AS:   76892532 kB
VmallocTotal:   34359738367 kB
VmallocUsed:      498508 kB
VmallocChunk:          0 kB
Percpu:            62048 kB
HardwareCorrupted:     0 kB
AnonHugePages:   6055936 kB
ShmemHugePages:        0 kB
ShmemPmdMapped:        0 kB
FileHugePages:         0 kB
FilePmdMapped:         0 kB
HugePages_Total:       0
HugePages_Free:        0
HugePages_Rsvd:        0
HugePages_Surp:        0
Hugepagesize:       2048 kB
Hugetlb:               0 kB
DirectMap4k:     6421304 kB
DirectMap2M:    57538560 kB
DirectMap1G:     5242880 kB

/sys/kernel/mm/transparent_hugepage/enabled: always [madvise] never
/sys/kernel/mm/transparent_hugepage/defrag (defrag/compaction efforts parameter): always defer defer+madvise [madvise] never

Process Memory:
Virtual Size: 4248172K (peak: 4283180K)
Resident Set Size: 728820K (peak: 766508K) (anon: 535740K, file: 193080K, shmem: 0K)
Swapped out: 0K
C-Heap outstanding allocations: 38170K, retained: 8985K
glibc malloc tunables: (default)

/proc/sys/kernel/threads-max (system-wide limit on the number of threads): 514406
/proc/sys/vm/max_map_count (maximum number of memory map areas a process may have): 65530
/proc/sys/kernel/pid_max (system-wide limit on number of process identifiers): 4194304

container (cgroup) information:
container_type: cgroupv1
cpu_cpuset_cpus: 2-7
cpu_memory_nodes: 0
active_processor_count: 1
cpu_quota: 50000
cpu_period: 100000
cpu_shares: 512
memory_limit_in_bytes: 1048576 k
memory_and_swap_limit_in_bytes: 1048576 k
memory_soft_limit_in_bytes: 524288 k
memory_usage_in_bytes: 583052 k
memory_max_usage_in_bytes: 639600 k
maximum number of tasks: 1000
current number of tasks: 45

KVM virtualization detected
Steal ticks since vm start: 0
Steal ticks percentage since vm start:  0.000

CPU: total 8 (initial active 1) (8 cores per cpu, 2 threads per core) family 23 model 49 stepping 0 microcode 0xffffffff, cx8, cmov, fxsr, ht, mmx, 3dnowpref, sse, sse2, sse3, ssse3, sse4a, sse4.1, sse4.2, popcnt, lzcnt, tsc, tscinvbit, avx, avx2, aes, clmul, bmi1, bmi2, adx, sha, fma, vzeroupper, clflush, clflushopt, hv
CPU Model and flags from /proc/cpuinfo:
model name	: AMD EPYC 7B12
flags		: fpu vme de pse tsc msr pae mce cx8 apic sep mtrr pge mca cmov pat pse36 clflush mmx fxsr sse sse2 ht syscall nx mmxext fxsr_opt pdpe1gb rdtscp lm constant_tsc rep_good nopl nonstop_tsc cpuid extd_apicid tsc_known_freq pni pclmulqdq ssse3 fma cx16 sse4_1 sse4_2 movbe popcnt aes xsave avx f16c rdrand hypervisor lahf_lm cmp_legacy cr8_legacy abm sse4a misalignsse 3dnowprefetch osvw topoext ssbd ibrs ibpb stibp vmmcall fsgsbase tsc_adjust bmi1 avx2 smep bmi2 rdseed adx smap clflushopt clwb sha_ni xsaveopt xsavec xgetbv1 clzero xsaveerptr arat npt nrip_save umip rdpid

Online cpus: 0-7
Offline cpus: 
BIOS frequency limitation: <Not Available>
Frequency switch latency (ns): <Not Available>
Available cpu frequencies: <Not Available>
Current governor: <Not Available>
Core performance/turbo boost: <Not Available>

Memory: 4k page, physical 1048576k(465520k free), swap 0k(0k free)
Page Sizes: 4k

vm_info: OpenJDK 64-Bit Server VM (17.0.5+8-jvmci-22.3-b08) for linux-amd64 JRE (17.0.5+8-jvmci-22.3-b08), built on Oct 19 2022 09:01:27 by "buildslave" with gcc 10.3.0

END.
