#
# A fatal error has been detected by the Java Runtime Environment:
#
#  Internal Error (jvmciRuntime.cpp:1609), pid=41, tid=55
#  fatal error: Fatal exception in JVMCI: Error calling jdk.vm.ci.services.Services.serializeSavedProperties
#
# JRE version: OpenJDK Runtime Environment GraalVM CE 22.3.0 (17.0.5+8) (build 17.0.5+8-jvmci-22.3-b08)
# Java VM: OpenJDK 64-Bit Server VM GraalVM CE 22.3.0 (17.0.5+8-jvmci-22.3-b08, mixed mode, sharing, tiered, jvmci, jvmci compiler, compressed oops, compressed class ptrs, parallel gc, linux-amd64)
# Problematic frame:
# V  [libjvm.so+0x972714]  JVMCIRuntime::fatal_exception(JVMCIEnv*, char const*)+0x74
#
# Core dump will be written. Default location: Core dumps may be processed with "/usr/share/apport/apport -p%p -s%s -c%c -d%d -P%P -u%u -g%g -- %E" (or dumping to /home/runner/javaEstudando/core.41)
#
# If you would like to submit a bug report, please visit:
#   https://github.com/oracle/graal/issues
#

---------------  S U M M A R Y ------------

Command Line: -XX:ThreadPriorityPolicy=1 -XX:+UnlockExperimentalVMOptions -XX:+EnableJVMCIProduct -XX:JVMCIThreadsPerNativeLibraryRuntime=1 -XX:-UnlockExperimentalVMOptions -Declipse.application=org.eclipse.jdt.ls.core.id1 -Dosgi.bundles.defaultStartLevel=4 -Declipse.product=org.eclipse.jdt.ls.core.product -Dlog.level=ALL -Xverify:none -XX:+UseParallelGC -XX:GCTimeRatio=4 -XX:AdaptiveSizePolicyWeight=90 -Dsun.zip.disableMemoryMapping=true -Xmx512m -Xms100m /nix/store/m6gcpi1ii6rghy04cjwjddcavv7i90df-jdt-language-server-1.9.0/share/java/plugins/org.eclipse.equinox.launcher_1.6.400.v20210924-0641.jar --add-modules=ALL-SYSTEM --add-opens java.base/java.util=ALL-UNNAMED --add-opens java.base/java.lang=ALL-UNNAMED -configuration /home/runner/.cache/jdt-language-server/config -data /home/runner/.cache/jdt-language-server/data/home/runner/javaEstudando

Host: AMD EPYC 7B12, 8 cores, 1G, Ubuntu 20.04.2 LTS
Time: Sat May 13 19:21:29 2023 UTC elapsed time: 1725.577275 seconds (0d 0h 28m 45s)

---------------  T H R E A D  ---------------

Current thread (0x00007f59f00b21e0):  JavaThread "JVMCI-native CompilerThread0" daemon [_thread_in_vm, id=55, stack(0x00007f59d4a1a000,0x00007f59d4c1a000)]


Current CompileTask:
JVMCI-native:1725577 8804       4       org.eclipse.jdt.internal.compiler.env.ITypeAnnotationWalker$1::getAnnotationsAtCursor (4 bytes)

Stack: [0x00007f59d4a1a000,0x00007f59d4c1a000],  sp=0x00007f59d4c18380,  free space=2040k
Native frames: (J=compiled Java code, j=interpreted, Vv=VM code, C=native code)
V  [libjvm.so+0x972714]  JVMCIRuntime::fatal_exception(JVMCIEnv*, char const*)+0x74
V  [libjvm.so+0x93e2fe]  JVMCIEnv::copy_saved_properties()+0x14e
V  [libjvm.so+0x9732a9]  JVMCIRuntime::initialize(JVMCIEnv*)+0xb19
V  [libjvm.so+0x9738a2]  JVMCIRuntime::get_HotSpotJVMCIRuntime(JVMCIEnv*)+0x12
V  [libjvm.so+0x9749f2]  JVMCIRuntime::compile_method(JVMCIEnv*, JVMCICompiler*, methodHandle const&, int)+0xd2
V  [libjvm.so+0x5b0d20]  CompileBroker::invoke_compiler_on_method(CompileTask*)+0x1470
V  [libjvm.so+0x5b12e8]  CompileBroker::compiler_thread_loop()+0x528
V  [libjvm.so+0xd82460]  JavaThread::thread_main_inner()+0xd0
V  [libjvm.so+0xd85a40]  Thread::call_run()+0xc0
V  [libjvm.so+0xbdb1e1]  thread_native_entry(Thread*)+0xe1

Register to memory mapping:

RAX=0x00007f59f47ac000 points into unknown readable memory: 0x0000000000000058 | 58 00 00 00 00 00 00 00
RBX=0x00007f59f58a7398: <offset 0x0000000000ef5398> in /nix/store/gpxl5qgg8kicmcvivwmybwjlpf7wh20l-graalvm17-ce-22.3.0/lib/server/libjvm.so at 0x00007f59f49b2000
RCX=0x00007f59f585f1e8: <offset 0x0000000000ead1e8> in /nix/store/gpxl5qgg8kicmcvivwmybwjlpf7wh20l-graalvm17-ce-22.3.0/lib/server/libjvm.so at 0x00007f59f49b2000
RDX=0x0000000000000649 is an unknown value
RSP=0x00007f59d4c18380 is pointing into the stack for thread: 0x00007f59f00b21e0
RBP=0x00007f59d4c183a0 is pointing into the stack for thread: 0x00007f59f00b21e0
RSI=0x00007f59f58a7c48: <offset 0x0000000000ef5c48> in /nix/store/gpxl5qgg8kicmcvivwmybwjlpf7wh20l-graalvm17-ce-22.3.0/lib/server/libjvm.so at 0x00007f59f49b2000
RDI=0x00000000e0000000 is an oop: [B 
{0x00000000e0000000} - klass: {type array byte}
 - length: 62
R8 =0x00007f59f58a7398: <offset 0x0000000000ef5398> in /nix/store/gpxl5qgg8kicmcvivwmybwjlpf7wh20l-graalvm17-ce-22.3.0/lib/server/libjvm.so at 0x00007f59f49b2000
R9 =0x0000000000000003 is an unknown value
R10=0x00007f59f5bf8da0: <offset 0x0000000001246da0> in /nix/store/gpxl5qgg8kicmcvivwmybwjlpf7wh20l-graalvm17-ce-22.3.0/lib/server/libjvm.so at 0x00007f59f49b2000
R11=0x0000000000000246 is an unknown value
R12=0x0 is NULL
R13=0x00007f59f00b21e0 is a thread
R14=0x00007f59f0000b80 points into unknown readable memory: 0x00007f59f5ad8a38 | 38 8a ad f5 59 7f 00 00
R15=0x00007f59f5be6e40: <offset 0x0000000001234e40> in /nix/store/gpxl5qgg8kicmcvivwmybwjlpf7wh20l-graalvm17-ce-22.3.0/lib/server/libjvm.so at 0x00007f59f49b2000


Registers:
RAX=0x00007f59f47ac000, RBX=0x00007f59f58a7398, RCX=0x00007f59f585f1e8, RDX=0x0000000000000649
RSP=0x00007f59d4c18380, RBP=0x00007f59d4c183a0, RSI=0x00007f59f58a7c48, RDI=0x00000000e0000000
R8 =0x00007f59f58a7398, R9 =0x0000000000000003, R10=0x00007f59f5bf8da0, R11=0x0000000000000246
R12=0x0000000000000000, R13=0x00007f59f00b21e0, R14=0x00007f59f0000b80, R15=0x00007f59f5be6e40
RIP=0x00007f59f5324714, EFLAGS=0x0000000000010206, CSGSFS=0x002b000000000033, ERR=0x0000000000000006
  TRAPNO=0x000000000000000e

Top of Stack: (sp=0x00007f59d4c18380)
0x00007f59d4c18380:   00007f59d4c18940 00007f59f00b21e0
0x00007f59d4c18390:   00007f59f413d8c8 0000000800c417a0
0x00007f59d4c183a0:   00007f59d4c18500 00007f59f52f02fe
0x00007f59d4c183b0:   00007f59d4c183e0 00007f59d4c18440 

Instructions: (pc=0x00007f59f5324714)
0x00007f59f5324614:   30 e8 f6 cf e8 ff 4c 89 e7 e8 2e 48 d1 ff 84 db
0x00007f59f5324624:   75 2a 4d 85 ed 74 04 4d 8b 6d 00 48 83 c4 08 44
0x00007f59f5324634:   89 f9 4c 89 f2 4c 89 ee 5b 4c 89 e7 41 5c 41 5d
0x00007f59f5324644:   41 5e 41 5f 5d e9 e2 47 d1 ff 66 90 48 83 c4 08
0x00007f59f5324654:   5b 41 5c 41 5d 41 5e 41 5f 5d c3 90 31 d2 be 08
0x00007f59f5324664:   00 00 00 4c 89 ff e8 b1 78 a3 ff 49 89 c5 e9 37
0x00007f59f5324674:   ff ff ff 66 0f 1f 84 00 00 00 00 00 48 8b 7a 08
0x00007f59f5324684:   e9 6d ff ff ff 0f 1f 80 00 00 00 00 e8 5b 48 0a
0x00007f59f5324694:   00 84 c0 75 89 e9 6a ff ff ff 66 90 55 48 89 e5
0x00007f59f53246a4:   41 56 41 55 41 54 49 89 fc 53 48 89 f3 66 48 8d
0x00007f59f53246b4:   3d 27 5e 85 00 66 66 48 e8 df 43 8d ff 4c 8b 28
0x00007f59f53246c4:   8b 05 be 72 8a 00 85 c0 75 14 ba 01 00 00 00 48
0x00007f59f53246d4:   8d 0d ae 72 8a 00 f0 0f b1 11 85 c0 74 4e be c8
0x00007f59f53246e4:   00 00 00 4c 89 ef e8 01 0b 41 00 48 8d 05 12 ac
0x00007f59f53246f4:   85 00 49 89 d8 48 8d 0d e8 aa 53 00 ba 49 06 00
0x00007f59f5324704:   00 48 8d 35 3c 35 58 00 bf 00 00 00 e0 48 8b 00
0x00007f59f5324714:   c6 00 58 31 c0 e8 e2 91 c6 ff 5b 41 5c 41 5d 41
0x00007f59f5324724:   5e 5d e9 55 34 26 00 0f 1f 44 00 00 48 8d 05 81
0x00007f59f5324734:   a3 8b 00 48 89 df 4c 8b 30 e8 9e 43 8d ff 48 89
0x00007f59f5324744:   de 48 89 c2 49 8b 06 4c 89 f7 ff 50 08 4c 89 f7
0x00007f59f5324754:   e8 a7 5c 27 00 4d 85 e4 74 12 be 01 00 00 00 4c
0x00007f59f5324764:   89 e7 e8 35 43 fc ff eb 82 0f 1f 00 be 01 00 00
0x00007f59f5324774:   00 4c 89 ef e8 d3 fd ff ff e9 6d ff ff ff 66 66
0x00007f59f5324784:   2e 0f 1f 84 00 00 00 00 00 0f 1f 00 55 48 89 e5
0x00007f59f5324794:   41 57 41 56 41 55 41 54 53 48 81 ec 08 02 00 00
0x00007f59f53247a4:   64 48 8b 04 25 28 00 00 00 48 89 45 c8 8b 07 83
0x00007f59f53247b4:   f8 02 0f 84 11 04 00 00 4c 8b 6f 18 49 89 ff 49
0x00007f59f53247c4:   89 f4 4d 85 ed 74 14 4c 89 ef e8 5d 57 22 00 41
0x00007f59f53247d4:   8b 07 83 f8 02 0f 84 19 04 00 00 48 8d 1d 9a 06
0x00007f59f53247e4:   8a 00 4c 8d 35 0b 3c 58 00 eb 38 90 48 85 d2 7f
0x00007f59f53247f4:   0d 48 8d 05 b4 c0 85 00 48 83 38 00 7e 0e 41 8b
0x00007f59f5324804:   77 2c 4c 89 f7 31 c0 e8 a0 b2 f7 ff 49 8b 7f 18 


Stack slot to memory mapping:
stack at sp + 0 slots: 0x00007f59d4c18940 is pointing into the stack for thread: 0x00007f59f00b21e0
stack at sp + 1 slots: 0x00007f59f00b21e0 is a thread
stack at sp + 2 slots: 0x00007f59f413d8c8 points into unknown readable memory: 0x6573001880c9ffff | ff ff c9 80 18 00 73 65
stack at sp + 3 slots: 0x0000000800c417a0 is a pointer to class: 
jdk.vm.ci.services.Services {0x0000000800c417a0}
 - instance size:     2
 - klass size:        65
 - access:            public final synchronized 
 - state:             fully_initialized
 - name:              'jdk/vm/ci/services/Services'
 - super:             'java/lang/Object'
 - sub:               
 - arrays:            NULL
 - methods:           Array<T>(0x00007f59d5440138)
 - method ordering:   Array<T>(0x0000000800928960)
 - default_methods:   Array<T>(0x0000000000000000)
 - local interfaces:  Array<T>(0x00000008005ce810)
 - trans. interfaces: Array<T>(0x00000008005ce810)
 - constants:         constant pool [427] {0x00007f59d543f218} for 'jdk/vm/ci/services/Services' cache=0x00007f59d5441408
 - class loader data:  loader data: 0x00007f59f00283f0 of 'bootstrap'
 - source file:       'Services.java'
 - class annotations:       Array<T>(0x0000000000000000)
 - class type annotations:  Array<T>(0x0000000000000000)
 - field annotations:       Array<T>(0x0000000000000000)
 - field type annotations:  Array<T>(0x0000000000000000)
 - inner classes:     Array<T>(0x00007f59d54413d8)
 - nest members:     Array<T>(0x00007f59d54413f8)
 - permitted subclasses:     Array<T>(0x00000008005ce7a0)
 - java mirror:       a 'java/lang/Class'{0x00000000e017cd20} = 'jdk/vm/ci/services/Services'
 - vtable length      5  (start addr: 0x0000000800c41970)
 - itable length      2 (start addr: 0x0000000800c41998)
 - ---- static fields (3 words):
 - public static final 'IS_BUILDING_NATIVE_IMAGE' 'Z' @128 
 - public static final 'IS_IN_NATIVE_IMAGE' 'Z' @129 
 - private static volatile 'savedProperties' 'Ljava/util/Map;' @112 
 - static final 'JVMCI_ENABLED' 'Z' @130 
 - private static final 'servicesCache' 'Ljava/util/Map;' @116 
 - private static final 'MAX_UNICODE_IN_UTF8_LENGTH' 'I' @120 
 - private static final 'MAX_UTF8_PROPERTY_STRING_LENGTH' 'I' @124 
 - ---- non-static fields (0 words):
 - non-static oop maps: 
stack at sp + 4 slots: 0x00007f59d4c18500 is pointing into the stack for thread: 0x00007f59f00b21e0
stack at sp + 5 slots: 0x00007f59f52f02fe: <offset 0x000000000093e2fe> in /nix/store/gpxl5qgg8kicmcvivwmybwjlpf7wh20l-graalvm17-ce-22.3.0/lib/server/libjvm.so at 0x00007f59f49b2000
stack at sp + 6 slots: 0x00007f59d4c183e0 is pointing into the stack for thread: 0x00007f59f00b21e0
stack at sp + 7 slots: 0x00007f59d4c18440 is pointing into the stack for thread: 0x00007f59f00b21e0


---------------  P R O C E S S  ---------------

Threads class SMR info:
_java_thread_list=0x00007f595414e1b0, length=29, elements={
0x00007f59f0026690, 0x00007f59f00a64d0, 0x00007f59f00a7910, 0x00007f59f00ae050,
0x00007f59f00af400, 0x00007f59f00b07f0, 0x00007f59f00b21e0, 0x00007f59f00b36f0,
0x00007f59f00b4b40, 0x00007f59f00e7e80, 0x00007f59f012fee0, 0x00007f59f032bd80,
0x00007f59f035ed90, 0x00007f59f03618a0, 0x00007f59f03b65d0, 0x00007f598401a750,
0x00007f59842aac20, 0x00007f596c0010d0, 0x00007f598448a5c0, 0x00007f59845f7bb0,
0x00007f59f048be90, 0x00007f59f04ce810, 0x00007f5960000ff0, 0x00007f597401b3d0,
0x00007f595844e880, 0x00007f595418f980, 0x00007f595414d170, 0x00007f595414d6f0,
0x00007f595414e6f0
}

Java Threads: ( => current thread )
  0x00007f59f0026690 JavaThread "main" [_thread_blocked, id=47, stack(0x00007f59f47cd000,0x00007f59f48cd000)]
  0x00007f59f00a64d0 JavaThread "Reference Handler" daemon [_thread_blocked, id=50, stack(0x00007f59d5300000,0x00007f59d5400000)]
  0x00007f59f00a7910 JavaThread "Finalizer" daemon [_thread_blocked, id=51, stack(0x00007f59d5200000,0x00007f59d5300000)]
  0x00007f59f00ae050 JavaThread "Signal Dispatcher" daemon [_thread_blocked, id=52, stack(0x00007f59d4e1a000,0x00007f59d4f1a000)]
  0x00007f59f00af400 JavaThread "Service Thread" daemon [_thread_blocked, id=53, stack(0x00007f59d4d1a000,0x00007f59d4e1a000)]
  0x00007f59f00b07f0 JavaThread "Monitor Deflation Thread" daemon [_thread_blocked, id=54, stack(0x00007f59d4c1a000,0x00007f59d4d1a000)]
=>0x00007f59f00b21e0 JavaThread "JVMCI-native CompilerThread0" daemon [_thread_in_vm, id=55, stack(0x00007f59d4a1a000,0x00007f59d4c1a000)]
  0x00007f59f00b36f0 JavaThread "C1 CompilerThread0" daemon [_thread_blocked, id=56, stack(0x00007f59d481a000,0x00007f59d4a1a000)]
  0x00007f59f00b4b40 JavaThread "Sweeper thread" daemon [_thread_blocked, id=57, stack(0x00007f59d471a000,0x00007f59d481a000)]
  0x00007f59f00e7e80 JavaThread "Common-Cleaner" daemon [_thread_blocked, id=59, stack(0x00007f59d461a000,0x00007f59d471a000)]
  0x00007f59f012fee0 JavaThread "Notification Thread" daemon [_thread_blocked, id=60, stack(0x00007f59d451a000,0x00007f59d461a000)]
  0x00007f59f032bd80 JavaThread "Active Thread: Equinox Container: 8b25bb6e-e038-425c-9576-4e49705828f4" [_thread_blocked, id=76, stack(0x00007f59d4200000,0x00007f59d4300000)]
  0x00007f59f035ed90 JavaThread "Framework Event Dispatcher: Equinox Container: 8b25bb6e-e038-425c-9576-4e49705828f4" daemon [_thread_blocked, id=77, stack(0x00007f59d4000000,0x00007f59d4100000)]
  0x00007f59f03618a0 JavaThread "Start Level: Equinox Container: 8b25bb6e-e038-425c-9576-4e49705828f4" daemon [_thread_blocked, id=78, stack(0x00007f599c900000,0x00007f599ca00000)]
  0x00007f59f03b65d0 JavaThread "Refresh Thread: Equinox Container: 8b25bb6e-e038-425c-9576-4e49705828f4" daemon [_thread_blocked, id=87, stack(0x00007f599c700000,0x00007f599c800000)]
  0x00007f598401a750 JavaThread "SCR Component Actor" daemon [_thread_blocked, id=88, stack(0x00007f599c500000,0x00007f599c600000)]
  0x00007f59842aac20 JavaThread "Worker-JM" [_thread_blocked, id=97, stack(0x00007f599c100000,0x00007f599c200000)]
  0x00007f596c0010d0 JavaThread "Worker-1: Java indexing... " [_thread_blocked, id=100, stack(0x00007f599bd00000,0x00007f599be00000)]
  0x00007f598448a5c0 JavaThread "Java indexing" daemon [_thread_blocked, id=101, stack(0x00007f599bb00000,0x00007f599bc00000)]
  0x00007f59845f7bb0 JavaThread "Bundle File Closer" daemon [_thread_blocked, id=102, stack(0x00007f599b900000,0x00007f599ba00000)]
  0x00007f59f048be90 JavaThread "pool-3-thread-1" [_thread_blocked, id=112, stack(0x00007f599b700000,0x00007f599b800000)]
  0x00007f59f04ce810 JavaThread "pool-2-thread-1" [_thread_blocked, id=114, stack(0x00007f599b300000,0x00007f599b400000)]
  0x00007f5960000ff0 JavaThread "Worker-3: Compacting resource model" [_thread_blocked, id=115, stack(0x00007f599c300000,0x00007f599c400000)]
  0x00007f597401b3d0 JavaThread "Worker-5: Refreshing workspace" [_thread_blocked, id=167, stack(0x00007f599af00000,0x00007f599b000000)]
  0x00007f595844e880 JavaThread "Okio Watchdog" daemon [_thread_blocked, id=194, stack(0x00007f599a900000,0x00007f599aa00000)]
  0x00007f595418f980 JavaThread "Thread-5" [_thread_blocked, id=325, stack(0x00007f599c600000,0x00007f599c700000)]
  0x00007f595414d170 JavaThread "Worker-7" [_thread_blocked, id=3409, stack(0x00007f599c200000,0x00007f599c300000)]
  0x00007f595414d6f0 JavaThread "Worker-8: Publish Diagnostics" [_thread_blocked, id=3514, stack(0x00007f599ae00000,0x00007f599af00000)]
  0x00007f595414e6f0 JavaThread "Thread-6" [_thread_blocked, id=4427, stack(0x00007f59d4318000,0x00007f59d4418000)]

Other Threads:
  0x00007f59f00a1c10 VMThread "VM Thread" [stack: 0x00007f59d5cdd000,0x00007f59d5ddd000] [id=49] _threads_hazard_ptr=0x00007f595414e1b0
  0x00007f59f0131880 WatcherThread [stack: 0x00007f59d441a000,0x00007f59d451a000] [id=61]
  0x00007f59f003df30 GCTaskThread "GC Thread#0" [stack: 0x00007f59f4390000,0x00007f59f4490000] [id=48]

Threads with active compile tasks:
JVMCI-native CompilerThread0  1725603 8804       4       org.eclipse.jdt.internal.compiler.env.ITypeAnnotationWalker$1::getAnnotationsAtCursor (4 bytes)

VM state: synchronizing (normal execution)

VM Mutex/Monitor currently owned by a thread:  ([mutex/lock_event])
[0x00007f59f0023840] Threads_lock - owner thread: 0x00007f59f00a1c10
[0x00007f59f0023ff0] Heap_lock - owner thread: 0x00007f598448a5c0

OutOfMemory and StackOverflow Exception counts:
OutOfMemoryError java_heap_errors=2
LinkageErrors=64

Heap address: 0x00000000e0000000, size: 512 MB, Compressed Oops mode: 32-bit

CDS archive(s) mapped at: [0x0000000800000000-0x0000000800bc8000-0x0000000800bc8000), size 12353536, SharedBaseAddress: 0x0000000800000000, ArchiveRelocationMode: 0.
Compressed class space mapped at: 0x0000000800c00000-0x0000000840c00000, reserved size: 1073741824
Narrow klass base: 0x0000000800000000, Narrow klass shift: 0, Narrow klass range: 0x100000000

GC Precious Log:
 CPUs: 8 total, 1 available
 Memory: 1024M
 Large Page Support: Disabled
 NUMA Support: Disabled
 Compressed Oops: Enabled (32-bit)
 Alignments: Space 512K, Generation 512K, Heap 2M
 Heap Min Capacity: 100M
 Heap Initial Capacity: 100M
 Heap Max Capacity: 512M
 Pre-touch: Disabled
 Parallel Workers: 1

Heap:
 PSYoungGen      total 53248K, used 34815K [0x00000000f5580000, 0x00000000f9b00000, 0x0000000100000000)
  eden space 34816K, 99% used [0x00000000f5580000,0x00000000f777fff0,0x00000000f7780000)
  from space 18432K, 0% used [0x00000000f7780000,0x00000000f7780000,0x00000000f8980000)
  to   space 15360K, 0% used [0x00000000f8c00000,0x00000000f8c00000,0x00000000f9b00000)
 ParOldGen       total 349696K, used 349695K [0x00000000e0000000, 0x00000000f5580000, 0x00000000f5580000)
  object space 349696K, 99% used [0x00000000e0000000,0x00000000f557ffe0,0x00000000f5580000)
 Metaspace       used 59579K, committed 60736K, reserved 1105920K
  class space    used 5892K, committed 6400K, reserved 1048576K

Card table byte_map: [0x00007f59f4490000,0x00007f59f4591000] _byte_map_base: 0x00007f59f3d90000

Marking Bits: (ParMarkBitMap*) 0x00007f59f5be04c0
 Begin Bits: [0x00007f59d64b3000, 0x00007f59d6cb3000)
 End Bits:   [0x00007f59d6cb3000, 0x00007f59d74b3000)

Polling page: 0x00007f59f47aa000

Metaspace:

Usage:
  Non-class:     52.43 MB used.
      Class:      5.75 MB used.
       Both:     58.18 MB used.

Virtual space:
  Non-class space:       56.00 MB reserved,      53.06 MB ( 95%) committed,  7 nodes.
      Class space:        1.00 GB reserved,       6.25 MB ( <1%) committed,  1 nodes.
             Both:        1.05 GB reserved,      59.31 MB (  5%) committed. 

Chunk freelists:
   Non-Class:  2.35 MB
       Class:  1.87 MB
        Both:  4.22 MB

MaxMetaspaceSize: unlimited
CompressedClassSpaceSize: 1.00 GB
Initial GC threshold: 21.00 MB
Current GC threshold: 98.88 MB
CDS: on
MetaspaceReclaimPolicy: balanced
 - commit_granule_bytes: 65536.
 - commit_granule_words: 8192.
 - virtual_space_node_default_size: 1048576.
 - enlarge_chunks_in_place: 1.
 - new_chunks_are_fully_committed: 0.
 - uncommit_free_chunks: 1.
 - use_allocation_guard: 0.
 - handle_deallocations: 1.


Internal statistics:

num_allocs_failed_limit: 6.
num_arena_births: 490.
num_arena_deaths: 148.
num_vsnodes_births: 8.
num_vsnodes_deaths: 0.
num_space_committed: 948.
num_space_uncommitted: 0.
num_chunks_returned_to_freelist: 209.
num_chunks_taken_from_freelist: 2806.
num_chunk_merges: 87.
num_chunk_splits: 1828.
num_chunks_enlarged: 1172.
num_purges: 2.
num_inconsistent_stats: 0.

CodeHeap 'non-profiled nmethods': size=120036Kb used=2570Kb max_used=2570Kb free=117466Kb
 bounds [0x00007f59def7a000, 0x00007f59df20a000, 0x00007f59e64b3000]
CodeHeap 'profiled nmethods': size=120032Kb used=14614Kb max_used=16170Kb free=105417Kb
 bounds [0x00007f59d7a42000, 0x00007f59d8a12000, 0x00007f59def7a000]
CodeHeap 'non-nmethods': size=5692Kb used=1404Kb max_used=1406Kb free=4287Kb
 bounds [0x00007f59d74b3000, 0x00007f59d7723000, 0x00007f59d7a42000]
 total_blobs=7617 nmethods=6868 adapters=629
 compilation: enabled
              stopped_count=0, restarted_count=0
 full_count=0

JVMCI Events (20 events):
Event: 1500.016 Thread 0x00007f59f00b21e0 destroyed JavaVM[10]@0x00007f599a39e340 for JVMCI runtime 0
Event: 1500.016 Thread 0x00007f59f00b21e0 compacted oop handles in JVMCI runtime 0 from 69 to 69
Event: 1500.016 Thread 0x00007f59f00b21e0 releasing handles for JVMCI runtime 0: oop handles=69, metadata handles={total=110, live=108, blocks=55}
Event: 1500.016 Thread 0x00007f59f00b21e0 detached from JVMCI runtime 0
Event: 1505.111 Thread 0x00007f59f00b21e0 attached to JVMCI runtime 0
Event: 1505.112 Thread 0x00007f59f00b21e0 created JavaVM[11]@0x00007f599a39e340 for JVMCI runtime 0
Event: 1505.112 Thread 0x00007f59f00b21e0 initializing JVMCI runtime 0
Event: 1505.112 Thread 0x00007f59f00b21e0 done waiting for JavaVM references initialization in JVMCI runtime 0
Event: 1539.226 Thread 0x00007f59f00b21e0 initialized JVMCI runtime 0
Event: 1546.881 Thread 0x00007f59f00b21e0 detaching from JVMCI runtime 0: releasing idle compiler thread (0 other threads still attached)
Event: 1546.881 Thread 0x00007f59f00b21e0 shutting down HotSpotJVMCIRuntime for JVMCI runtime 0
Event: 1549.781 Thread 0x00007f59f00b21e0 shut down JVMCI runtime 0
Event: 1551.081 Thread 0x00007f59f00b21e0 destroyed JavaVM[11]@0x00007f599a39e340 for JVMCI runtime 0
Event: 1551.081 Thread 0x00007f59f00b21e0 compacted oop handles in JVMCI runtime 0 from 47 to 47
Event: 1551.081 Thread 0x00007f59f00b21e0 releasing handles for JVMCI runtime 0: oop handles=47, metadata handles={total=94, live=80, blocks=55}
Event: 1551.081 Thread 0x00007f59f00b21e0 detached from JVMCI runtime 0
Event: 1698.997 Thread 0x00007f59f00b21e0 attached to JVMCI runtime 0
Event: 1698.999 Thread 0x00007f59f00b21e0 created JavaVM[12]@0x00007f599a39e340 for JVMCI runtime 0
Event: 1698.999 Thread 0x00007f59f00b21e0 initializing JVMCI runtime 0
Event: 1698.999 Thread 0x00007f59f00b21e0 done waiting for JavaVM references initialization in JVMCI runtime 0

Compilation events (20 events):
Event: 1545.299 Thread 0x00007f59f00b21e0 nmethod 8788 0x00007f59df1fab90 code [0x00007f59df1fad40, 0x00007f59df1fb5a0]
Event: 1571.947 Thread 0x00007f59f00b36f0 8794       1       org.eclipse.jdt.internal.compiler.lookup.ParameterizedTypeBinding::actualType (5 bytes)
Event: 1571.947 Thread 0x00007f59f00b36f0 nmethod 8794 0x00007f59df1fb910 code [0x00007f59df1fbaa0, 0x00007f59df1fbb70]
Event: 1571.947 Thread 0x00007f59f00b36f0 8795       1       org.eclipse.jdt.internal.compiler.lookup.ParameterizedTypeBinding::typeArguments (5 bytes)
Event: 1571.947 Thread 0x00007f59f00b36f0 nmethod 8795 0x00007f59df1fbc10 code [0x00007f59df1fbda0, 0x00007f59df1fbe70]
Event: 1571.947 Thread 0x00007f59f00b36f0 8796       1       org.eclipse.jdt.internal.compiler.lookup.TypeBinding::getTypeAnnotations (5 bytes)
Event: 1571.947 Thread 0x00007f59f00b36f0 nmethod 8796 0x00007f59df1fbf10 code [0x00007f59df1fc0a0, 0x00007f59df1fc170]
Event: 1580.677 Thread 0x00007f59f00b36f0 8797       1       org.eclipse.jdt.internal.compiler.env.IBinaryAnnotation::isExternalAnnotation (2 bytes)
Event: 1582.290 Thread 0x00007f59f00b36f0 nmethod 8797 0x00007f59df1fc210 code [0x00007f59df1fc3a0, 0x00007f59df1fc470]
Event: 1582.291 Thread 0x00007f59f00b36f0 8799       3       org.eclipse.core.internal.resources.Filter::getId (11 bytes)
Event: 1582.292 Thread 0x00007f59f00b36f0 nmethod 8799 0x00007f59d872b790 code [0x00007f59d872b940, 0x00007f59d872ba90]
Event: 1582.292 Thread 0x00007f59f00b36f0 8798       1       org.eclipse.core.internal.resources.FilterDescriptor::isFirstOrdering (5 bytes)
Event: 1582.292 Thread 0x00007f59f00b36f0 nmethod 8798 0x00007f59df1fc510 code [0x00007f59df1fc6a0, 0x00007f59df1fc770]
Event: 1625.084 Thread 0x00007f59f00b36f0 8800       3       org.eclipse.core.internal.resources.Project::getProject (2 bytes)
Event: 1625.084 Thread 0x00007f59f00b36f0 nmethod 8800 0x00007f59d8712210 code [0x00007f59d87123a0, 0x00007f59d87124b0]
Event: 1647.918 Thread 0x00007f59f00b36f0 8801 %     3       java.text.MessageFormat::applyPattern @ 34 (422 bytes)
Event: 1647.921 Thread 0x00007f59f00b36f0 nmethod 8801% 0x00007f59d8535210 code [0x00007f59d8535720, 0x00007f59d8538fe0]
Event: 1673.411 Thread 0x00007f59f00b36f0 8802   !   3       org.eclipse.jdt.internal.core.JavaProjectElementInfo::getProjectCache (290 bytes)
Event: 1677.837 Thread 0x00007f59f00b36f0 nmethod 8802 0x00007f59d8159590 code [0x00007f59d8159920, 0x00007f59d815c730]
Event: 1698.997 Thread 0x00007f59f00b21e0 8804       4       org.eclipse.jdt.internal.compiler.env.ITypeAnnotationWalker$1::getAnnotationsAtCursor (4 bytes)

GC Heap History (20 events):
Event: 1712.707 GC heap before
{Heap before GC invocations=1171 (full 1080):
 PSYoungGen      total 53248K, used 34816K [0x00000000f5580000, 0x00000000f9b00000, 0x0000000100000000)
  eden space 34816K, 100% used [0x00000000f5580000,0x00000000f7780000,0x00000000f7780000)
  from space 18432K, 0% used [0x00000000f7780000,0x00000000f7780000,0x00000000f8980000)
  to   space 15360K, 0% used [0x00000000f8c00000,0x00000000f8c00000,0x00000000f9b00000)
 ParOldGen       total 349696K, used 349695K [0x00000000e0000000, 0x00000000f5580000, 0x00000000f5580000)
  object space 349696K, 99% used [0x00000000e0000000,0x00000000f557fc08,0x00000000f5580000)
 Metaspace       used 59579K, committed 60736K, reserved 1105920K
  class space    used 5892K, committed 6400K, reserved 1048576K
}
Event: 1714.003 GC heap after
{Heap after GC invocations=1171 (full 1080):
 PSYoungGen      total 50176K, used 34816K [0x00000000f5580000, 0x00000000f9b00000, 0x0000000100000000)
  eden space 34816K, 100% used [0x00000000f5580000,0x00000000f7780000,0x00000000f7780000)
  from space 15360K, 0% used [0x00000000f8c00000,0x00000000f8c00000,0x00000000f9b00000)
  to   space 18432K, 0% used [0x00000000f7780000,0x00000000f7780000,0x00000000f8980000)
 ParOldGen       total 349696K, used 349694K [0x00000000e0000000, 0x00000000f5580000, 0x00000000f5580000)
  object space 349696K, 99% used [0x00000000e0000000,0x00000000f557fa98,0x00000000f5580000)
 Metaspace       used 59579K, committed 60736K, reserved 1105920K
  class space    used 5892K, committed 6400K, reserved 1048576K
}
Event: 1714.003 GC heap before
{Heap before GC invocations=1172 (full 1081):
 PSYoungGen      total 50176K, used 34816K [0x00000000f5580000, 0x00000000f9b00000, 0x0000000100000000)
  eden space 34816K, 100% used [0x00000000f5580000,0x00000000f7780000,0x00000000f7780000)
  from space 15360K, 0% used [0x00000000f8c00000,0x00000000f8c00000,0x00000000f9b00000)
  to   space 18432K, 0% used [0x00000000f7780000,0x00000000f7780000,0x00000000f8980000)
 ParOldGen       total 349696K, used 349695K [0x00000000e0000000, 0x00000000f5580000, 0x00000000f5580000)
  object space 349696K, 99% used [0x00000000e0000000,0x00000000f557ffb0,0x00000000f5580000)
 Metaspace       used 59579K, committed 60736K, reserved 1105920K
  class space    used 5892K, committed 6400K, reserved 1048576K
}
Event: 1715.379 GC heap after
{Heap after GC invocations=1172 (full 1081):
 PSYoungGen      total 53248K, used 34815K [0x00000000f5580000, 0x00000000f9b00000, 0x0000000100000000)
  eden space 34816K, 99% used [0x00000000f5580000,0x00000000f777ff78,0x00000000f7780000)
  from space 18432K, 0% used [0x00000000f7780000,0x00000000f7780000,0x00000000f8980000)
  to   space 15360K, 0% used [0x00000000f8c00000,0x00000000f8c00000,0x00000000f9b00000)
 ParOldGen       total 349696K, used 349695K [0x00000000e0000000, 0x00000000f5580000, 0x00000000f5580000)
  object space 349696K, 99% used [0x00000000e0000000,0x00000000f557fcf8,0x00000000f5580000)
 Metaspace       used 59579K, committed 60736K, reserved 1105920K
  class space    used 5892K, committed 6400K, reserved 1048576K
}
Event: 1715.379 GC heap before
{Heap before GC invocations=1173 (full 1082):
 PSYoungGen      total 53248K, used 34815K [0x00000000f5580000, 0x00000000f9b00000, 0x0000000100000000)
  eden space 34816K, 99% used [0x00000000f5580000,0x00000000f777fff8,0x00000000f7780000)
  from space 18432K, 0% used [0x00000000f7780000,0x00000000f7780000,0x00000000f8980000)
  to   space 15360K, 0% used [0x00000000f8c00000,0x00000000f8c00000,0x00000000f9b00000)
 ParOldGen       total 349696K, used 349695K [0x00000000e0000000, 0x00000000f5580000, 0x00000000f5580000)
  object space 349696K, 99% used [0x00000000e0000000,0x00000000f557fcf8,0x00000000f5580000)
 Metaspace       used 59579K, committed 60736K, reserved 1105920K
  class space    used 5892K, committed 6400K, reserved 1048576K
}
Event: 1716.711 GC heap after
{Heap after GC invocations=1173 (full 1082):
 PSYoungGen      total 50176K, used 34815K [0x00000000f5580000, 0x00000000f9b00000, 0x0000000100000000)
  eden space 34816K, 99% used [0x00000000f5580000,0x00000000f777ffe8,0x00000000f7780000)
  from space 15360K, 0% used [0x00000000f8c00000,0x00000000f8c00000,0x00000000f9b00000)
  to   space 18432K, 0% used [0x00000000f7780000,0x00000000f7780000,0x00000000f8980000)
 ParOldGen       total 349696K, used 349695K [0x00000000e0000000, 0x00000000f5580000, 0x00000000f5580000)
  object space 349696K, 99% used [0x00000000e0000000,0x00000000f557fca0,0x00000000f5580000)
 Metaspace       used 59579K, committed 60736K, reserved 1105920K
  class space    used 5892K, committed 6400K, reserved 1048576K
}
Event: 1716.712 GC heap before
{Heap before GC invocations=1174 (full 1083):
 PSYoungGen      total 50176K, used 34815K [0x00000000f5580000, 0x00000000f9b00000, 0x0000000100000000)
  eden space 34816K, 99% used [0x00000000f5580000,0x00000000f777fff8,0x00000000f7780000)
  from space 15360K, 0% used [0x00000000f8c00000,0x00000000f8c00000,0x00000000f9b00000)
  to   space 18432K, 0% used [0x00000000f7780000,0x00000000f7780000,0x00000000f8980000)
 ParOldGen       total 349696K, used 349695K [0x00000000e0000000, 0x00000000f5580000, 0x00000000f5580000)
  object space 349696K, 99% used [0x00000000e0000000,0x00000000f557ffc0,0x00000000f5580000)
 Metaspace       used 59579K, committed 60736K, reserved 1105920K
  class space    used 5892K, committed 6400K, reserved 1048576K
}
Event: 1718.004 GC heap after
{Heap after GC invocations=1174 (full 1083):
 PSYoungGen      total 53248K, used 34815K [0x00000000f5580000, 0x00000000f9b00000, 0x0000000100000000)
  eden space 34816K, 99% used [0x00000000f5580000,0x00000000f777ff48,0x00000000f7780000)
  from space 18432K, 0% used [0x00000000f7780000,0x00000000f7780000,0x00000000f8980000)
  to   space 15360K, 0% used [0x00000000f8c00000,0x00000000f8c00000,0x00000000f9b00000)
 ParOldGen       total 349696K, used 349694K [0x00000000e0000000, 0x00000000f5580000, 0x00000000f5580000)
  object space 349696K, 99% used [0x00000000e0000000,0x00000000f557fae8,0x00000000f5580000)
 Metaspace       used 59579K, committed 60736K, reserved 1105920K
  class space    used 5892K, committed 6400K, reserved 1048576K
}
Event: 1718.004 GC heap before
{Heap before GC invocations=1175 (full 1084):
 PSYoungGen      total 53248K, used 34816K [0x00000000f5580000, 0x00000000f9b00000, 0x0000000100000000)
  eden space 34816K, 100% used [0x00000000f5580000,0x00000000f7780000,0x00000000f7780000)
  from space 18432K, 0% used [0x00000000f7780000,0x00000000f7780000,0x00000000f8980000)
  to   space 15360K, 0% used [0x00000000f8c00000,0x00000000f8c00000,0x00000000f9b00000)
 ParOldGen       total 349696K, used 349695K [0x00000000e0000000, 0x00000000f5580000, 0x00000000f5580000)
  object space 349696K, 99% used [0x00000000e0000000,0x00000000f557ffe0,0x00000000f5580000)
 Metaspace       used 59579K, committed 60736K, reserved 1105920K
  class space    used 5892K, committed 6400K, reserved 1048576K
}
Event: 1719.214 GC heap after
{Heap after GC invocations=1175 (full 1084):
 PSYoungGen      total 50176K, used 34815K [0x00000000f5580000, 0x00000000f9b00000, 0x0000000100000000)
  eden space 34816K, 99% used [0x00000000f5580000,0x00000000f777fff0,0x00000000f7780000)
  from space 15360K, 0% used [0x00000000f8c00000,0x00000000f8c00000,0x00000000f9b00000)
  to   space 18432K, 0% used [0x00000000f7780000,0x00000000f7780000,0x00000000f8980000)
 ParOldGen       total 349696K, used 349695K [0x00000000e0000000, 0x00000000f5580000, 0x00000000f5580000)
  object space 349696K, 99% used [0x00000000e0000000,0x00000000f557fd68,0x00000000f5580000)
 Metaspace       used 59579K, committed 60736K, reserved 1105920K
  class space    used 5892K, committed 6400K, reserved 1048576K
}
Event: 1719.214 GC heap before
{Heap before GC invocations=1176 (full 1085):
 PSYoungGen      total 50176K, used 34816K [0x00000000f5580000, 0x00000000f9b00000, 0x0000000100000000)
  eden space 34816K, 100% used [0x00000000f5580000,0x00000000f7780000,0x00000000f7780000)
  from space 15360K, 0% used [0x00000000f8c00000,0x00000000f8c00000,0x00000000f9b00000)
  to   space 18432K, 0% used [0x00000000f7780000,0x00000000f7780000,0x00000000f8980000)
 ParOldGen       total 349696K, used 349695K [0x00000000e0000000, 0x00000000f5580000, 0x00000000f5580000)
  object space 349696K, 99% used [0x00000000e0000000,0x00000000f557fff8,0x00000000f5580000)
 Metaspace       used 59579K, committed 60736K, reserved 1105920K
  class space    used 5892K, committed 6400K, reserved 1048576K
}
Event: 1720.490 GC heap after
{Heap after GC invocations=1176 (full 1085):
 PSYoungGen      total 53248K, used 34815K [0x00000000f5580000, 0x00000000f9b00000, 0x0000000100000000)
  eden space 34816K, 99% used [0x00000000f5580000,0x00000000f777ffa0,0x00000000f7780000)
  from space 18432K, 0% used [0x00000000f7780000,0x00000000f7780000,0x00000000f8980000)
  to   space 15360K, 0% used [0x00000000f8c00000,0x00000000f8c00000,0x00000000f9b00000)
 ParOldGen       total 349696K, used 349695K [0x00000000e0000000, 0x00000000f5580000, 0x00000000f5580000)
  object space 349696K, 99% used [0x00000000e0000000,0x00000000f557fe78,0x00000000f5580000)
 Metaspace       used 59579K, committed 60736K, reserved 1105920K
  class space    used 5892K, committed 6400K, reserved 1048576K
}
Event: 1720.490 GC heap before
{Heap before GC invocations=1177 (full 1086):
 PSYoungGen      total 53248K, used 34815K [0x00000000f5580000, 0x00000000f9b00000, 0x0000000100000000)
  eden space 34816K, 99% used [0x00000000f5580000,0x00000000f777fff8,0x00000000f7780000)
  from space 18432K, 0% used [0x00000000f7780000,0x00000000f7780000,0x00000000f8980000)
  to   space 15360K, 0% used [0x00000000f8c00000,0x00000000f8c00000,0x00000000f9b00000)
 ParOldGen       total 349696K, used 349695K [0x00000000e0000000, 0x00000000f5580000, 0x00000000f5580000)
  object space 349696K, 99% used [0x00000000e0000000,0x00000000f557fe78,0x00000000f5580000)
 Metaspace       used 59579K, committed 60736K, reserved 1105920K
  class space    used 5892K, committed 6400K, reserved 1048576K
}
Event: 1721.588 GC heap after
{Heap after GC invocations=1177 (full 1086):
 PSYoungGen      total 50176K, used 34815K [0x00000000f5580000, 0x00000000f9b00000, 0x0000000100000000)
  eden space 34816K, 99% used [0x00000000f5580000,0x00000000f777fff8,0x00000000f7780000)
  from space 15360K, 0% used [0x00000000f8c00000,0x00000000f8c00000,0x00000000f9b00000)
  to   space 18432K, 0% used [0x00000000f7780000,0x00000000f7780000,0x00000000f8980000)
 ParOldGen       total 349696K, used 349695K [0x00000000e0000000, 0x00000000f5580000, 0x00000000f5580000)
  object space 349696K, 99% used [0x00000000e0000000,0x00000000f557fe58,0x00000000f5580000)
 Metaspace       used 59579K, committed 60736K, reserved 1105920K
  class space    used 5892K, committed 6400K, reserved 1048576K
}
Event: 1721.589 GC heap before
{Heap before GC invocations=1178 (full 1087):
 PSYoungGen      total 50176K, used 34815K [0x00000000f5580000, 0x00000000f9b00000, 0x0000000100000000)
  eden space 34816K, 99% used [0x00000000f5580000,0x00000000f777fff8,0x00000000f7780000)
  from space 15360K, 0% used [0x00000000f8c00000,0x00000000f8c00000,0x00000000f9b00000)
  to   space 18432K, 0% used [0x00000000f7780000,0x00000000f7780000,0x00000000f8980000)
 ParOldGen       total 349696K, used 349695K [0x00000000e0000000, 0x00000000f5580000, 0x00000000f5580000)
  object space 349696K, 99% used [0x00000000e0000000,0x00000000f557fff0,0x00000000f5580000)
 Metaspace       used 59579K, committed 60736K, reserved 1105920K
  class space    used 5892K, committed 6400K, reserved 1048576K
}
Event: 1722.800 GC heap after
{Heap after GC invocations=1178 (full 1087):
 PSYoungGen      total 53248K, used 34815K [0x00000000f5580000, 0x00000000f9b00000, 0x0000000100000000)
  eden space 34816K, 99% used [0x00000000f5580000,0x00000000f777ffd8,0x00000000f7780000)
  from space 18432K, 0% used [0x00000000f7780000,0x00000000f7780000,0x00000000f8980000)
  to   space 15360K, 0% used [0x00000000f8c00000,0x00000000f8c00000,0x00000000f9b00000)
 ParOldGen       total 349696K, used 349695K [0x00000000e0000000, 0x00000000f5580000, 0x00000000f5580000)
  object space 349696K, 99% used [0x00000000e0000000,0x00000000f557fe88,0x00000000f5580000)
 Metaspace       used 59579K, committed 60736K, reserved 1105920K
  class space    used 5892K, committed 6400K, reserved 1048576K
}
Event: 1722.800 GC heap before
{Heap before GC invocations=1179 (full 1088):
 PSYoungGen      total 53248K, used 34815K [0x00000000f5580000, 0x00000000f9b00000, 0x0000000100000000)
  eden space 34816K, 99% used [0x00000000f5580000,0x00000000f777ffd8,0x00000000f7780000)
  from space 18432K, 0% used [0x00000000f7780000,0x00000000f7780000,0x00000000f8980000)
  to   space 15360K, 0% used [0x00000000f8c00000,0x00000000f8c00000,0x00000000f9b00000)
 ParOldGen       total 349696K, used 349695K [0x00000000e0000000, 0x00000000f5580000, 0x00000000f5580000)
  object space 349696K, 99% used [0x00000000e0000000,0x00000000f557fe88,0x00000000f5580000)
 Metaspace       used 59579K, committed 60736K, reserved 1105920K
  class space    used 5892K, committed 6400K, reserved 1048576K
}
Event: 1724.099 GC heap after
{Heap after GC invocations=1179 (full 1088):
 PSYoungGen      total 50176K, used 34815K [0x00000000f5580000, 0x00000000f9b00000, 0x0000000100000000)
  eden space 34816K, 99% used [0x00000000f5580000,0x00000000f777ffd8,0x00000000f7780000)
  from space 15360K, 0% used [0x00000000f8c00000,0x00000000f8c00000,0x00000000f9b00000)
  to   space 18432K, 0% used [0x00000000f7780000,0x00000000f7780000,0x00000000f8980000)
 ParOldGen       total 349696K, used 349695K [0x00000000e0000000, 0x00000000f5580000, 0x00000000f5580000)
  object space 349696K, 99% used [0x00000000e0000000,0x00000000f557fe88,0x00000000f5580000)
 Metaspace       used 59579K, committed 60736K, reserved 1105920K
  class space    used 5892K, committed 6400K, reserved 1048576K
}
Event: 1724.100 GC heap before
{Heap before GC invocations=1180 (full 1089):
 PSYoungGen      total 50176K, used 34815K [0x00000000f5580000, 0x00000000f9b00000, 0x0000000100000000)
  eden space 34816K, 99% used [0x00000000f5580000,0x00000000f777fff0,0x00000000f7780000)
  from space 15360K, 0% used [0x00000000f8c00000,0x00000000f8c00000,0x00000000f9b00000)
  to   space 18432K, 0% used [0x00000000f7780000,0x00000000f7780000,0x00000000f8980000)
 ParOldGen       total 349696K, used 349695K [0x00000000e0000000, 0x00000000f5580000, 0x00000000f5580000)
  object space 349696K, 99% used [0x00000000e0000000,0x00000000f557ffe8,0x00000000f5580000)
 Metaspace       used 59579K, committed 60736K, reserved 1105920K
  class space    used 5892K, committed 6400K, reserved 1048576K
}
Event: 1725.523 GC heap after
{Heap after GC invocations=1180 (full 1089):
 PSYoungGen      total 53248K, used 34815K [0x00000000f5580000, 0x00000000f9b00000, 0x0000000100000000)
  eden space 34816K, 99% used [0x00000000f5580000,0x00000000f777fff0,0x00000000f7780000)
  from space 18432K, 0% used [0x00000000f7780000,0x00000000f7780000,0x00000000f8980000)
  to   space 15360K, 0% used [0x00000000f8c00000,0x00000000f8c00000,0x00000000f9b00000)
 ParOldGen       total 349696K, used 349695K [0x00000000e0000000, 0x00000000f5580000, 0x00000000f5580000)
  object space 349696K, 99% used [0x00000000e0000000,0x00000000f557fcc0,0x00000000f5580000)
 Metaspace       used 59579K, committed 60736K, reserved 1105920K
  class space    used 5892K, committed 6400K, reserved 1048576K
}

Dll operation events (9 events):
Event: 0.002 Loaded shared library /nix/store/gpxl5qgg8kicmcvivwmybwjlpf7wh20l-graalvm17-ce-22.3.0/lib/libjava.so
Event: 0.008 Loaded shared library /nix/store/gpxl5qgg8kicmcvivwmybwjlpf7wh20l-graalvm17-ce-22.3.0/lib/libjsvml.so
Event: 0.216 Loaded shared library /nix/store/gpxl5qgg8kicmcvivwmybwjlpf7wh20l-graalvm17-ce-22.3.0/lib/libnio.so
Event: 0.220 Loaded shared library /nix/store/gpxl5qgg8kicmcvivwmybwjlpf7wh20l-graalvm17-ce-22.3.0/lib/libzip.so
Event: 0.223 Loaded shared library /nix/store/gpxl5qgg8kicmcvivwmybwjlpf7wh20l-graalvm17-ce-22.3.0/lib/libjvmcicompiler.so
Event: 0.693 Loaded shared library /nix/store/gpxl5qgg8kicmcvivwmybwjlpf7wh20l-graalvm17-ce-22.3.0/lib/libjimage.so
Event: 1.287 Loaded shared library /nix/store/gpxl5qgg8kicmcvivwmybwjlpf7wh20l-graalvm17-ce-22.3.0/lib/libnet.so
Event: 4.992 Loaded shared library /home/runner/.cache/jdt-language-server/config/org.eclipse.equinox.launcher/org.eclipse.equinox.launcher.gtk.linux.x86_64_1.2.400.v20211117-0650/eclipse_11600.so
Event: 14.080 Loaded shared library /nix/store/gpxl5qgg8kicmcvivwmybwjlpf7wh20l-graalvm17-ce-22.3.0/lib/libextnet.so

Deoptimization events (20 events):
Event: 449.808 Thread 0x00007f5950001dd0 Uncommon trap: trap_request=0xffffffed fr.pc=0x00007f59df1e935b relative=0x000000000000005b
Event: 449.808 Thread 0x00007f5950001dd0 Uncommon trap: reason=null_assert_or_unreached0 action=reinterpret pc=0x00007f59df1e935b method=java.lang.Thread.interrupted()Z @ 8 jvmci
Event: 449.808 Thread 0x00007f5950001dd0 DEOPT PACKING pc=0x00007f59df1e935b sp=0x00007f599aefe650
Event: 449.808 Thread 0x00007f5950001dd0 DEOPT UNPACKING pc=0x00007f59d7505325 sp=0x00007f599aefdae0 mode 3
Event: 453.343 Thread 0x00007f59f00b21e0 DEOPT PACKING pc=0x00007f59d7a76d0a sp=0x00007f59d4c17f30
Event: 453.343 Thread 0x00007f59f00b21e0 DEOPT UNPACKING pc=0x00007f59d7505325 sp=0x00007f59d4c17458 mode 0
Event: 837.488 Thread 0x00007f59f04ce810 Uncommon trap: trap_request=0xffffffed fr.pc=0x00007f59df1c5358 relative=0x0000000000001438
Event: 837.488 Thread 0x00007f59f04ce810 Uncommon trap: reason=null_assert_or_unreached0 action=reinterpret pc=0x00007f59df1c5358 method=org.eclipse.jdt.internal.compiler.parser.Scanner.internalScanIdentifierOrKeyword(II[C)I @ 0 jvmci
Event: 837.488 Thread 0x00007f59f04ce810 DEOPT PACKING pc=0x00007f59df1c5358 sp=0x00007f599b3fcc50
Event: 837.488 Thread 0x00007f59f04ce810 DEOPT UNPACKING pc=0x00007f59d7505325 sp=0x00007f599b3fc0e0 mode 3
Event: 1338.995 Thread 0x00007f595418f980 Uncommon trap: trap_request=0xffffffdd fr.pc=0x00007f59df1ce2d2 relative=0x0000000000000612
Event: 1338.995 Thread 0x00007f595418f980 Uncommon trap: reason=class_check action=reinterpret pc=0x00007f59df1ce2d2 method=java.util.TimSort.binarySort([Ljava/lang/Object;IIILjava/util/Comparator;)V @ 32 jvmci
Event: 1338.995 Thread 0x00007f595418f980 DEOPT PACKING pc=0x00007f59df1ce2d2 sp=0x00007f599c6fd640
Event: 1338.995 Thread 0x00007f595418f980 DEOPT UNPACKING pc=0x00007f59d7505325 sp=0x00007f599c6fcb00 mode 3
Event: 1521.721 Thread 0x00007f595418f980 DEOPT PACKING pc=0x00007f59d894aadd sp=0x00007f599c6fced0
Event: 1521.721 Thread 0x00007f595418f980 DEOPT UNPACKING pc=0x00007f59d7505325 sp=0x00007f599c6fc398 mode 0
Event: 1711.298 Thread 0x00007f596c0010d0 Uncommon trap: trap_request=0xffffff8f fr.pc=0x00007f59defbde94 relative=0x0000000000000274
Event: 1711.298 Thread 0x00007f596c0010d0 Uncommon trap: reason=constraint action=none pc=0x00007f59defbde94 method=java.lang.StringLatin1.newString([BII)Ljava/lang/String; @ 0 jvmci
Event: 1711.298 Thread 0x00007f596c0010d0 DEOPT PACKING pc=0x00007f59defbde94 sp=0x00007f599bdfe4b0
Event: 1711.298 Thread 0x00007f596c0010d0 DEOPT UNPACKING pc=0x00007f59d7505325 sp=0x00007f599bdfd940 mode 3

Classes unloaded (20 events):
Event: 71.735 Thread 0x00007f59f00a1c10 Unloading class 0x0000000800ef4800 'jdk/internal/reflect/GeneratedConstructorAccessor10'
Event: 71.735 Thread 0x00007f59f00a1c10 Unloading class 0x0000000800d99000 'java/lang/invoke/LambdaForm$MH+0x0000000800d99000'
Event: 71.735 Thread 0x00007f59f00a1c10 Unloading class 0x0000000800d98c00 'java/lang/invoke/LambdaForm$MH+0x0000000800d98c00'
Event: 71.735 Thread 0x00007f59f00a1c10 Unloading class 0x0000000800d98800 'java/lang/invoke/LambdaForm$MH+0x0000000800d98800'
Event: 71.735 Thread 0x00007f59f00a1c10 Unloading class 0x0000000800d98400 'java/lang/invoke/LambdaForm$MH+0x0000000800d98400'
Event: 71.735 Thread 0x00007f59f00a1c10 Unloading class 0x0000000800d98000 'jdk/internal/reflect/GeneratedConstructorAccessor3'
Event: 71.735 Thread 0x00007f59f00a1c10 Unloading class 0x0000000800d06800 'java/lang/invoke/LambdaForm$MH+0x0000000800d06800'
Event: 71.735 Thread 0x00007f59f00a1c10 Unloading class 0x0000000800d06000 'java/lang/invoke/LambdaForm$MH+0x0000000800d06000'
Event: 71.735 Thread 0x00007f59f00a1c10 Unloading class 0x0000000800d05c00 'java/lang/invoke/LambdaForm$MH+0x0000000800d05c00'
Event: 71.735 Thread 0x00007f59f00a1c10 Unloading class 0x0000000800d05800 'java/lang/invoke/LambdaForm$MH+0x0000000800d05800'
Event: 71.735 Thread 0x00007f59f00a1c10 Unloading class 0x0000000800d05000 'java/lang/invoke/LambdaForm$MH+0x0000000800d05000'
Event: 71.735 Thread 0x00007f59f00a1c10 Unloading class 0x0000000800d04c00 'java/lang/invoke/LambdaForm$MH+0x0000000800d04c00'
Event: 71.735 Thread 0x00007f59f00a1c10 Unloading class 0x0000000800d04800 'java/lang/invoke/LambdaForm$MH+0x0000000800d04800'
Event: 71.735 Thread 0x00007f59f00a1c10 Unloading class 0x0000000800d04000 'java/lang/invoke/LambdaForm$MH+0x0000000800d04000'
Event: 71.735 Thread 0x00007f59f00a1c10 Unloading class 0x0000000800c1d000 'jdk/internal/reflect/GeneratedMethodAccessor5'
Event: 71.735 Thread 0x00007f59f00a1c10 Unloading class 0x0000000800c1cc00 'jdk/internal/reflect/GeneratedMethodAccessor4'
Event: 71.735 Thread 0x00007f59f00a1c10 Unloading class 0x0000000800c1c800 'jdk/internal/reflect/GeneratedMethodAccessor3'
Event: 71.735 Thread 0x00007f59f00a1c10 Unloading class 0x0000000800c1c400 'jdk/internal/reflect/GeneratedMethodAccessor2'
Event: 71.735 Thread 0x00007f59f00a1c10 Unloading class 0x0000000800c1c000 'jdk/internal/reflect/GeneratedMethodAccessor1'
Event: 71.735 Thread 0x00007f59f00a1c10 Unloading class 0x0000000800c01c00 'java/lang/invoke/LambdaForm$DMH+0x0000000800c01c00'

Classes redefined (0 events):
No events

Internal exceptions (20 events):
Event: 38.418 Thread 0x00007f5974001580 Exception <a 'sun/nio/fs/UnixException'{0x00000000f63a1c90}> (0x00000000f63a1c90) 
thrown [src/hotspot/share/prims/jni.cpp, line 516]
Event: 39.147 Thread 0x00007f59f04ce810 Exception <a 'java/lang/NoSuchMethodError'{0x00000000f56d8e00}: 'java.lang.Object java.lang.invoke.DirectMethodHandle$Holder.invokeInterface(java.lang.Object, java.lang.Object, java.lang.Object)'> (0x00000000f56d8e00) 
thrown [src/hotspot/share/interpreter/linkResolver.cpp, line 758]
Event: 39.755 Thread 0x00007f597401b3d0 Exception <a 'java/lang/NoSuchMethodError'{0x00000000f5a0bba8}: static [Lorg/eclipse/core/runtime/IPath;.<clinit>()V> (0x00000000f5a0bba8) 
thrown [src/hotspot/share/prims/jni.cpp, line 1107]
Event: 39.843 Thread 0x00007f597401b3d0 Exception <a 'java/lang/NoSuchMethodError'{0x00000000f5af4668}: static [J.<clinit>()V> (0x00000000f5af4668) 
thrown [src/hotspot/share/prims/jni.cpp, line 1107]
Event: 43.340 Thread 0x00007f5960000ff0 Exception <a 'java/lang/NoSuchMethodError'{0x00000000f5662430}: 'java.lang.Object java.lang.invoke.DirectMethodHandle$Holder.newInvokeSpecial(java.lang.Object, java.lang.Object, java.lang.Object, int, java.lang.Object)'> (0x00000000f5662430) 
thrown [src/hotspot/share/interpreter/linkResolver.cpp, line 758]
Event: 43.341 Thread 0x00007f5960000ff0 Exception <a 'java/lang/NoSuchMethodError'{0x00000000f5667140}: 'java.lang.Object java.lang.invoke.DirectMethodHandle$Holder.invokeSpecial(java.lang.Object, java.lang.Object, java.lang.Object, java.lang.Object, int, java.lang.Object)'> (0x00000000f5667140) 
thrown [src/hotspot/share/interpreter/linkResolver.cpp, line 758]
Event: 43.341 Thread 0x00007f5960000ff0 Exception <a 'java/lang/NoSuchMethodError'{0x00000000f566b0d0}: 'java.lang.Object java.lang.invoke.Invokers$Holder.linkToTargetMethod(java.lang.Object, java.lang.Object, int, java.lang.Object, java.lang.Object)'> (0x00000000f566b0d0) 
thrown [src/hotspot/share/interpreter/linkResolver.cpp, line 758]
Event: 45.135 Thread 0x00007f598448a5c0 Implicit null exception at 0x00007f59df172892 to 0x00007f59df1767ed
Event: 45.184 Thread 0x00007f598430abd0 Exception <a 'java/io/FileNotFoundException'{0x00000000f6670308}> (0x00000000f6670308) 
thrown [src/hotspot/share/prims/jni.cpp, line 516]
Event: 45.190 Thread 0x00007f598430abd0 Exception <a 'java/lang/NoSuchMethodError'{0x00000000f66a1af0}: 'java.lang.Object java.lang.invoke.DirectMethodHandle$Holder.newInvokeSpecial(java.lang.Object, java.lang.Object, int, java.lang.Object, java.lang.Object)'> (0x00000000f66a1af0) 
thrown [src/hotspot/share/interpreter/linkResolver.cpp, line 758]
Event: 45.190 Thread 0x00007f598430abd0 Exception <a 'java/lang/NoSuchMethodError'{0x00000000f66a5f70}: 'java.lang.Object java.lang.invoke.DirectMethodHandle$Holder.invokeSpecial(java.lang.Object, java.lang.Object, java.lang.Object, int, java.lang.Object, java.lang.Object)'> (0x00000000f66a5f70) 
thrown [src/hotspot/share/interpreter/linkResolver.cpp, line 758]
Event: 46.686 Thread 0x00007f595418f980 Implicit null exception at 0x00007f59df0d2369 to 0x00007f59df0d251b
Event: 49.780 Thread 0x00007f595418f980 Exception <a 'java/lang/NoSuchMethodError'{0x00000000f579bdf8}: 'java.lang.Object java.lang.invoke.DirectMethodHandle$Holder.invokeStatic(java.lang.Object, int, java.lang.Object, java.lang.Object, java.lang.Object, java.lang.Object)'> (0x00000000f579bdf8) 
thrown [src/hotspot/share/interpreter/linkResolver.cpp, line 758]
Event: 49.781 Thread 0x00007f595418f980 Exception <a 'java/lang/NoSuchMethodError'{0x00000000f57a4318}: 'java.lang.Object java.lang.invoke.DirectMethodHandle$Holder.newInvokeSpecial(java.lang.Object, int, java.lang.Object, java.lang.Object, java.lang.Object)'> (0x00000000f57a4318) 
thrown [src/hotspot/share/interpreter/linkResolver.cpp, line 758]
Event: 50.387 Thread 0x00007f595418f980 Exception <a 'java/lang/NoSuchMethodError'{0x00000000f7381788}: 'void java.lang.invoke.DirectMethodHandle$Holder.invokeSpecial(java.lang.Object, java.lang.Object, int)'> (0x00000000f7381788) 
thrown [src/hotspot/share/interpreter/linkResolver.cpp, line 758]
Event: 50.792 Thread 0x00007f598448a5c0 Implicit null exception at 0x00007f59df17dabd to 0x00007f59df17dfaa
Event: 51.982 Thread 0x00007f595418f980 Exception <a 'java/lang/NoSuchMethodError'{0x00000000f6463648}: 'int java.lang.invoke.DirectMethodHandle$Holder.invokeSpecialIFC(java.lang.Object, java.lang.Object, java.lang.Object, java.lang.Object)'> (0x00000000f6463648) 
thrown [src/hotspot/share/interpreter/linkResolver.cpp, line 758]
Event: 1711.298 Thread 0x00007f596c0010d0 Exception <a 'java/lang/OutOfMemoryError'{0x00000000e0011148}> (0x00000000e0011148) 
thrown [src/hotspot/share/gc/shared/memAllocator.cpp, line 138]
Event: 1711.298 Thread 0x00007f596c0010d0 Implicit null exception at 0x00007f59defbddaf to 0x00007f59defbde79
Event: 1724.099 Thread 0x00007f59f00b21e0 Exception <a 'java/lang/OutOfMemoryError'{0x00000000e0010608}> (0x00000000e0010608) 
thrown [src/hotspot/share/gc/shared/memAllocator.cpp, line 136]

VM Operations (20 events):
Event: 1711.298 Executing VM operation: ParallelGCFailedAllocation done
Event: 1711.298 Executing VM operation: ParallelGCFailedAllocation
Event: 1712.707 Executing VM operation: ParallelGCFailedAllocation done
Event: 1712.707 Executing VM operation: ParallelGCFailedAllocation
Event: 1714.003 Executing VM operation: ParallelGCFailedAllocation done
Event: 1714.003 Executing VM operation: ParallelGCFailedAllocation
Event: 1715.379 Executing VM operation: ParallelGCFailedAllocation done
Event: 1715.379 Executing VM operation: ParallelGCFailedAllocation
Event: 1716.711 Executing VM operation: ParallelGCFailedAllocation done
Event: 1716.711 Executing VM operation: ParallelGCFailedAllocation
Event: 1718.004 Executing VM operation: ParallelGCFailedAllocation done
Event: 1718.004 Executing VM operation: ParallelGCFailedAllocation
Event: 1719.214 Executing VM operation: ParallelGCFailedAllocation done
Event: 1719.214 Executing VM operation: ParallelGCFailedAllocation
Event: 1720.490 Executing VM operation: ParallelGCFailedAllocation done
Event: 1720.490 Executing VM operation: ParallelGCFailedAllocation
Event: 1721.588 Executing VM operation: ParallelGCFailedAllocation done
Event: 1721.589 Executing VM operation: ParallelGCFailedAllocation
Event: 1724.099 Executing VM operation: ParallelGCFailedAllocation done
Event: 1724.100 Executing VM operation: ParallelGCFailedAllocation

Events (20 events):
Event: 435.029 loading class java/io/InterruptedIOException done
Event: 435.029 loading class java/lang/UnsupportedOperationException
Event: 435.029 loading class java/lang/UnsupportedOperationException done
Event: 435.029 loading class javax/crypto/AEADBadTagException
Event: 435.029 loading class javax/crypto/AEADBadTagException done
Event: 435.029 loading class javax/net/ssl/SSLHandshakeException
Event: 435.029 loading class javax/net/ssl/SSLException
Event: 438.401 loading class javax/net/ssl/SSLException done
Event: 446.484 loading class javax/net/ssl/SSLHandshakeException done
Event: 449.807 loading class java/lang/AssertionError
Event: 449.807 loading class java/lang/AssertionError done
Event: 449.808 Thread 0x00007f5958448420 Thread exited: 0x00007f5958448420
Event: 453.343 Thread 0x00007f5950001dd0 Thread exited: 0x00007f5950001dd0
Event: 502.390 Thread 0x00007f59584493c0 Thread exited: 0x00007f59584493c0
Event: 1002.037 Thread 0x00007f595414d170 Thread added: 0x00007f595414d170
Event: 1002.037 Protecting memory [0x00007f599c200000,0x00007f599c204000] with protection modes 0
Event: 1034.929 Thread 0x00007f595414d6f0 Thread added: 0x00007f595414d6f0
Event: 1034.929 Protecting memory [0x00007f599ae00000,0x00007f599ae04000] with protection modes 0
Event: 1320.233 Thread 0x00007f595414e6f0 Thread added: 0x00007f595414e6f0
Event: 1320.276 Protecting memory [0x00007f59d4318000,0x00007f59d431c000] with protection modes 0


Dynamic libraries:
e0000000-f5580000 rw-p 00000000 00:00 0 
f5580000-f9b00000 rw-p 00000000 00:00 0 
f9b00000-100000000 ---p 00000000 00:00 0 
800000000-800449000 rw-p 00001000 00:1251 4611686019135357769            /nix/store/gpxl5qgg8kicmcvivwmybwjlpf7wh20l-graalvm17-ce-22.3.0/lib/server/classes.jsa
800449000-800bc8000 r--p 0044a000 00:1251 4611686019135357769            /nix/store/gpxl5qgg8kicmcvivwmybwjlpf7wh20l-graalvm17-ce-22.3.0/lib/server/classes.jsa
800bc8000-800c00000 ---p 00000000 00:00 0 
800c00000-800c20000 rw-p 00000000 00:00 0 
800c20000-800c40000 rw-p 00000000 00:00 0 
800c40000-800cc0000 rw-p 00000000 00:00 0 
800cc0000-800d00000 rw-p 00000000 00:00 0 
800d00000-800dc0000 rw-p 00000000 00:00 0 
800dc0000-800e00000 rw-p 00000000 00:00 0 
800e00000-800f40000 rw-p 00000000 00:00 0 
800f40000-800fc0000 rw-p 00000000 00:00 0 
800fc0000-801000000 rw-p 00000000 00:00 0 
801000000-801240000 rw-p 00000000 00:00 0 
801240000-840c00000 ---p 00000000 00:00 0 
55c33ce18000-55c33ce19000 r-xp 00000000 00:1251 4611686019099417844      /nix/store/gpxl5qgg8kicmcvivwmybwjlpf7wh20l-graalvm17-ce-22.3.0/bin/.java-wrapped
55c33ce1a000-55c33ce1b000 r--p 00001000 00:1251 4611686019099417844      /nix/store/gpxl5qgg8kicmcvivwmybwjlpf7wh20l-graalvm17-ce-22.3.0/bin/.java-wrapped
55c33ce1b000-55c33ce1c000 rw-p 00002000 00:1251 4611686019099417844      /nix/store/gpxl5qgg8kicmcvivwmybwjlpf7wh20l-graalvm17-ce-22.3.0/bin/.java-wrapped
55c33ce1c000-55c33ce1d000 rw-p 00004000 00:1251 4611686019099417844      /nix/store/gpxl5qgg8kicmcvivwmybwjlpf7wh20l-graalvm17-ce-22.3.0/bin/.java-wrapped
55c33ce1d000-55c33ce1e000 rw-p 00005000 00:1251 4611686019099417844      /nix/store/gpxl5qgg8kicmcvivwmybwjlpf7wh20l-graalvm17-ce-22.3.0/bin/.java-wrapped
55c33d3e8000-55c33d430000 rw-p 00000000 00:00 0                          [heap]
7f5924000000-7f5924237000 rw-p 00000000 00:00 0 
7f5924237000-7f5928000000 ---p 00000000 00:00 0 
7f592c000000-7f592c021000 rw-p 00000000 00:00 0 
7f592c021000-7f5930000000 ---p 00000000 00:00 0 
7f5930000000-7f5930021000 rw-p 00000000 00:00 0 
7f5930021000-7f5934000000 ---p 00000000 00:00 0 
7f5934000000-7f5934021000 rw-p 00000000 00:00 0 
7f5934021000-7f5938000000 ---p 00000000 00:00 0 
7f5938000000-7f5938021000 rw-p 00000000 00:00 0 
7f5938021000-7f593c000000 ---p 00000000 00:00 0 
7f593c000000-7f593c021000 rw-p 00000000 00:00 0 
7f593c021000-7f5940000000 ---p 00000000 00:00 0 
7f5941c00000-7f59421c0000 rw-p 00000000 00:00 0 
7f59421c0000-7f5942400000 ---p 00000000 00:00 0 
7f59424b3000-7f594c000000 r--s 00000000 00:1251 4611686019135192581      /nix/store/gpxl5qgg8kicmcvivwmybwjlpf7wh20l-graalvm17-ce-22.3.0/lib/modules
7f594c000000-7f594c06c000 rw-p 00000000 00:00 0 
7f594c06c000-7f5950000000 ---p 00000000 00:00 0 
7f5950000000-7f5950021000 rw-p 00000000 00:00 0 
7f5950021000-7f5954000000 ---p 00000000 00:00 0 
7f5954000000-7f59541b2000 rw-p 00000000 00:00 0 
7f59541b2000-7f5958000000 ---p 00000000 00:00 0 
7f5958000000-7f5958501000 rw-p 00000000 00:00 0 
7f5958501000-7f595c000000 ---p 00000000 00:00 0 
7f595c000000-7f595c021000 rw-p 00000000 00:00 0 
7f595c021000-7f5960000000 ---p 00000000 00:00 0 
7f5960000000-7f59600ea000 rw-p 00000000 00:00 0 
7f59600ea000-7f5964000000 ---p 00000000 00:00 0 
7f5964000000-7f5964081000 rw-p 00000000 00:00 0 
7f5964081000-7f5968000000 ---p 00000000 00:00 0 
7f5968000000-7f5968021000 rw-p 00000000 00:00 0 
7f5968021000-7f596c000000 ---p 00000000 00:00 0 
7f596c000000-7f596c321000 rw-p 00000000 00:00 0 
7f596c321000-7f5970000000 ---p 00000000 00:00 0 
7f5970000000-7f5970027000 rw-p 00000000 00:00 0 
7f5970027000-7f5974000000 ---p 00000000 00:00 0 
7f5974000000-7f5974028000 rw-p 00000000 00:00 0 
7f5974028000-7f5978000000 ---p 00000000 00:00 0 
7f5978000000-7f5978021000 rw-p 00000000 00:00 0 
7f5978021000-7f597c000000 ---p 00000000 00:00 0 
7f597c000000-7f597c021000 rw-p 00000000 00:00 0 
7f597c021000-7f5980000000 ---p 00000000 00:00 0 
7f5980400000-7f5980580000 rw-p 00000000 00:00 0 
7f5980580000-7f5980600000 rw-p 00000000 00:00 0 
7f5980600000-7f59808a0000 rw-p 00000000 00:00 0 
7f59808a0000-7f5980b00000 rw-p 00000000 00:00 0 
7f5980b00000-7f5980b50000 rw-p 00000000 00:00 0 
7f5980b50000-7f5980c00000 ---p 00000000 00:00 0 
7f5982000000-7f5982800000 rw-p 00000000 00:00 0 
7f5982800000-7f5982900000 rw-p 00000000 00:00 0 
7f5982900000-7f5982ae0000 rw-p 00000000 00:00 0 
7f5982ae0000-7f5982b00000 rw-p 00000000 00:00 0 
7f5982b00000-7f5982d00000 rw-p 00000000 00:00 0 
7f5982d00000-7f5982e00000 rw-p 00000000 00:00 0 
7f5982e00000-7f5982f00000 rw-p 00000000 00:00 0 
7f5982f00000-7f5983000000 rw-p 00000000 00:00 0 
7f5983000000-7f5983100000 rw-p 00000000 00:00 0 
7f5983100000-7f5983200000 rw-p 00000000 00:00 0 
7f5983200000-7f5983800000 rw-p 00000000 00:00 0 
7f5983800000-7f5983900000 rw-p 00000000 00:00 0 
7f5983900000-7f5983a00000 rw-p 00000000 00:00 0 
7f5983a00000-7f5983d00000 rw-p 00000000 00:00 0 
7f5983d00000-7f5983e00000 rw-p 00000000 00:00 0 
7f5983e00000-7f5984000000 rw-p 00000000 00:00 0 
7f5984000000-7f59848eb000 rw-p 00000000 00:00 0 
7f59848eb000-7f5988000000 ---p 00000000 00:00 0 
7f5988000000-7f5988037000 rw-p 00000000 00:00 0 
7f5988037000-7f598c000000 ---p 00000000 00:00 0 
7f598c000000-7f598c021000 rw-p 00000000 00:00 0 
7f598c021000-7f5990000000 ---p 00000000 00:00 0 
7f5990000000-7f5990021000 rw-p 00000000 00:00 0 
7f5990021000-7f5994000000 ---p 00000000 00:00 0 
7f5994000000-7f5994021000 rw-p 00000000 00:00 0 
7f5994021000-7f5998000000 ---p 00000000 00:00 0 
7f5998a00000-7f5998a10000 r-xp 00000000 00:124c 356                      /home/runner/.cache/jdt-language-server/config/org.eclipse.equinox.launcher/org.eclipse.equinox.launcher.gtk.linux.x86_64_1.2.400.v20211117-0650/eclipse_11600.so
7f5998a10000-7f5998c0f000 ---p 00010000 00:124c 356                      /home/runner/.cache/jdt-language-server/config/org.eclipse.equinox.launcher/org.eclipse.equinox.launcher.gtk.linux.x86_64_1.2.400.v20211117-0650/eclipse_11600.so
7f5998c0f000-7f5998c10000 r--p 0000f000 00:124c 356                      /home/runner/.cache/jdt-language-server/config/org.eclipse.equinox.launcher/org.eclipse.equinox.launcher.gtk.linux.x86_64_1.2.400.v20211117-0650/eclipse_11600.so
7f5998c10000-7f5998c11000 rw-p 00010000 00:124c 356                      /home/runner/.cache/jdt-language-server/config/org.eclipse.equinox.launcher/org.eclipse.equinox.launcher.gtk.linux.x86_64_1.2.400.v20211117-0650/eclipse_11600.so
7f5999700000-7f5999800000 ---p 00000000 00:00 0 
7f5999800000-7f5999daf000 r--p 01122000 00:1251 4611686019135190040      /nix/store/gpxl5qgg8kicmcvivwmybwjlpf7wh20l-graalvm17-ce-22.3.0/lib/libjvmcicompiler.so
7f5999daf000-7f5999f00000 r--p 00000000 00:00 0 
7f5999f00000-7f5999f3d000 rw-p 00000000 00:00 0 
7f5999f3d000-7f599a45d000 rw-p 0185f000 00:1251 4611686019135190040      /nix/store/gpxl5qgg8kicmcvivwmybwjlpf7wh20l-graalvm17-ce-22.3.0/lib/libjvmcicompiler.so
7f599a45d000-7f599a844000 r--p 01d7f000 00:1251 4611686019135190040      /nix/store/gpxl5qgg8kicmcvivwmybwjlpf7wh20l-graalvm17-ce-22.3.0/lib/libjvmcicompiler.so
7f599a900000-7f599a904000 ---p 00000000 00:00 0 
7f599a904000-7f599aa00000 rw-p 00000000 00:00 0 
7f599ab00000-7f599ab04000 ---p 00000000 00:00 0 
7f599ab04000-7f599ac00000 rw-p 00000000 00:00 0 
7f599ae00000-7f599ae04000 ---p 00000000 00:00 0 
7f599ae04000-7f599af00000 rw-p 00000000 00:00 0 
7f599af00000-7f599af04000 ---p 00000000 00:00 0 
7f599af04000-7f599b000000 rw-p 00000000 00:00 0 
7f599b100000-7f599b104000 ---p 00000000 00:00 0 
7f599b104000-7f599b200000 rw-p 00000000 00:00 0 
7f599b300000-7f599b304000 ---p 00000000 00:00 0 
7f599b304000-7f599b400000 rw-p 00000000 00:00 0 
7f599b500000-7f599b504000 ---p 00000000 00:00 0 
7f599b504000-7f599b600000 rw-p 00000000 00:00 0 
7f599b700000-7f599b704000 ---p 00000000 00:00 0 
7f599b704000-7f599b800000 rw-p 00000000 00:00 0 
7f599b900000-7f599b904000 ---p 00000000 00:00 0 
7f599b904000-7f599ba00000 rw-p 00000000 00:00 0 
7f599bb00000-7f599bb04000 ---p 00000000 00:00 0 
7f599bb04000-7f599bc00000 rw-p 00000000 00:00 0 
7f599bd00000-7f599bd04000 ---p 00000000 00:00 0 
7f599bd04000-7f599be00000 rw-p 00000000 00:00 0 
7f599bf00000-7f599bf04000 ---p 00000000 00:00 0 
7f599bf04000-7f599c000000 rw-p 00000000 00:00 0 
7f599c100000-7f599c104000 ---p 00000000 00:00 0 
7f599c104000-7f599c200000 rw-p 00000000 00:00 0 
7f599c200000-7f599c204000 ---p 00000000 00:00 0 
7f599c204000-7f599c300000 rw-p 00000000 00:00 0 
7f599c300000-7f599c304000 ---p 00000000 00:00 0 
7f599c304000-7f599c400000 rw-p 00000000 00:00 0 
7f599c400000-7f599c404000 ---p 00000000 00:00 0 
7f599c404000-7f599c500000 rw-p 00000000 00:00 0 
7f599c500000-7f599c504000 ---p 00000000 00:00 0 
7f599c504000-7f599c600000 rw-p 00000000 00:00 0 
7f599c600000-7f599c604000 ---p 00000000 00:00 0 
7f599c604000-7f599c700000 rw-p 00000000 00:00 0 
7f599c700000-7f599c704000 ---p 00000000 00:00 0 
7f599c704000-7f599c800000 rw-p 00000000 00:00 0 
7f599c900000-7f599c904000 ---p 00000000 00:00 0 
7f599c904000-7f599ca00000 rw-p 00000000 00:00 0 
7f599d668000-7f599db00000 rw-p 00000000 00:00 0 
7f599dc00000-7f599fd6a000 r-xp 00000000 00:1251 4611686019135190040      /nix/store/gpxl5qgg8kicmcvivwmybwjlpf7wh20l-graalvm17-ce-22.3.0/lib/libjvmcicompiler.so
7f599fd6a000-7f599ff69000 ---p 0216a000 00:1251 4611686019135190040      /nix/store/gpxl5qgg8kicmcvivwmybwjlpf7wh20l-graalvm17-ce-22.3.0/lib/libjvmcicompiler.so
7f599ff69000-7f599ff6a000 r--p 02169000 00:1251 4611686019135190040      /nix/store/gpxl5qgg8kicmcvivwmybwjlpf7wh20l-graalvm17-ce-22.3.0/lib/libjvmcicompiler.so
7f599ff6a000-7f599ff6c000 rw-p 0216a000 00:1251 4611686019135190040      /nix/store/gpxl5qgg8kicmcvivwmybwjlpf7wh20l-graalvm17-ce-22.3.0/lib/libjvmcicompiler.so
7f599ff6c000-7f599ff6d000 rw-p 00000000 00:00 0 
7f599ff6d000-7f599ff72000 rw-p 023c3000 00:1251 4611686019135190040      /nix/store/gpxl5qgg8kicmcvivwmybwjlpf7wh20l-graalvm17-ce-22.3.0/lib/libjvmcicompiler.so
7f59a0000000-7f59a0021000 rw-p 00000000 00:00 0 
7f59a0021000-7f59a4000000 ---p 00000000 00:00 0 
7f59a4000000-7f59a4021000 rw-p 00000000 00:00 0 
7f59a4021000-7f59a8000000 ---p 00000000 00:00 0 
7f59a8000000-7f59a8021000 rw-p 00000000 00:00 0 
7f59a8021000-7f59ac000000 ---p 00000000 00:00 0 
7f59ac000000-7f59ac021000 rw-p 00000000 00:00 0 
7f59ac021000-7f59b0000000 ---p 00000000 00:00 0 
7f59b0000000-7f59b00cf000 rw-p 00000000 00:00 0 
7f59b00cf000-7f59b4000000 ---p 00000000 00:00 0 
7f59b4000000-7f59b4baf000 rw-p 00000000 00:00 0 
7f59b4baf000-7f59b8000000 ---p 00000000 00:00 0 
7f59b8000000-7f59b8021000 rw-p 00000000 00:00 0 
7f59b8021000-7f59bc000000 ---p 00000000 00:00 0 
7f59bc000000-7f59bc021000 rw-p 00000000 00:00 0 
7f59bc021000-7f59c0000000 ---p 00000000 00:00 0 
7f59c0000000-7f59c0021000 rw-p 00000000 00:00 0 
7f59c0021000-7f59c4000000 ---p 00000000 00:00 0 
7f59c4000000-7f59c4021000 rw-p 00000000 00:00 0 
7f59c4021000-7f59c8000000 ---p 00000000 00:00 0 
7f59c8000000-7f59c8021000 rw-p 00000000 00:00 0 
7f59c8021000-7f59cc000000 ---p 00000000 00:00 0 
7f59cc000000-7f59cc021000 rw-p 00000000 00:00 0 
7f59cc021000-7f59d0000000 ---p 00000000 00:00 0 
7f59d0000000-7f59d0095000 rw-p 00000000 00:00 0 
7f59d0095000-7f59d4000000 ---p 00000000 00:00 0 
7f59d4000000-7f59d4004000 ---p 00000000 00:00 0 
7f59d4004000-7f59d4100000 rw-p 00000000 00:00 0 
7f59d4200000-7f59d4204000 ---p 00000000 00:00 0 
7f59d4204000-7f59d4300000 rw-p 00000000 00:00 0 
7f59d4318000-7f59d431c000 ---p 00000000 00:00 0 
7f59d431c000-7f59d4418000 rw-p 00000000 00:00 0 
7f59d4418000-7f59d4419000 ---p 00000000 00:00 0 
7f59d4419000-7f59d451a000 rw-p 00000000 00:00 0 
7f59d451a000-7f59d451e000 ---p 00000000 00:00 0 
7f59d451e000-7f59d461a000 rw-p 00000000 00:00 0 
7f59d461a000-7f59d461e000 ---p 00000000 00:00 0 
7f59d461e000-7f59d471a000 rw-p 00000000 00:00 0 
7f59d471a000-7f59d471e000 ---p 00000000 00:00 0 
7f59d471e000-7f59d481a000 rw-p 00000000 00:00 0 
7f59d481a000-7f59d481e000 ---p 00000000 00:00 0 
7f59d481e000-7f59d4a1a000 rw-p 00000000 00:00 0 
7f59d4a1a000-7f59d4a1e000 ---p 00000000 00:00 0 
7f59d4a1e000-7f59d4c1a000 rw-p 00000000 00:00 0 
7f59d4c1a000-7f59d4c1e000 ---p 00000000 00:00 0 
7f59d4c1e000-7f59d4d1a000 rw-p 00000000 00:00 0 
7f59d4d1a000-7f59d4d1e000 ---p 00000000 00:00 0 
7f59d4d1e000-7f59d4e1a000 rw-p 00000000 00:00 0 
7f59d4e1a000-7f59d4e1e000 ---p 00000000 00:00 0 
7f59d4e1e000-7f59d4f1a000 rw-p 00000000 00:00 0 
7f59d4f1a000-7f59d5200000 r--p 00000000 00:f6a 28444448                  /usr/lib/locale/locale-archive
7f59d5200000-7f59d5204000 ---p 00000000 00:00 0 
7f59d5204000-7f59d5300000 rw-p 00000000 00:00 0 
7f59d5300000-7f59d5304000 ---p 00000000 00:00 0 
7f59d5304000-7f59d5800000 rw-p 00000000 00:00 0 
7f59d5800000-7f59d5b00000 rw-p 00000000 00:00 0 
7f59d5b00000-7f59d5c00000 rw-p 00000000 00:00 0 
7f59d5cdb000-7f59d5cdc000 ---p 00000000 00:00 0 
7f59d5cdc000-7f59d5ddd000 rw-p 00000000 00:00 0 
7f59d5ddd000-7f59d5eab000 r-xp 00000000 00:1251 4611686019135190036      /nix/store/gpxl5qgg8kicmcvivwmybwjlpf7wh20l-graalvm17-ce-22.3.0/lib/libjsvml.so
7f59d5eab000-7f59d5eac000 r--p 000cd000 00:1251 4611686019135190036      /nix/store/gpxl5qgg8kicmcvivwmybwjlpf7wh20l-graalvm17-ce-22.3.0/lib/libjsvml.so
7f59d5eac000-7f59d5ead000 rw-p 000ce000 00:1251 4611686019135190036      /nix/store/gpxl5qgg8kicmcvivwmybwjlpf7wh20l-graalvm17-ce-22.3.0/lib/libjsvml.so
7f59d5ead000-7f59d74b3000 rw-p 00000000 00:00 0 
7f59d74b3000-7f59d7723000 rwxp 00000000 00:00 0 
7f59d7723000-7f59d7a42000 ---p 00000000 00:00 0 
7f59d7a42000-7f59d8a12000 rwxp 00000000 00:00 0 
7f59d8a12000-7f59def7a000 ---p 00000000 00:00 0 
7f59def7a000-7f59df20a000 rwxp 00000000 00:00 0 
7f59df20a000-7f59e64b3000 ---p 00000000 00:00 0 
7f59e64b3000-7f59f0000000 r--s 00000000 00:1251 4611686019135192581      /nix/store/gpxl5qgg8kicmcvivwmybwjlpf7wh20l-graalvm17-ce-22.3.0/lib/modules
7f59f0000000-7f59f062a000 rw-p 00000000 00:00 0 
7f59f062a000-7f59f4000000 ---p 00000000 00:00 0 
7f59f4054000-7f59f4056000 r-xp 00000000 00:1251 4611686019135190017      /nix/store/gpxl5qgg8kicmcvivwmybwjlpf7wh20l-graalvm17-ce-22.3.0/lib/libextnet.so
7f59f4056000-7f59f4057000 r--p 00001000 00:1251 4611686019135190017      /nix/store/gpxl5qgg8kicmcvivwmybwjlpf7wh20l-graalvm17-ce-22.3.0/lib/libextnet.so
7f59f4057000-7f59f4058000 rw-p 00002000 00:1251 4611686019135190017      /nix/store/gpxl5qgg8kicmcvivwmybwjlpf7wh20l-graalvm17-ce-22.3.0/lib/libextnet.so
7f59f4058000-7f59f4059000 rw-p 00004000 00:1251 4611686019135190017      /nix/store/gpxl5qgg8kicmcvivwmybwjlpf7wh20l-graalvm17-ce-22.3.0/lib/libextnet.so
7f59f4059000-7f59f405d000 ---p 00000000 00:00 0 
7f59f405d000-7f59f407b000 rw-p 00000000 00:00 0 
7f59f407b000-7f59f4082000 r-xp 00000000 00:1251 4611686019135192580      /nix/store/gpxl5qgg8kicmcvivwmybwjlpf7wh20l-graalvm17-ce-22.3.0/lib/libzip.so
7f59f4082000-7f59f4083000 ---p 00007000 00:1251 4611686019135192580      /nix/store/gpxl5qgg8kicmcvivwmybwjlpf7wh20l-graalvm17-ce-22.3.0/lib/libzip.so
7f59f4083000-7f59f4084000 r--p 00007000 00:1251 4611686019135192580      /nix/store/gpxl5qgg8kicmcvivwmybwjlpf7wh20l-graalvm17-ce-22.3.0/lib/libzip.so
7f59f4084000-7f59f4085000 rw-p 00008000 00:1251 4611686019135192580      /nix/store/gpxl5qgg8kicmcvivwmybwjlpf7wh20l-graalvm17-ce-22.3.0/lib/libzip.so
7f59f4085000-7f59f4087000 rw-p 0000b000 00:1251 4611686019135192580      /nix/store/gpxl5qgg8kicmcvivwmybwjlpf7wh20l-graalvm17-ce-22.3.0/lib/libzip.so
7f59f4087000-7f59f409c000 r-xp 00000000 00:1251 4611686019135192570      /nix/store/gpxl5qgg8kicmcvivwmybwjlpf7wh20l-graalvm17-ce-22.3.0/lib/libnet.so
7f59f409c000-7f59f409d000 ---p 00015000 00:1251 4611686019135192570      /nix/store/gpxl5qgg8kicmcvivwmybwjlpf7wh20l-graalvm17-ce-22.3.0/lib/libnet.so
7f59f409d000-7f59f409e000 r--p 00015000 00:1251 4611686019135192570      /nix/store/gpxl5qgg8kicmcvivwmybwjlpf7wh20l-graalvm17-ce-22.3.0/lib/libnet.so
7f59f409e000-7f59f409f000 rw-p 00016000 00:1251 4611686019135192570      /nix/store/gpxl5qgg8kicmcvivwmybwjlpf7wh20l-graalvm17-ce-22.3.0/lib/libnet.so
7f59f409f000-7f59f40a2000 rw-p 0001b000 00:1251 4611686019135192570      /nix/store/gpxl5qgg8kicmcvivwmybwjlpf7wh20l-graalvm17-ce-22.3.0/lib/libnet.so
7f59f40a2000-7f59f40b5000 r-xp 00000000 00:1251 4611686019135192571      /nix/store/gpxl5qgg8kicmcvivwmybwjlpf7wh20l-graalvm17-ce-22.3.0/lib/libnio.so
7f59f40b5000-7f59f40b6000 r--p 00012000 00:1251 4611686019135192571      /nix/store/gpxl5qgg8kicmcvivwmybwjlpf7wh20l-graalvm17-ce-22.3.0/lib/libnio.so
7f59f40b6000-7f59f40b7000 rw-p 00013000 00:1251 4611686019135192571      /nix/store/gpxl5qgg8kicmcvivwmybwjlpf7wh20l-graalvm17-ce-22.3.0/lib/libnio.so
7f59f40b7000-7f59f40bc000 rw-p 00019000 00:1251 4611686019135192571      /nix/store/gpxl5qgg8kicmcvivwmybwjlpf7wh20l-graalvm17-ce-22.3.0/lib/libnio.so
7f59f40bc000-7f59f438e000 rw-p 00000000 00:00 0 
7f59f438e000-7f59f438f000 ---p 00000000 00:00 0 
7f59f438f000-7f59f453a000 rw-p 00000000 00:00 0 
7f59f453a000-7f59f455e000 rw-p 00000000 00:00 0 
7f59f455e000-7f59f4590000 ---p 00000000 00:00 0 
7f59f4590000-7f59f4597000 rw-p 00000000 00:00 0 
7f59f4597000-7f59f467c000 ---p 00000000 00:00 0 
7f59f467c000-7f59f469c000 rw-p 00000000 00:00 0 
7f59f469c000-7f59f4767000 ---p 00000000 00:00 0 
7f59f4767000-7f59f476c000 rw-p 00000000 00:00 0 
7f59f476c000-7f59f4773000 ---p 00000000 00:00 0 
7f59f4773000-7f59f4797000 r-xp 00000000 00:1251 4611686019135190028      /nix/store/gpxl5qgg8kicmcvivwmybwjlpf7wh20l-graalvm17-ce-22.3.0/lib/libjava.so
7f59f4797000-7f59f4798000 ---p 00024000 00:1251 4611686019135190028      /nix/store/gpxl5qgg8kicmcvivwmybwjlpf7wh20l-graalvm17-ce-22.3.0/lib/libjava.so
7f59f4798000-7f59f4799000 r--p 00024000 00:1251 4611686019135190028      /nix/store/gpxl5qgg8kicmcvivwmybwjlpf7wh20l-graalvm17-ce-22.3.0/lib/libjava.so
7f59f4799000-7f59f479a000 rw-p 00025000 00:1251 4611686019135190028      /nix/store/gpxl5qgg8kicmcvivwmybwjlpf7wh20l-graalvm17-ce-22.3.0/lib/libjava.so
7f59f479a000-7f59f479b000 rw-p 00000000 00:00 0 
7f59f479b000-7f59f47a2000 rw-p 0002f000 00:1251 4611686019135190028      /nix/store/gpxl5qgg8kicmcvivwmybwjlpf7wh20l-graalvm17-ce-22.3.0/lib/libjava.so
7f59f47a2000-7f59f47aa000 rw-s 00000000 00:566 351                       /tmp/hsperfdata_runner/41
7f59f47aa000-7f59f47ab000 ---p 00000000 00:00 0 
7f59f47ab000-7f59f47ac000 r--p 00000000 00:00 0 
7f59f47ac000-7f59f47ad000 rwxp 00000000 00:00 0 
7f59f47ad000-7f59f47c8000 r-xp 00000000 00:1251 4611686019135190032      /nix/store/gpxl5qgg8kicmcvivwmybwjlpf7wh20l-graalvm17-ce-22.3.0/lib/libjimage.so
7f59f47c8000-7f59f47c9000 ---p 0001b000 00:1251 4611686019135190032      /nix/store/gpxl5qgg8kicmcvivwmybwjlpf7wh20l-graalvm17-ce-22.3.0/lib/libjimage.so
7f59f47c9000-7f59f47cb000 r--p 0001b000 00:1251 4611686019135190032      /nix/store/gpxl5qgg8kicmcvivwmybwjlpf7wh20l-graalvm17-ce-22.3.0/lib/libjimage.so
7f59f47cb000-7f59f47cc000 rw-p 0001d000 00:1251 4611686019135190032      /nix/store/gpxl5qgg8kicmcvivwmybwjlpf7wh20l-graalvm17-ce-22.3.0/lib/libjimage.so
7f59f47cc000-7f59f47cd000 rw-p 00024000 00:1251 4611686019135190032      /nix/store/gpxl5qgg8kicmcvivwmybwjlpf7wh20l-graalvm17-ce-22.3.0/lib/libjimage.so
7f59f47cd000-7f59f47d1000 ---p 00000000 00:00 0 
7f59f47d1000-7f59f48cd000 rw-p 00000000 00:00 0 
7f59f48cd000-7f59f48db000 r--p 00000000 00:1251 4611686019027979927      /nix/store/4nlgxhb09sdr51nc9hdm8az5b08vzkgx-glibc-2.35-163/lib/libm.so.6
7f59f48db000-7f59f494e000 r-xp 0000e000 00:1251 4611686019027979927      /nix/store/4nlgxhb09sdr51nc9hdm8az5b08vzkgx-glibc-2.35-163/lib/libm.so.6
7f59f494e000-7f59f49ab000 r--p 00081000 00:1251 4611686019027979927      /nix/store/4nlgxhb09sdr51nc9hdm8az5b08vzkgx-glibc-2.35-163/lib/libm.so.6
7f59f49ab000-7f59f49ac000 r--p 000dd000 00:1251 4611686019027979927      /nix/store/4nlgxhb09sdr51nc9hdm8az5b08vzkgx-glibc-2.35-163/lib/libm.so.6
7f59f49ac000-7f59f49ad000 rw-p 000de000 00:1251 4611686019027979927      /nix/store/4nlgxhb09sdr51nc9hdm8az5b08vzkgx-glibc-2.35-163/lib/libm.so.6
7f59f49ad000-7f59f49ae000 r--p 00000000 00:1251 4611686019027979946      /nix/store/4nlgxhb09sdr51nc9hdm8az5b08vzkgx-glibc-2.35-163/lib/librt.so.1
7f59f49ae000-7f59f49af000 r-xp 00001000 00:1251 4611686019027979946      /nix/store/4nlgxhb09sdr51nc9hdm8az5b08vzkgx-glibc-2.35-163/lib/librt.so.1
7f59f49af000-7f59f49b0000 r--p 00002000 00:1251 4611686019027979946      /nix/store/4nlgxhb09sdr51nc9hdm8az5b08vzkgx-glibc-2.35-163/lib/librt.so.1
7f59f49b0000-7f59f49b1000 r--p 00002000 00:1251 4611686019027979946      /nix/store/4nlgxhb09sdr51nc9hdm8az5b08vzkgx-glibc-2.35-163/lib/librt.so.1
7f59f49b1000-7f59f49b2000 rw-p 00003000 00:1251 4611686019027979946      /nix/store/4nlgxhb09sdr51nc9hdm8az5b08vzkgx-glibc-2.35-163/lib/librt.so.1
7f59f49b2000-7f59f5ac5000 r-xp 00000000 00:1251 4611686019135360866      /nix/store/gpxl5qgg8kicmcvivwmybwjlpf7wh20l-graalvm17-ce-22.3.0/lib/server/libjvm.so
7f59f5ac5000-7f59f5ac6000 ---p 01113000 00:1251 4611686019135360866      /nix/store/gpxl5qgg8kicmcvivwmybwjlpf7wh20l-graalvm17-ce-22.3.0/lib/server/libjvm.so
7f59f5ac6000-7f59f5b7b000 r--p 01113000 00:1251 4611686019135360866      /nix/store/gpxl5qgg8kicmcvivwmybwjlpf7wh20l-graalvm17-ce-22.3.0/lib/server/libjvm.so
7f59f5b7b000-7f59f5baf000 rw-p 011c8000 00:1251 4611686019135360866      /nix/store/gpxl5qgg8kicmcvivwmybwjlpf7wh20l-graalvm17-ce-22.3.0/lib/server/libjvm.so
7f59f5baf000-7f59f5c0b000 rw-p 00000000 00:00 0 
7f59f5c0b000-7f59f5c33000 r--p 00000000 00:1251 4611686019027979918      /nix/store/4nlgxhb09sdr51nc9hdm8az5b08vzkgx-glibc-2.35-163/lib/libc.so.6
7f59f5c33000-7f59f5da9000 r-xp 00028000 00:1251 4611686019027979918      /nix/store/4nlgxhb09sdr51nc9hdm8az5b08vzkgx-glibc-2.35-163/lib/libc.so.6
7f59f5da9000-7f59f5e01000 r--p 0019e000 00:1251 4611686019027979918      /nix/store/4nlgxhb09sdr51nc9hdm8az5b08vzkgx-glibc-2.35-163/lib/libc.so.6
7f59f5e01000-7f59f5e05000 r--p 001f6000 00:1251 4611686019027979918      /nix/store/4nlgxhb09sdr51nc9hdm8az5b08vzkgx-glibc-2.35-163/lib/libc.so.6
7f59f5e05000-7f59f5e07000 rw-p 001fa000 00:1251 4611686019027979918      /nix/store/4nlgxhb09sdr51nc9hdm8az5b08vzkgx-glibc-2.35-163/lib/libc.so.6
7f59f5e07000-7f59f5e16000 rw-p 00000000 00:00 0 
7f59f5e16000-7f59f5e17000 r--p 00000000 00:1251 4611686019027979923      /nix/store/4nlgxhb09sdr51nc9hdm8az5b08vzkgx-glibc-2.35-163/lib/libdl.so.2
7f59f5e17000-7f59f5e18000 r-xp 00001000 00:1251 4611686019027979923      /nix/store/4nlgxhb09sdr51nc9hdm8az5b08vzkgx-glibc-2.35-163/lib/libdl.so.2
7f59f5e18000-7f59f5e19000 r--p 00002000 00:1251 4611686019027979923      /nix/store/4nlgxhb09sdr51nc9hdm8az5b08vzkgx-glibc-2.35-163/lib/libdl.so.2
7f59f5e19000-7f59f5e1a000 r--p 00002000 00:1251 4611686019027979923      /nix/store/4nlgxhb09sdr51nc9hdm8az5b08vzkgx-glibc-2.35-163/lib/libdl.so.2
7f59f5e1a000-7f59f5e1b000 rw-p 00003000 00:1251 4611686019027979923      /nix/store/4nlgxhb09sdr51nc9hdm8az5b08vzkgx-glibc-2.35-163/lib/libdl.so.2
7f59f5e1b000-7f59f5e1c000 r--p 00000000 00:1251 4611686019027979942      /nix/store/4nlgxhb09sdr51nc9hdm8az5b08vzkgx-glibc-2.35-163/lib/libpthread.so.0
7f59f5e1c000-7f59f5e1d000 r-xp 00001000 00:1251 4611686019027979942      /nix/store/4nlgxhb09sdr51nc9hdm8az5b08vzkgx-glibc-2.35-163/lib/libpthread.so.0
7f59f5e1d000-7f59f5e1e000 r--p 00002000 00:1251 4611686019027979942      /nix/store/4nlgxhb09sdr51nc9hdm8az5b08vzkgx-glibc-2.35-163/lib/libpthread.so.0
7f59f5e1e000-7f59f5e1f000 r--p 00002000 00:1251 4611686019027979942      /nix/store/4nlgxhb09sdr51nc9hdm8az5b08vzkgx-glibc-2.35-163/lib/libpthread.so.0
7f59f5e1f000-7f59f5e20000 rw-p 00003000 00:1251 4611686019027979942      /nix/store/4nlgxhb09sdr51nc9hdm8az5b08vzkgx-glibc-2.35-163/lib/libpthread.so.0
7f59f5e20000-7f59f5e2e000 r-xp 00000000 00:1251 4611686019135190033      /nix/store/gpxl5qgg8kicmcvivwmybwjlpf7wh20l-graalvm17-ce-22.3.0/lib/libjli.so
7f59f5e2e000-7f59f5e2f000 ---p 0000e000 00:1251 4611686019135190033      /nix/store/gpxl5qgg8kicmcvivwmybwjlpf7wh20l-graalvm17-ce-22.3.0/lib/libjli.so
7f59f5e2f000-7f59f5e30000 r--p 0000e000 00:1251 4611686019135190033      /nix/store/gpxl5qgg8kicmcvivwmybwjlpf7wh20l-graalvm17-ce-22.3.0/lib/libjli.so
7f59f5e30000-7f59f5e31000 rw-p 0000f000 00:1251 4611686019135190033      /nix/store/gpxl5qgg8kicmcvivwmybwjlpf7wh20l-graalvm17-ce-22.3.0/lib/libjli.so
7f59f5e31000-7f59f5e32000 rw-p 00012000 00:1251 4611686019135190033      /nix/store/gpxl5qgg8kicmcvivwmybwjlpf7wh20l-graalvm17-ce-22.3.0/lib/libjli.so
7f59f5e32000-7f59f5e35000 r--p 00000000 00:1251 4611686019106210071      /nix/store/026hln0aq1hyshaxsdvhg0kmcm6yf45r-zlib-1.2.13/lib/libz.so.1.2.13
7f59f5e35000-7f59f5e47000 r-xp 00003000 00:1251 4611686019106210071      /nix/store/026hln0aq1hyshaxsdvhg0kmcm6yf45r-zlib-1.2.13/lib/libz.so.1.2.13
7f59f5e47000-7f59f5e4e000 r--p 00015000 00:1251 4611686019106210071      /nix/store/026hln0aq1hyshaxsdvhg0kmcm6yf45r-zlib-1.2.13/lib/libz.so.1.2.13
7f59f5e4e000-7f59f5e4f000 r--p 0001b000 00:1251 4611686019106210071      /nix/store/026hln0aq1hyshaxsdvhg0kmcm6yf45r-zlib-1.2.13/lib/libz.so.1.2.13
7f59f5e4f000-7f59f5e50000 rw-p 0001c000 00:1251 4611686019106210071      /nix/store/026hln0aq1hyshaxsdvhg0kmcm6yf45r-zlib-1.2.13/lib/libz.so.1.2.13
7f59f5e50000-7f59f5e52000 rw-p 00000000 00:00 0 
7f59f5e52000-7f59f5e54000 r--p 00000000 00:1251 4611686019027979912      /nix/store/4nlgxhb09sdr51nc9hdm8az5b08vzkgx-glibc-2.35-163/lib/ld-linux-x86-64.so.2
7f59f5e54000-7f59f5e7b000 r-xp 00002000 00:1251 4611686019027979912      /nix/store/4nlgxhb09sdr51nc9hdm8az5b08vzkgx-glibc-2.35-163/lib/ld-linux-x86-64.so.2
7f59f5e7b000-7f59f5e87000 r--p 00029000 00:1251 4611686019027979912      /nix/store/4nlgxhb09sdr51nc9hdm8az5b08vzkgx-glibc-2.35-163/lib/ld-linux-x86-64.so.2
7f59f5e87000-7f59f5e89000 r--p 00034000 00:1251 4611686019027979912      /nix/store/4nlgxhb09sdr51nc9hdm8az5b08vzkgx-glibc-2.35-163/lib/ld-linux-x86-64.so.2
7f59f5e89000-7f59f5e8b000 rw-p 00036000 00:1251 4611686019027979912      /nix/store/4nlgxhb09sdr51nc9hdm8az5b08vzkgx-glibc-2.35-163/lib/ld-linux-x86-64.so.2
7ffebf2b9000-7ffebf2de000 rw-p 00000000 00:00 0                          [stack]
7ffebf3fa000-7ffebf3fe000 r--p 00000000 00:00 0                          [vvar]
7ffebf3fe000-7ffebf400000 r-xp 00000000 00:00 0                          [vdso]
ffffffffff600000-ffffffffff601000 --xp 00000000 00:00 0                  [vsyscall]


VM Arguments:
jvm_args: -XX:ThreadPriorityPolicy=1 -XX:+UnlockExperimentalVMOptions -XX:+EnableJVMCIProduct -XX:JVMCIThreadsPerNativeLibraryRuntime=1 -XX:-UnlockExperimentalVMOptions -Declipse.application=org.eclipse.jdt.ls.core.id1 -Dosgi.bundles.defaultStartLevel=4 -Declipse.product=org.eclipse.jdt.ls.core.product -Dlog.level=ALL -Xverify:none -XX:+UseParallelGC -XX:GCTimeRatio=4 -XX:AdaptiveSizePolicyWeight=90 -Dsun.zip.disableMemoryMapping=true -Xmx512m -Xms100m 
java_command: /nix/store/m6gcpi1ii6rghy04cjwjddcavv7i90df-jdt-language-server-1.9.0/share/java/plugins/org.eclipse.equinox.launcher_1.6.400.v20210924-0641.jar --add-modules=ALL-SYSTEM --add-opens java.base/java.util=ALL-UNNAMED --add-opens java.base/java.lang=ALL-UNNAMED -configuration /home/runner/.cache/jdt-language-server/config -data /home/runner/.cache/jdt-language-server/data/home/runner/javaEstudando
java_class_path (initial): /nix/store/m6gcpi1ii6rghy04cjwjddcavv7i90df-jdt-language-server-1.9.0/share/java/plugins/org.eclipse.equinox.launcher_1.6.400.v20210924-0641.jar
Launcher Type: SUN_STANDARD

[Global flags]
    uintx AdaptiveSizePolicyWeight                 = 90                                        {product} {command line}
     intx CICompilerCount                          = 2                                         {product} {ergonomic}
     bool EnableJVMCIProduct                       = true                                {JVMCI product} {jimage}
    uintx GCTimeRatio                              = 4                                         {product} {command line}
   size_t InitialHeapSize                          = 104857600                                 {product} {command line}
     uint JVMCIThreadsPerNativeLibraryRuntime      = 1                                   {JVMCI product} {jimage}
   size_t MaxHeapSize                              = 536870912                                 {product} {command line}
   size_t MaxNewSize                               = 178782208                                 {product} {ergonomic}
   size_t MinHeapDeltaBytes                        = 524288                                    {product} {ergonomic}
   size_t MinHeapSize                              = 104857600                                 {product} {command line}
   size_t NewSize                                  = 34603008                                  {product} {ergonomic}
    uintx NonNMethodCodeHeapSize                   = 5826188                                {pd product} {ergonomic}
    uintx NonProfiledCodeHeapSize                  = 122916026                              {pd product} {ergonomic}
   size_t OldSize                                  = 70254592                                  {product} {ergonomic}
    uintx ProfiledCodeHeapSize                     = 122916026                              {pd product} {ergonomic}
    uintx ReservedCodeCacheSize                    = 251658240                              {pd product} {ergonomic}
     bool SegmentedCodeCache                       = true                                      {product} {ergonomic}
   size_t SoftMaxHeapSize                          = 536870912                              {manageable} {ergonomic}
     intx ThreadPriorityPolicy                     = 1                                         {product} {jimage}
     bool UseCompressedClassPointers               = true                           {product lp64_product} {ergonomic}
     bool UseCompressedOops                        = true                           {product lp64_product} {ergonomic}
     bool UseParallelGC                            = true                                      {product} {command line}

Logging:
Log output configuration:
 #0: stdout all=warning uptime,level,tags
 #1: stderr all=off uptime,level,tags

Environment Variables:
JAVA_HOME=/nix/store/gpxl5qgg8kicmcvivwmybwjlpf7wh20l-graalvm17-ce-22.3.0
PATH=/nix/store/1d6ian3r8kdzspw8hacjhl3xkp40g1lj-binutils-wrapper-2.39/bin:/nix/store/dq0xwmsk1g0i2ayg6pb7y87na2knzylh-gcc-wrapper-11.3.0/bin:/nix/store/bap4d0lpcrhpwmpb8ayjcgkmvfj62lnq-bash-interactive-5.1-p16/bin:/nix/store/pr5n59mb4jzmfx6kanwxly0l07p861fg-patchelf-0.15.0/bin:/nix/store/1gf2flfqnpqbr1b4p4qz2f72y42bs56r-gcc-11.3.0/bin:/nix/store/57xv61c5zi8pphjbcwxxjlgc34p61ic9-glibc-2.35-163-bin/bin:/nix/store/a7gvj343m05j2s32xcnwr35v31ynlypr-coreutils-9.1/bin:/nix/store/039g378vc3pc3dvi9dzdlrd0i4q93qwf-binutils-2.39/bin:/nix/store/gpxl5qgg8kicmcvivwmybwjlpf7wh20l-graalvm17-ce-22.3.0/bin:/nix/store/6z9ag3ihc8mq2hzsw48lhbznvzny65nz-apache-maven-3.8.6/bin:/nix/store/m6gcpi1ii6rghy04cjwjddcavv7i90df-jdt-language-server-1.9.0/bin:/nix/store/84xs5alhs01zrbr4ywm05kxbjbp5590l-java-debug/bin:/nix/store/mydc6f4k2z73xlcz7ilif3v2lcaiqvza-findutils-4.9.0/bin:/nix/store/j9p3g8472iijd50vhdprx0nmk2fqn5gv-diffutils-3.8/bin:/nix/store/89zs7rms6x00xfq4dq6m7mjnhkr8a6r4-gnused-4.8/bin:/nix/store/86bp03jkmsl6f92w0yzg4s59g5mhxwmy-gnugrep-3.7/bin:/nix/store/hwcdqw4jrjnd37wxqgsd47hd0j8bnj09-gawk-5.1.1/bin:/nix/store/cfbhw8r8ags41vwqaz47r583d0p4h4a1-gnutar-1.34/bin:/nix/store/p3m1ndl1lapwrlh698bnb5lvvxh67378-gzip-1.12/bin:/nix/store/a8mhcagrsly7c7mpjrpsnaahk4aax056-bzip2-1.0.8-bin/bin:/nix/store/mblgz65m3zv9x548a3d5m96fj2pbwr09-gnumake-4.3/bin:/nix/store/dsd5gz46hdbdk2rfdimqddhq6m8m8fqs-bash-5.1-p16/bin:/nix/store/v7ljksji50mg3w61dykaa3n3y79n6nil-patch-2.7.6/bin:/nix/store/zlcnmqq14jz5x9439jf937mvayyl63da-xz-5.2.7-bin/bin:/nix/store/y6aj732zm9m87c82fpvf103a1xb22blp-file-5.43/bin:/nix/store/i4kzir3m7mrisxmf5xvlnkw01x4qaqr4-prybar-elisp-0.0.0-e0d9a52/bin:/nix/store/lwwivxf6h7x3cvxp9zv8sj0mv7dak99r-prybar-lua-0.0.0-e0d9a52/bin:/nix/store/gxj28g1cg4hq3qanmjv07156h800qr58-prybar-python3-0.0.0-e0d9a52/bin:/nix/store/hshkjnxrgidigf8x75vg6lqng2xlx9i3-prybar-sqlite-0.0.0-e0d9a52/bin:/nix/store/c4w01bpjgyy5ixmwdk8m1pw87zq4sl26-prybar-tcl-0.0.0-e0d9a52/bin:/nix/store/hpbvrlwd5viqmvcaisb3x0118i913a9n-st
LD_LIBRARY_PATH=/nix/store/a4pff549sk2idnkpzk5nsfps3mdkdnvm-cups-2.4.2-lib/lib:/nix/store/72mqxxhh3cy5yifh92wh2yb8cl2hikyy-cairo-1.16.0/lib:/nix/store/2k366jrbsra97gjfxwvrhvixjfxdach5-glib-2.74.1/lib:/nix/store/2j2znigd8ak37rlwh9khz0ry3clqlw1l-gtk+3-3.24.34/lib:/nix/store/hisqvx32cd57apbpcsnkpx6k3549wql1-libglvnd-1.4.0/lib:/nix/store/p36pgcv991mq5srvg765b78yqpxvk3qs-mesa-21.3.3-drivers/lib:/nix/store/mav4251if1ahjq5vkpwycyyvnmy459c4-pulseaudio-14.2/lib
DISPLAY=:0
LANG=en_US.UTF-8

Signal Handlers:
   SIGSEGV: crash_handler in libjvm.so, mask=11100100010111111101111111111110, flags=SA_RESTART|SA_SIGINFO
    SIGBUS: crash_handler in libjvm.so, mask=11100100010111111101111111111110, flags=SA_RESTART|SA_SIGINFO
    SIGFPE: crash_handler in libjvm.so, mask=11100100010111111101111111111110, flags=SA_RESTART|SA_SIGINFO
   SIGPIPE: IsolateEnterStub_IgnoreSIGPIPEStartupHook_noopSignalHandler_8f19bff2f35b5f630d83b364d6b2339320d4ec70_216e8361c6bc87a8f89f58cc10d3b2fd4415bf87 in libjvmcicompiler.so, mask=00000000000000000000000000000000, flags=SA_RESTART
  *** Handler was modified!
  *** Expected: javaSignalHandler in libjvm.so, mask=11100100110111111111111111111110, flags=SA_RESTART|SA_SIGINFO
   SIGXFSZ: javaSignalHandler in libjvm.so, mask=11100100010111111101111111111110, flags=SA_RESTART|SA_SIGINFO
    SIGILL: crash_handler in libjvm.so, mask=11100100010111111101111111111110, flags=SA_RESTART|SA_SIGINFO
   SIGUSR2: SR_handler in libjvm.so, mask=00000000000000000000000000000000, flags=SA_RESTART|SA_SIGINFO
    SIGHUP: UserHandler in libjvm.so, mask=11100100010111111101111111111110, flags=SA_RESTART|SA_SIGINFO
    SIGINT: UserHandler in libjvm.so, mask=11100100010111111101111111111110, flags=SA_RESTART|SA_SIGINFO
   SIGTERM: UserHandler in libjvm.so, mask=11100100010111111101111111111110, flags=SA_RESTART|SA_SIGINFO
   SIGQUIT: UserHandler in libjvm.so, mask=11100100010111111101111111111110, flags=SA_RESTART|SA_SIGINFO
  *** Handler was modified!
  *** Expected: javaSignalHandler in libjvm.so, mask=11100100110111111111111111111110, flags=SA_RESTART|SA_SIGINFO
   SIGTRAP: crash_handler in libjvm.so, mask=11100100010111111101111111111110, flags=SA_RESTART|SA_SIGINFO


---------------  S Y S T E M  ---------------

OS:
DISTRIB_ID=Ubuntu
DISTRIB_RELEASE=20.04
DISTRIB_CODENAME=focal
DISTRIB_DESCRIPTION="Ubuntu 20.04.2 LTS"
uname: Linux 5.19.0-1022-gcp #24~22.04.1-Ubuntu SMP Sun Apr 23 09:51:08 UTC 2023 x86_64
OS uptime: 0 days 13:05 hours
libc: glibc 2.35 NPTL 2.35 
rlimit (soft/hard): STACK 8192k/infinity , CORE infinity/infinity , NPROC infinity/infinity , NOFILE 5242/5242 , AS infinity/infinity , CPU infinity/infinity , DATA infinity/infinity , FSIZE infinity/infinity , MEMLOCK 8192k/8192k
load average: 8.88 10.62 11.72

/proc/meminfo:
MemTotal:       65852256 kB
MemFree:         6999076 kB
MemAvailable:   37788624 kB
Buffers:         3195124 kB
Cached:         25728160 kB
SwapCached:            0 kB
Active:         13210028 kB
Inactive:       40944252 kB
Active(anon):      17196 kB
Inactive(anon): 24902240 kB
Active(file):   13192832 kB
Inactive(file): 16042012 kB
Unevictable:       55576 kB
Mlocked:           55576 kB
SwapTotal:             0 kB
SwapFree:              0 kB
Zswap:                 0 kB
Zswapped:              0 kB
Dirty:              3588 kB
Writeback:             0 kB
AnonPages:      23946828 kB
Mapped:          2149480 kB
Shmem:             30248 kB
KReclaimable:    2281304 kB
Slab:            3510900 kB
SReclaimable:    2281304 kB
SUnreclaim:      1229596 kB
KernelStack:      460176 kB
PageTables:       223172 kB
NFS_Unstable:          0 kB
Bounce:                0 kB
WritebackTmp:          0 kB
CommitLimit:    32926128 kB
Committed_AS:   80892928 kB
VmallocTotal:   34359738367 kB
VmallocUsed:      506284 kB
VmallocChunk:          0 kB
Percpu:            61952 kB
HardwareCorrupted:     0 kB
AnonHugePages:   6555648 kB
ShmemHugePages:        0 kB
ShmemPmdMapped:        0 kB
FileHugePages:         0 kB
FilePmdMapped:         0 kB
HugePages_Total:       0
HugePages_Free:        0
HugePages_Rsvd:        0
HugePages_Surp:        0
Hugepagesize:       2048 kB
Hugetlb:               0 kB
DirectMap4k:     6396728 kB
DirectMap2M:    57563136 kB
DirectMap1G:     5242880 kB

/sys/kernel/mm/transparent_hugepage/enabled: always [madvise] never
/sys/kernel/mm/transparent_hugepage/defrag (defrag/compaction efforts parameter): always defer defer+madvise [madvise] never

Process Memory:
Virtual Size: 4854876K (peak: 4941632K)
Resident Set Size: 764624K (peak: 798612K) (anon: 569708K, file: 194916K, shmem: 0K)
Swapped out: 0K
C-Heap outstanding allocations: 43815K, retained: 14496K
glibc malloc tunables: (default)

/proc/sys/kernel/threads-max (system-wide limit on the number of threads): 514406
/proc/sys/vm/max_map_count (maximum number of memory map areas a process may have): 65530
/proc/sys/kernel/pid_max (system-wide limit on number of process identifiers): 4194304

container (cgroup) information:
container_type: cgroupv1
cpu_cpuset_cpus: 2-7
cpu_memory_nodes: 0
active_processor_count: 1
cpu_quota: 50000
cpu_period: 100000
cpu_shares: 512
memory_limit_in_bytes: 1048576 k
memory_and_swap_limit_in_bytes: 1048576 k
memory_soft_limit_in_bytes: 524288 k
memory_usage_in_bytes: 616032 k
memory_max_usage_in_bytes: 639600 k
maximum number of tasks: 1000
current number of tasks: 51

KVM virtualization detected
Steal ticks since vm start: 0
Steal ticks percentage since vm start:  0.000

CPU: total 8 (initial active 1) (8 cores per cpu, 2 threads per core) family 23 model 49 stepping 0 microcode 0xffffffff, cx8, cmov, fxsr, ht, mmx, 3dnowpref, sse, sse2, sse3, ssse3, sse4a, sse4.1, sse4.2, popcnt, lzcnt, tsc, tscinvbit, avx, avx2, aes, clmul, bmi1, bmi2, adx, sha, fma, vzeroupper, clflush, clflushopt, hv
CPU Model and flags from /proc/cpuinfo:
model name	: AMD EPYC 7B12
flags		: fpu vme de pse tsc msr pae mce cx8 apic sep mtrr pge mca cmov pat pse36 clflush mmx fxsr sse sse2 ht syscall nx mmxext fxsr_opt pdpe1gb rdtscp lm constant_tsc rep_good nopl nonstop_tsc cpuid extd_apicid tsc_known_freq pni pclmulqdq ssse3 fma cx16 sse4_1 sse4_2 movbe popcnt aes xsave avx f16c rdrand hypervisor lahf_lm cmp_legacy cr8_legacy abm sse4a misalignsse 3dnowprefetch osvw topoext ssbd ibrs ibpb stibp vmmcall fsgsbase tsc_adjust bmi1 avx2 smep bmi2 rdseed adx smap clflushopt clwb sha_ni xsaveopt xsavec xgetbv1 clzero xsaveerptr arat npt nrip_save umip rdpid

Online cpus: 0-7
Offline cpus: 
BIOS frequency limitation: <Not Available>
Frequency switch latency (ns): <Not Available>
Available cpu frequencies: <Not Available>
Current governor: <Not Available>
Core performance/turbo boost: <Not Available>

Memory: 4k page, physical 1048576k(432536k free), swap 0k(0k free)
Page Sizes: 4k

vm_info: OpenJDK 64-Bit Server VM (17.0.5+8-jvmci-22.3-b08) for linux-amd64 JRE (17.0.5+8-jvmci-22.3-b08), built on Oct 19 2022 09:01:27 by "buildslave" with gcc 10.3.0

END.
